[0.039s] Invoking command in '/home/gyattbot/FinalYearProject/build/diffdrive_arduino': CMAKE_PREFIX_PATH=${CMAKE_PREFIX_PATH}:/opt/ros/jazzy DEBUGINFOD_URLS=https://debuginfod.ubuntu.com /usr/bin/cmake --build /home/gyattbot/FinalYearProject/build/diffdrive_arduino -- -j4 -l4
[0.104s] -- Found ament_cmake: 2.5.3 (/opt/ros/jazzy/share/ament_cmake/cmake)
[0.592s] -- Override CMake install command with custom implementation using symlinks instead of copying resources
[0.610s] -- Found hardware_interface: 4.24.0 (/opt/ros/jazzy/share/hardware_interface/cmake)
[0.659s] -- Found rosidl_generator_c: 4.6.5 (/opt/ros/jazzy/share/rosidl_generator_c/cmake)
[0.677s] -- Found rosidl_generator_cpp: 4.6.5 (/opt/ros/jazzy/share/rosidl_generator_cpp/cmake)
[0.695s] -- Using all available rosidl_typesupport_c: rosidl_typesupport_fastrtps_c;rosidl_typesupport_introspection_c
[0.728s] -- Using all available rosidl_typesupport_cpp: rosidl_typesupport_fastrtps_cpp;rosidl_typesupport_introspection_cpp
[1.068s] -- Found TinyXML2 via Config file: /usr/lib/aarch64-linux-gnu/cmake/tinyxml2
[1.148s] -- Found rmw_implementation_cmake: 7.3.1 (/opt/ros/jazzy/share/rmw_implementation_cmake/cmake)
[1.158s] -- Found rmw_fastrtps_cpp: 8.4.1 (/opt/ros/jazzy/share/rmw_fastrtps_cpp/cmake)
[1.191s] -- Found TinyXML2 via Config file: /usr/lib/aarch64-linux-gnu/cmake/tinyxml2
[1.212s] -- Found TinyXML2 via Config file: /usr/lib/aarch64-linux-gnu/cmake/tinyxml2
[1.249s] -- Found TinyXML2 via Config file: /usr/lib/aarch64-linux-gnu/cmake/tinyxml2
[1.271s] -- Found TinyXML2 via Config file: /usr/lib/aarch64-linux-gnu/cmake/tinyxml2
[1.296s] -- Using RMW implementation 'rmw_fastrtps_cpp' as default
[1.554s] -- Found ament_cmake_gtest: 2.5.3 (/opt/ros/jazzy/share/ament_cmake_gtest/cmake)
[1.856s] -- Configuring done (1.8s)
[1.902s] -- Generating done (0.0s)
[1.924s] -- Build files have been written to: /home/gyattbot/FinalYearProject/build/diffdrive_arduino
[2.064s] [ 50%] [32mBuilding CXX object CMakeFiles/diffdrive_arduino.dir/hardware/diffbot_system.cpp.o[0m
[10.728s] [100%] [32m[1mLinking CXX shared library libdiffdrive_arduino.so[0m
[11.160s] [100%] Built target diffdrive_arduino
[11.189s] Invoked command in '/home/gyattbot/FinalYearProject/build/diffdrive_arduino' returned '0': CMAKE_PREFIX_PATH=${CMAKE_PREFIX_PATH}:/opt/ros/jazzy DEBUGINFOD_URLS=https://debuginfod.ubuntu.com /usr/bin/cmake --build /home/gyattbot/FinalYearProject/build/diffdrive_arduino -- -j4 -l4
[11.191s] Invoking command in '/home/gyattbot/FinalYearProject/build/diffdrive_arduino': CMAKE_PREFIX_PATH=${CMAKE_PREFIX_PATH}:/opt/ros/jazzy DEBUGINFOD_URLS=https://debuginfod.ubuntu.com /usr/bin/cmake --install /home/gyattbot/FinalYearProject/build/diffdrive_arduino
[11.209s] -- Install configuration: ""
[11.209s] -- Execute custom install script
[11.210s] -- Up-to-date symlink: /home/gyattbot/FinalYearProject/install/diffdrive_arduino/share/diffdrive_arduino//diffdrive_arduino.xml
[11.210s] -- Up-to-date symlink: /home/gyattbot/FinalYearProject/install/diffdrive_arduino/include/diffdrive_arduino/diffdrive_arduino/arduino_comms.hpp
[11.210s] -- Up-to-date symlink: /home/gyattbot/FinalYearProject/install/diffdrive_arduino/include/diffdrive_arduino/diffdrive_arduino/diffbot_system.hpp
[11.210s] -- Up-to-date symlink: /home/gyattbot/FinalYearProject/install/diffdrive_arduino/include/diffdrive_arduino/diffdrive_arduino/visibility_control.h
[11.211s] -- Up-to-date symlink: /home/gyattbot/FinalYearProject/install/diffdrive_arduino/include/diffdrive_arduino/diffdrive_arduino/wheel.hpp
[11.211s] -- Up-to-date symlink: /home/gyattbot/FinalYearProject/install/diffdrive_arduino/share/diffdrive_arduino/launch/view_robot.launch.py
[11.211s] -- Up-to-date symlink: /home/gyattbot/FinalYearProject/install/diffdrive_arduino/share/diffdrive_arduino/ros2_control/diffbot.ros2_control.xacro
[11.212s] -- Up-to-date symlink: /home/gyattbot/FinalYearProject/install/diffdrive_arduino/share/diffdrive_arduino/urdf/diffbot.materials.xacro
[11.212s] -- Up-to-date symlink: /home/gyattbot/FinalYearProject/install/diffdrive_arduino/share/diffdrive_arduino/urdf/diffbot.urdf.xacro
[11.212s] -- Up-to-date symlink: /home/gyattbot/FinalYearProject/install/diffdrive_arduino/share/diffdrive_arduino/urdf/diffbot_description.urdf.xacro
[11.212s] -- Up-to-date symlink: /home/gyattbot/FinalYearProject/install/diffdrive_arduino/share/diffdrive_arduino/rviz/diffbot.rviz
[11.212s] -- Up-to-date symlink: /home/gyattbot/FinalYearProject/install/diffdrive_arduino/share/diffdrive_arduino/rviz/diffbot_view.rviz
[11.213s] -- Up-to-date symlink: /home/gyattbot/FinalYearProject/install/diffdrive_arduino/share/diffdrive_arduino/launch/diffbot.launch.py
[11.213s] -- Up-to-date symlink: /home/gyattbot/FinalYearProject/install/diffdrive_arduino/share/diffdrive_arduino/config/diffbot_controllers.yaml
[11.213s] -- Up-to-date symlink: /home/gyattbot/FinalYearProject/install/diffdrive_arduino/share/diffdrive_arduino/environment/library_path.sh
[11.213s] -- Up-to-date symlink: /home/gyattbot/FinalYearProject/install/diffdrive_arduino/share/diffdrive_arduino/environment/library_path.dsv
[11.214s] -- Up-to-date symlink: /home/gyattbot/FinalYearProject/install/diffdrive_arduino/share/ament_index/resource_index/package_run_dependencies/diffdrive_arduino
[11.214s] -- Up-to-date symlink: /home/gyattbot/FinalYearProject/install/diffdrive_arduino/share/ament_index/resource_index/parent_prefix_path/diffdrive_arduino
[11.214s] -- Up-to-date symlink: /home/gyattbot/FinalYearProject/install/diffdrive_arduino/share/diffdrive_arduino/environment/ament_prefix_path.sh
[11.214s] -- Up-to-date symlink: /home/gyattbot/FinalYearProject/install/diffdrive_arduino/share/diffdrive_arduino/environment/ament_prefix_path.dsv
[11.214s] -- Up-to-date symlink: /home/gyattbot/FinalYearProject/install/diffdrive_arduino/share/diffdrive_arduino/environment/path.sh
[11.215s] -- Up-to-date symlink: /home/gyattbot/FinalYearProject/install/diffdrive_arduino/share/diffdrive_arduino/environment/path.dsv
[11.215s] -- Up-to-date symlink: /home/gyattbot/FinalYearProject/install/diffdrive_arduino/share/diffdrive_arduino/local_setup.bash
[11.215s] -- Up-to-date symlink: /home/gyattbot/FinalYearProject/install/diffdrive_arduino/share/diffdrive_arduino/local_setup.sh
[11.215s] -- Up-to-date symlink: /home/gyattbot/FinalYearProject/install/diffdrive_arduino/share/diffdrive_arduino/local_setup.zsh
[11.215s] -- Up-to-date symlink: /home/gyattbot/FinalYearProject/install/diffdrive_arduino/share/diffdrive_arduino/local_setup.dsv
[11.215s] -- Symlinking: /home/gyattbot/FinalYearProject/install/diffdrive_arduino/share/diffdrive_arduino/package.dsv
[11.234s] -- Up-to-date symlink: /home/gyattbot/FinalYearProject/install/diffdrive_arduino/share/ament_index/resource_index/packages/diffdrive_arduino
[11.234s] -- Up-to-date symlink: /home/gyattbot/FinalYearProject/install/diffdrive_arduino/share/ament_index/resource_index/hardware_interface__pluginlib__plugin/diffdrive_arduino
[11.235s] -- Up-to-date symlink: /home/gyattbot/FinalYearProject/install/diffdrive_arduino/share/diffdrive_arduino/cmake/ament_cmake_export_targets-extras.cmake
[11.235s] -- Up-to-date symlink: /home/gyattbot/FinalYearProject/install/diffdrive_arduino/share/diffdrive_arduino/cmake/ament_cmake_export_dependencies-extras.cmake
[11.235s] -- Up-to-date symlink: /home/gyattbot/FinalYearProject/install/diffdrive_arduino/share/diffdrive_arduino/cmake/diffdrive_arduinoConfig.cmake
[11.235s] -- Up-to-date symlink: /home/gyattbot/FinalYearProject/install/diffdrive_arduino/share/diffdrive_arduino/cmake/diffdrive_arduinoConfig-version.cmake
[11.235s] -- Up-to-date symlink: /home/gyattbot/FinalYearProject/install/diffdrive_arduino/share/diffdrive_arduino/package.xml
[11.236s] -- Installing: /home/gyattbot/FinalYearProject/install/diffdrive_arduino/lib/libdiffdrive_arduino.so
[11.239s] -- Set non-toolchain portion of runtime path of "/home/gyattbot/FinalYearProject/install/diffdrive_arduino/lib/libdiffdrive_arduino.so" to ""
[11.239s] -- Up-to-date: /home/gyattbot/FinalYearProject/install/diffdrive_arduino/share/diffdrive_arduino/cmake/export_diffdrive_arduinoExport.cmake
[11.239s] -- Up-to-date: /home/gyattbot/FinalYearProject/install/diffdrive_arduino/share/diffdrive_arduino/cmake/export_diffdrive_arduinoExport-noconfig.cmake
[11.243s] Invoked command in '/home/gyattbot/FinalYearProject/build/diffdrive_arduino' returned '0': CMAKE_PREFIX_PATH=${CMAKE_PREFIX_PATH}:/opt/ros/jazzy DEBUGINFOD_URLS=https://debuginfod.ubuntu.com /usr/bin/cmake --install /home/gyattbot/FinalYearProject/build/diffdrive_arduino
