[0.146s] DEBUG:colcon:Command line arguments: ['/usr/bin/colcon', 'build', '--symlink-install']
[0.146s] DEBUG:colcon:Parsed command line arguments: Namespace(log_base=None, log_level=None, verb_name='build', build_base='build', install_base='install', merge_install=False, symlink_install=True, test_result_base=None, continue_on_error=False, executor='parallel', parallel_workers=4, event_handlers=None, ignore_user_meta=False, metas=['./colcon.meta'], base_paths=['.'], packages_ignore=None, packages_ignore_regex=None, paths=None, packages_up_to=None, packages_up_to_regex=None, packages_above=None, packages_above_and_dependencies=None, packages_above_depth=None, packages_select_by_dep=None, packages_skip_by_dep=None, packages_skip_up_to=None, packages_select_build_failed=False, packages_skip_build_finished=False, packages_select_test_failures=False, packages_skip_test_passed=False, packages_select=None, packages_skip=None, packages_select_regex=None, packages_skip_regex=None, packages_start=None, packages_end=None, allow_overriding=[], cmake_args=None, cmake_target=None, cmake_target_skip_unavailable=False, cmake_clean_cache=False, cmake_clean_first=False, cmake_force_configure=False, ament_cmake_args=None, catkin_cmake_args=None, catkin_skip_building_tests=False, mixin_files=None, mixin=None, verb_parser=<colcon_mixin.mixin.mixin_argument.MixinArgumentDecorator object at 0xffffa5eb3f80>, verb_extension=<colcon_core.verb.build.BuildVerb object at 0xffffa5eb3a10>, main=<bound method BuildVerb.main of <colcon_core.verb.build.BuildVerb object at 0xffffa5eb3a10>>, mixin_verb=('build',))
[0.201s] Level 1:colcon.colcon_core.package_discovery:discover_packages(colcon_meta) check parameters
[0.201s] Level 1:colcon.colcon_core.package_discovery:discover_packages(recursive) check parameters
[0.201s] Level 1:colcon.colcon_core.package_discovery:discover_packages(ignore) check parameters
[0.201s] Level 1:colcon.colcon_core.package_discovery:discover_packages(path) check parameters
[0.201s] Level 1:colcon.colcon_core.package_discovery:discover_packages(colcon_meta) discover
[0.201s] Level 1:colcon.colcon_core.package_discovery:discover_packages(recursive) discover
[0.202s] INFO:colcon.colcon_core.package_discovery:Crawling recursively for packages in '/home/gyattbot/FinalYearProject'
[0.202s] Level 1:colcon.colcon_core.package_identification:_identify(.) by extensions ['ignore', 'ignore_ament_install']
[0.202s] Level 1:colcon.colcon_core.package_identification:_identify(.) by extension 'ignore'
[0.202s] Level 1:colcon.colcon_core.package_identification:_identify(.) by extension 'ignore_ament_install'
[0.202s] Level 1:colcon.colcon_core.package_identification:_identify(.) by extensions ['colcon_pkg']
[0.202s] Level 1:colcon.colcon_core.package_identification:_identify(.) by extension 'colcon_pkg'
[0.202s] Level 1:colcon.colcon_core.package_identification:_identify(.) by extensions ['colcon_meta']
[0.202s] Level 1:colcon.colcon_core.package_identification:_identify(.) by extension 'colcon_meta'
[0.202s] Level 1:colcon.colcon_core.package_identification:_identify(.) by extensions ['ros']
[0.202s] Level 1:colcon.colcon_core.package_identification:_identify(.) by extension 'ros'
[0.239s] Level 1:colcon.colcon_core.package_identification:_identify(.) by extensions ['cmake', 'python']
[0.240s] Level 1:colcon.colcon_core.package_identification:_identify(.) by extension 'cmake'
[0.240s] Level 1:colcon.colcon_core.package_identification:_identify(.) by extension 'python'
[0.240s] Level 1:colcon.colcon_core.package_identification:_identify(.) by extensions ['python_setup_py']
[0.240s] Level 1:colcon.colcon_core.package_identification:_identify(.) by extension 'python_setup_py'
[0.240s] Level 1:colcon.colcon_core.package_identification:_identify(build) by extensions ['ignore', 'ignore_ament_install']
[0.240s] Level 1:colcon.colcon_core.package_identification:_identify(build) by extension 'ignore'
[0.240s] Level 1:colcon.colcon_core.package_identification:_identify(build) ignored
[0.240s] Level 1:colcon.colcon_core.package_identification:_identify(install) by extensions ['ignore', 'ignore_ament_install']
[0.240s] Level 1:colcon.colcon_core.package_identification:_identify(install) by extension 'ignore'
[0.240s] Level 1:colcon.colcon_core.package_identification:_identify(install) ignored
[0.240s] Level 1:colcon.colcon_core.package_identification:_identify(log) by extensions ['ignore', 'ignore_ament_install']
[0.241s] Level 1:colcon.colcon_core.package_identification:_identify(log) by extension 'ignore'
[0.241s] Level 1:colcon.colcon_core.package_identification:_identify(log) ignored
[0.241s] Level 1:colcon.colcon_core.package_identification:_identify(media) by extensions ['ignore', 'ignore_ament_install']
[0.241s] Level 1:colcon.colcon_core.package_identification:_identify(media) by extension 'ignore'
[0.241s] Level 1:colcon.colcon_core.package_identification:_identify(media) by extension 'ignore_ament_install'
[0.241s] Level 1:colcon.colcon_core.package_identification:_identify(media) by extensions ['colcon_pkg']
[0.241s] Level 1:colcon.colcon_core.package_identification:_identify(media) by extension 'colcon_pkg'
[0.241s] Level 1:colcon.colcon_core.package_identification:_identify(media) by extensions ['colcon_meta']
[0.241s] Level 1:colcon.colcon_core.package_identification:_identify(media) by extension 'colcon_meta'
[0.241s] Level 1:colcon.colcon_core.package_identification:_identify(media) by extensions ['ros']
[0.241s] Level 1:colcon.colcon_core.package_identification:_identify(media) by extension 'ros'
[0.241s] Level 1:colcon.colcon_core.package_identification:_identify(media) by extensions ['cmake', 'python']
[0.241s] Level 1:colcon.colcon_core.package_identification:_identify(media) by extension 'cmake'
[0.241s] Level 1:colcon.colcon_core.package_identification:_identify(media) by extension 'python'
[0.241s] Level 1:colcon.colcon_core.package_identification:_identify(media) by extensions ['python_setup_py']
[0.241s] Level 1:colcon.colcon_core.package_identification:_identify(media) by extension 'python_setup_py'
[0.241s] Level 1:colcon.colcon_core.package_identification:_identify(src) by extensions ['ignore', 'ignore_ament_install']
[0.241s] Level 1:colcon.colcon_core.package_identification:_identify(src) by extension 'ignore'
[0.242s] Level 1:colcon.colcon_core.package_identification:_identify(src) by extension 'ignore_ament_install'
[0.242s] Level 1:colcon.colcon_core.package_identification:_identify(src) by extensions ['colcon_pkg']
[0.242s] Level 1:colcon.colcon_core.package_identification:_identify(src) by extension 'colcon_pkg'
[0.242s] Level 1:colcon.colcon_core.package_identification:_identify(src) by extensions ['colcon_meta']
[0.242s] Level 1:colcon.colcon_core.package_identification:_identify(src) by extension 'colcon_meta'
[0.242s] Level 1:colcon.colcon_core.package_identification:_identify(src) by extensions ['ros']
[0.242s] Level 1:colcon.colcon_core.package_identification:_identify(src) by extension 'ros'
[0.242s] Level 1:colcon.colcon_core.package_identification:_identify(src) by extensions ['cmake', 'python']
[0.242s] Level 1:colcon.colcon_core.package_identification:_identify(src) by extension 'cmake'
[0.242s] Level 1:colcon.colcon_core.package_identification:_identify(src) by extension 'python'
[0.242s] Level 1:colcon.colcon_core.package_identification:_identify(src) by extensions ['python_setup_py']
[0.242s] Level 1:colcon.colcon_core.package_identification:_identify(src) by extension 'python_setup_py'
[0.242s] Level 1:colcon.colcon_core.package_identification:_identify(src/a_star) by extensions ['ignore', 'ignore_ament_install']
[0.242s] Level 1:colcon.colcon_core.package_identification:_identify(src/a_star) by extension 'ignore'
[0.242s] Level 1:colcon.colcon_core.package_identification:_identify(src/a_star) ignored
[0.242s] Level 1:colcon.colcon_core.package_identification:_identify(src/diffdrive_arduino) by extensions ['ignore', 'ignore_ament_install']
[0.242s] Level 1:colcon.colcon_core.package_identification:_identify(src/diffdrive_arduino) by extension 'ignore'
[0.242s] Level 1:colcon.colcon_core.package_identification:_identify(src/diffdrive_arduino) by extension 'ignore_ament_install'
[0.242s] Level 1:colcon.colcon_core.package_identification:_identify(src/diffdrive_arduino) by extensions ['colcon_pkg']
[0.243s] Level 1:colcon.colcon_core.package_identification:_identify(src/diffdrive_arduino) by extension 'colcon_pkg'
[0.243s] Level 1:colcon.colcon_core.package_identification:_identify(src/diffdrive_arduino) by extensions ['colcon_meta']
[0.243s] Level 1:colcon.colcon_core.package_identification:_identify(src/diffdrive_arduino) by extension 'colcon_meta'
[0.243s] Level 1:colcon.colcon_core.package_identification:_identify(src/diffdrive_arduino) by extensions ['ros']
[0.243s] Level 1:colcon.colcon_core.package_identification:_identify(src/diffdrive_arduino) by extension 'ros'
[0.246s] DEBUG:colcon.colcon_core.package_identification:Package 'src/diffdrive_arduino' with type 'ros.ament_cmake' and name 'diffdrive_arduino'
[0.246s] Level 1:colcon.colcon_core.package_identification:_identify(src/facial_recognition) by extensions ['ignore', 'ignore_ament_install']
[0.247s] Level 1:colcon.colcon_core.package_identification:_identify(src/facial_recognition) by extension 'ignore'
[0.247s] Level 1:colcon.colcon_core.package_identification:_identify(src/facial_recognition) by extension 'ignore_ament_install'
[0.247s] Level 1:colcon.colcon_core.package_identification:_identify(src/facial_recognition) by extensions ['colcon_pkg']
[0.247s] Level 1:colcon.colcon_core.package_identification:_identify(src/facial_recognition) by extension 'colcon_pkg'
[0.247s] Level 1:colcon.colcon_core.package_identification:_identify(src/facial_recognition) by extensions ['colcon_meta']
[0.247s] Level 1:colcon.colcon_core.package_identification:_identify(src/facial_recognition) by extension 'colcon_meta'
[0.247s] Level 1:colcon.colcon_core.package_identification:_identify(src/facial_recognition) by extensions ['ros']
[0.247s] Level 1:colcon.colcon_core.package_identification:_identify(src/facial_recognition) by extension 'ros'
[0.247s] Level 1:colcon.colcon_core.package_identification:_identify(src/facial_recognition) by extensions ['cmake', 'python']
[0.247s] Level 1:colcon.colcon_core.package_identification:_identify(src/facial_recognition) by extension 'cmake'
[0.247s] Level 1:colcon.colcon_core.package_identification:_identify(src/facial_recognition) by extension 'python'
[0.247s] Level 1:colcon.colcon_core.package_identification:_identify(src/facial_recognition) by extensions ['python_setup_py']
[0.247s] Level 1:colcon.colcon_core.package_identification:_identify(src/facial_recognition) by extension 'python_setup_py'
[0.247s] Level 1:colcon.colcon_core.package_identification:_identify(src/odometry) by extensions ['ignore', 'ignore_ament_install']
[0.247s] Level 1:colcon.colcon_core.package_identification:_identify(src/odometry) by extension 'ignore'
[0.247s] Level 1:colcon.colcon_core.package_identification:_identify(src/odometry) ignored
[0.247s] Level 1:colcon.colcon_core.package_identification:_identify(src/robot_description) by extensions ['ignore', 'ignore_ament_install']
[0.248s] Level 1:colcon.colcon_core.package_identification:_identify(src/robot_description) by extension 'ignore'
[0.248s] Level 1:colcon.colcon_core.package_identification:_identify(src/robot_description) by extension 'ignore_ament_install'
[0.248s] Level 1:colcon.colcon_core.package_identification:_identify(src/robot_description) by extensions ['colcon_pkg']
[0.248s] Level 1:colcon.colcon_core.package_identification:_identify(src/robot_description) by extension 'colcon_pkg'
[0.248s] Level 1:colcon.colcon_core.package_identification:_identify(src/robot_description) by extensions ['colcon_meta']
[0.248s] Level 1:colcon.colcon_core.package_identification:_identify(src/robot_description) by extension 'colcon_meta'
[0.248s] Level 1:colcon.colcon_core.package_identification:_identify(src/robot_description) by extensions ['ros']
[0.248s] Level 1:colcon.colcon_core.package_identification:_identify(src/robot_description) by extension 'ros'
[0.249s] DEBUG:colcon.colcon_core.package_identification:Package 'src/robot_description' with type 'ros.ament_cmake' and name 'robot_description'
[0.249s] Level 1:colcon.colcon_core.package_identification:_identify(src/serial) by extensions ['ignore', 'ignore_ament_install']
[0.249s] Level 1:colcon.colcon_core.package_identification:_identify(src/serial) by extension 'ignore'
[0.249s] Level 1:colcon.colcon_core.package_identification:_identify(src/serial) by extension 'ignore_ament_install'
[0.249s] Level 1:colcon.colcon_core.package_identification:_identify(src/serial) by extensions ['colcon_pkg']
[0.249s] Level 1:colcon.colcon_core.package_identification:_identify(src/serial) by extension 'colcon_pkg'
[0.249s] Level 1:colcon.colcon_core.package_identification:_identify(src/serial) by extensions ['colcon_meta']
[0.249s] Level 1:colcon.colcon_core.package_identification:_identify(src/serial) by extension 'colcon_meta'
[0.249s] Level 1:colcon.colcon_core.package_identification:_identify(src/serial) by extensions ['ros']
[0.249s] Level 1:colcon.colcon_core.package_identification:_identify(src/serial) by extension 'ros'
[0.250s] DEBUG:colcon.colcon_core.package_identification:Package 'src/serial' with type 'ros.ament_cmake' and name 'serial'
[0.250s] Level 1:colcon.colcon_core.package_identification:_identify(src/serial_motor_demo) by extensions ['ignore', 'ignore_ament_install']
[0.250s] Level 1:colcon.colcon_core.package_identification:_identify(src/serial_motor_demo) by extension 'ignore'
[0.250s] Level 1:colcon.colcon_core.package_identification:_identify(src/serial_motor_demo) ignored
[0.250s] Level 1:colcon.colcon_core.package_identification:_identify(src/slam_ekf) by extensions ['ignore', 'ignore_ament_install']
[0.250s] Level 1:colcon.colcon_core.package_identification:_identify(src/slam_ekf) by extension 'ignore'
[0.250s] Level 1:colcon.colcon_core.package_identification:_identify(src/slam_ekf) ignored
[0.250s] Level 1:colcon.colcon_core.package_discovery:discover_packages(recursive) using defaults
[0.250s] Level 1:colcon.colcon_core.package_discovery:discover_packages(ignore) discover
[0.250s] Level 1:colcon.colcon_core.package_discovery:discover_packages(ignore) using defaults
[0.250s] Level 1:colcon.colcon_core.package_discovery:discover_packages(path) discover
[0.251s] Level 1:colcon.colcon_core.package_discovery:discover_packages(path) using defaults
[0.274s] Level 1:colcon.colcon_core.package_discovery:discover_packages(prefix_path) check parameters
[0.274s] Level 1:colcon.colcon_core.package_discovery:discover_packages(prefix_path) discover
[0.276s] DEBUG:colcon.colcon_installed_package_information.package_discovery:Found 3 installed packages in /home/gyattbot/FinalYearProject/install
[0.279s] DEBUG:colcon.colcon_installed_package_information.package_discovery:Found 408 installed packages in /opt/ros/jazzy
[0.282s] Level 1:colcon.colcon_core.package_discovery:discover_packages(prefix_path) using defaults
[0.360s] Level 5:colcon.colcon_core.verb:set package 'diffdrive_arduino' build argument 'cmake_args' from command line to 'None'
[0.360s] Level 5:colcon.colcon_core.verb:set package 'diffdrive_arduino' build argument 'cmake_target' from command line to 'None'
[0.360s] Level 5:colcon.colcon_core.verb:set package 'diffdrive_arduino' build argument 'cmake_target_skip_unavailable' from command line to 'False'
[0.360s] Level 5:colcon.colcon_core.verb:set package 'diffdrive_arduino' build argument 'cmake_clean_cache' from command line to 'False'
[0.360s] Level 5:colcon.colcon_core.verb:set package 'diffdrive_arduino' build argument 'cmake_clean_first' from command line to 'False'
[0.360s] Level 5:colcon.colcon_core.verb:set package 'diffdrive_arduino' build argument 'cmake_force_configure' from command line to 'False'
[0.360s] Level 5:colcon.colcon_core.verb:set package 'diffdrive_arduino' build argument 'ament_cmake_args' from command line to 'None'
[0.360s] Level 5:colcon.colcon_core.verb:set package 'diffdrive_arduino' build argument 'catkin_cmake_args' from command line to 'None'
[0.360s] Level 5:colcon.colcon_core.verb:set package 'diffdrive_arduino' build argument 'catkin_skip_building_tests' from command line to 'False'
[0.360s] DEBUG:colcon.colcon_core.verb:Building package 'diffdrive_arduino' with the following arguments: {'ament_cmake_args': None, 'build_base': '/home/gyattbot/FinalYearProject/build/diffdrive_arduino', 'catkin_cmake_args': None, 'catkin_skip_building_tests': False, 'cmake_args': None, 'cmake_clean_cache': False, 'cmake_clean_first': False, 'cmake_force_configure': False, 'cmake_target': None, 'cmake_target_skip_unavailable': False, 'install_base': '/home/gyattbot/FinalYearProject/install/diffdrive_arduino', 'merge_install': False, 'path': '/home/gyattbot/FinalYearProject/src/diffdrive_arduino', 'symlink_install': True, 'test_result_base': None}
[0.360s] Level 5:colcon.colcon_core.verb:set package 'robot_description' build argument 'cmake_args' from command line to 'None'
[0.360s] Level 5:colcon.colcon_core.verb:set package 'robot_description' build argument 'cmake_target' from command line to 'None'
[0.360s] Level 5:colcon.colcon_core.verb:set package 'robot_description' build argument 'cmake_target_skip_unavailable' from command line to 'False'
[0.360s] Level 5:colcon.colcon_core.verb:set package 'robot_description' build argument 'cmake_clean_cache' from command line to 'False'
[0.360s] Level 5:colcon.colcon_core.verb:set package 'robot_description' build argument 'cmake_clean_first' from command line to 'False'
[0.360s] Level 5:colcon.colcon_core.verb:set package 'robot_description' build argument 'cmake_force_configure' from command line to 'False'
[0.360s] Level 5:colcon.colcon_core.verb:set package 'robot_description' build argument 'ament_cmake_args' from command line to 'None'
[0.360s] Level 5:colcon.colcon_core.verb:set package 'robot_description' build argument 'catkin_cmake_args' from command line to 'None'
[0.361s] Level 5:colcon.colcon_core.verb:set package 'robot_description' build argument 'catkin_skip_building_tests' from command line to 'False'
[0.361s] DEBUG:colcon.colcon_core.verb:Building package 'robot_description' with the following arguments: {'ament_cmake_args': None, 'build_base': '/home/gyattbot/FinalYearProject/build/robot_description', 'catkin_cmake_args': None, 'catkin_skip_building_tests': False, 'cmake_args': None, 'cmake_clean_cache': False, 'cmake_clean_first': False, 'cmake_force_configure': False, 'cmake_target': None, 'cmake_target_skip_unavailable': False, 'install_base': '/home/gyattbot/FinalYearProject/install/robot_description', 'merge_install': False, 'path': '/home/gyattbot/FinalYearProject/src/robot_description', 'symlink_install': True, 'test_result_base': None}
[0.361s] Level 5:colcon.colcon_core.verb:set package 'serial' build argument 'cmake_args' from command line to 'None'
[0.361s] Level 5:colcon.colcon_core.verb:set package 'serial' build argument 'cmake_target' from command line to 'None'
[0.361s] Level 5:colcon.colcon_core.verb:set package 'serial' build argument 'cmake_target_skip_unavailable' from command line to 'False'
[0.361s] Level 5:colcon.colcon_core.verb:set package 'serial' build argument 'cmake_clean_cache' from command line to 'False'
[0.361s] Level 5:colcon.colcon_core.verb:set package 'serial' build argument 'cmake_clean_first' from command line to 'False'
[0.361s] Level 5:colcon.colcon_core.verb:set package 'serial' build argument 'cmake_force_configure' from command line to 'False'
[0.361s] Level 5:colcon.colcon_core.verb:set package 'serial' build argument 'ament_cmake_args' from command line to 'None'
[0.361s] Level 5:colcon.colcon_core.verb:set package 'serial' build argument 'catkin_cmake_args' from command line to 'None'
[0.361s] Level 5:colcon.colcon_core.verb:set package 'serial' build argument 'catkin_skip_building_tests' from command line to 'False'
[0.361s] DEBUG:colcon.colcon_core.verb:Building package 'serial' with the following arguments: {'ament_cmake_args': None, 'build_base': '/home/gyattbot/FinalYearProject/build/serial', 'catkin_cmake_args': None, 'catkin_skip_building_tests': False, 'cmake_args': None, 'cmake_clean_cache': False, 'cmake_clean_first': False, 'cmake_force_configure': False, 'cmake_target': None, 'cmake_target_skip_unavailable': False, 'install_base': '/home/gyattbot/FinalYearProject/install/serial', 'merge_install': False, 'path': '/home/gyattbot/FinalYearProject/src/serial', 'symlink_install': True, 'test_result_base': None}
[0.361s] INFO:colcon.colcon_core.executor:Executing jobs using 'parallel' executor
[0.362s] DEBUG:colcon.colcon_parallel_executor.executor.parallel:run_until_complete
[0.363s] INFO:colcon.colcon_ros.task.ament_cmake.build:Building ROS package in '/home/gyattbot/FinalYearProject/src/diffdrive_arduino' with build type 'ament_cmake'
[0.363s] INFO:colcon.colcon_cmake.task.cmake.build:Building CMake package in '/home/gyattbot/FinalYearProject/src/diffdrive_arduino'
[0.373s] INFO:colcon.colcon_core.plugin_system:Skipping extension 'colcon_core.shell.bat': Not used on non-Windows systems
[0.374s] INFO:colcon.colcon_core.shell:Skip shell extension 'powershell' for command environment: Not usable outside of PowerShell
[0.374s] DEBUG:colcon.colcon_core.shell:Skip shell extension 'dsv' for command environment
[0.383s] INFO:colcon.colcon_ros.task.ament_cmake.build:Building ROS package in '/home/gyattbot/FinalYearProject/src/robot_description' with build type 'ament_cmake'
[0.384s] INFO:colcon.colcon_cmake.task.cmake.build:Building CMake package in '/home/gyattbot/FinalYearProject/src/robot_description'
[0.384s] INFO:colcon.colcon_core.shell:Skip shell extension 'powershell' for command environment: Not usable outside of PowerShell
[0.384s] DEBUG:colcon.colcon_core.shell:Skip shell extension 'dsv' for command environment
[0.399s] INFO:colcon.colcon_ros.task.ament_cmake.build:Building ROS package in '/home/gyattbot/FinalYearProject/src/serial' with build type 'ament_cmake'
[0.399s] INFO:colcon.colcon_cmake.task.cmake.build:Building CMake package in '/home/gyattbot/FinalYearProject/src/serial'
[0.400s] INFO:colcon.colcon_core.shell:Skip shell extension 'powershell' for command environment: Not usable outside of PowerShell
[0.400s] DEBUG:colcon.colcon_core.shell:Skip shell extension 'dsv' for command environment
[0.417s] DEBUG:colcon.colcon_core.event_handler.log_command:Invoking command in '/home/gyattbot/FinalYearProject/build/diffdrive_arduino': CMAKE_PREFIX_PATH=${CMAKE_PREFIX_PATH}:/opt/ros/jazzy DEBUGINFOD_URLS=https://debuginfod.ubuntu.com /usr/bin/cmake --build /home/gyattbot/FinalYearProject/build/diffdrive_arduino -- -j4 -l4
[0.431s] DEBUG:colcon.colcon_core.event_handler.log_command:Invoking command in '/home/gyattbot/FinalYearProject/build/robot_description': CMAKE_PREFIX_PATH=${CMAKE_PREFIX_PATH}:/opt/ros/jazzy DEBUGINFOD_URLS=https://debuginfod.ubuntu.com /usr/bin/cmake --build /home/gyattbot/FinalYearProject/build/robot_description -- -j4 -l4
[0.448s] DEBUG:colcon.colcon_core.event_handler.log_command:Invoking command in '/home/gyattbot/FinalYearProject/build/serial': CMAKE_PREFIX_PATH=${CMAKE_PREFIX_PATH}:/opt/ros/jazzy DEBUGINFOD_URLS=https://debuginfod.ubuntu.com /usr/bin/cmake --build /home/gyattbot/FinalYearProject/build/serial -- -j4 -l4
[0.541s] DEBUG:colcon.colcon_core.event_handler.log_command:Invoked command in '/home/gyattbot/FinalYearProject/build/robot_description' returned '0': CMAKE_PREFIX_PATH=${CMAKE_PREFIX_PATH}:/opt/ros/jazzy DEBUGINFOD_URLS=https://debuginfod.ubuntu.com /usr/bin/cmake --build /home/gyattbot/FinalYearProject/build/robot_description -- -j4 -l4
[0.562s] DEBUG:colcon.colcon_core.event_handler.log_command:Invoking command in '/home/gyattbot/FinalYearProject/build/robot_description': CMAKE_PREFIX_PATH=${CMAKE_PREFIX_PATH}:/opt/ros/jazzy DEBUGINFOD_URLS=https://debuginfod.ubuntu.com /usr/bin/cmake --install /home/gyattbot/FinalYearProject/build/robot_description
[0.618s] DEBUG:colcon.colcon_core.event_handler.log_command:Invoked command in '/home/gyattbot/FinalYearProject/build/diffdrive_arduino' returned '0': CMAKE_PREFIX_PATH=${CMAKE_PREFIX_PATH}:/opt/ros/jazzy DEBUGINFOD_URLS=https://debuginfod.ubuntu.com /usr/bin/cmake --build /home/gyattbot/FinalYearProject/build/diffdrive_arduino -- -j4 -l4
[0.619s] DEBUG:colcon.colcon_core.event_handler.log_command:Invoking command in '/home/gyattbot/FinalYearProject/build/diffdrive_arduino': CMAKE_PREFIX_PATH=${CMAKE_PREFIX_PATH}:/opt/ros/jazzy DEBUGINFOD_URLS=https://debuginfod.ubuntu.com /usr/bin/cmake --install /home/gyattbot/FinalYearProject/build/diffdrive_arduino
[0.632s] Level 1:colcon.colcon_core.environment:create_environment_scripts_only(robot_description)
[0.633s] DEBUG:colcon.colcon_core.event_handler.log_command:Invoked command in '/home/gyattbot/FinalYearProject/build/robot_description' returned '0': CMAKE_PREFIX_PATH=${CMAKE_PREFIX_PATH}:/opt/ros/jazzy DEBUGINFOD_URLS=https://debuginfod.ubuntu.com /usr/bin/cmake --install /home/gyattbot/FinalYearProject/build/robot_description
[0.636s] Level 1:colcon.colcon_core.environment:checking '/home/gyattbot/FinalYearProject/install/robot_description' for CMake module files
[0.638s] Level 1:colcon.colcon_core.environment:checking '/home/gyattbot/FinalYearProject/install/robot_description' for CMake config files
[0.640s] Level 1:colcon.colcon_core.shell:create_environment_hook('robot_description', 'cmake_prefix_path')
[0.641s] INFO:colcon.colcon_core.shell:Creating environment hook '/home/gyattbot/FinalYearProject/install/robot_description/share/robot_description/hook/cmake_prefix_path.ps1'
[0.643s] INFO:colcon.colcon_core.shell:Creating environment descriptor '/home/gyattbot/FinalYearProject/install/robot_description/share/robot_description/hook/cmake_prefix_path.dsv'
[0.646s] INFO:colcon.colcon_core.shell:Creating environment hook '/home/gyattbot/FinalYearProject/install/robot_description/share/robot_description/hook/cmake_prefix_path.sh'
[0.648s] Level 1:colcon.colcon_core.environment:checking '/home/gyattbot/FinalYearProject/install/robot_description/bin'
[0.648s] Level 1:colcon.colcon_core.environment:checking '/home/gyattbot/FinalYearProject/install/robot_description/lib/pkgconfig/robot_description.pc'
[0.648s] Level 1:colcon.colcon_core.environment:checking '/home/gyattbot/FinalYearProject/install/robot_description/lib/python3.12/site-packages'
[0.649s] Level 1:colcon.colcon_core.environment:checking '/home/gyattbot/FinalYearProject/install/robot_description/bin'
[0.649s] INFO:colcon.colcon_core.shell:Creating package script '/home/gyattbot/FinalYearProject/install/robot_description/share/robot_description/package.ps1'
[0.650s] INFO:colcon.colcon_core.shell:Creating package descriptor '/home/gyattbot/FinalYearProject/install/robot_description/share/robot_description/package.dsv'
[0.651s] INFO:colcon.colcon_core.shell:Creating package script '/home/gyattbot/FinalYearProject/install/robot_description/share/robot_description/package.sh'
[0.652s] INFO:colcon.colcon_core.shell:Creating package script '/home/gyattbot/FinalYearProject/install/robot_description/share/robot_description/package.bash'
[0.653s] INFO:colcon.colcon_core.shell:Creating package script '/home/gyattbot/FinalYearProject/install/robot_description/share/robot_description/package.zsh'
[0.654s] Level 1:colcon.colcon_core.environment:create_file_with_runtime_dependencies(/home/gyattbot/FinalYearProject/install/robot_description/share/colcon-core/packages/robot_description)
[0.655s] Level 1:colcon.colcon_core.environment:create_environment_scripts_only(robot_description)
[0.656s] Level 1:colcon.colcon_core.environment:checking '/home/gyattbot/FinalYearProject/install/robot_description' for CMake module files
[0.656s] Level 1:colcon.colcon_core.environment:checking '/home/gyattbot/FinalYearProject/install/robot_description' for CMake config files
[0.657s] Level 1:colcon.colcon_core.shell:create_environment_hook('robot_description', 'cmake_prefix_path')
[0.658s] INFO:colcon.colcon_core.shell:Creating environment hook '/home/gyattbot/FinalYearProject/install/robot_description/share/robot_description/hook/cmake_prefix_path.ps1'
[0.659s] INFO:colcon.colcon_core.shell:Creating environment descriptor '/home/gyattbot/FinalYearProject/install/robot_description/share/robot_description/hook/cmake_prefix_path.dsv'
[0.659s] INFO:colcon.colcon_core.shell:Creating environment hook '/home/gyattbot/FinalYearProject/install/robot_description/share/robot_description/hook/cmake_prefix_path.sh'
[0.661s] Level 1:colcon.colcon_core.environment:checking '/home/gyattbot/FinalYearProject/install/robot_description/bin'
[0.661s] Level 1:colcon.colcon_core.environment:checking '/home/gyattbot/FinalYearProject/install/robot_description/lib/pkgconfig/robot_description.pc'
[0.661s] Level 1:colcon.colcon_core.environment:checking '/home/gyattbot/FinalYearProject/install/robot_description/lib/python3.12/site-packages'
[0.662s] Level 1:colcon.colcon_core.environment:checking '/home/gyattbot/FinalYearProject/install/robot_description/bin'
[0.662s] INFO:colcon.colcon_core.shell:Creating package script '/home/gyattbot/FinalYearProject/install/robot_description/share/robot_description/package.ps1'
[0.663s] INFO:colcon.colcon_core.shell:Creating package descriptor '/home/gyattbot/FinalYearProject/install/robot_description/share/robot_description/package.dsv'
[0.666s] INFO:colcon.colcon_core.shell:Creating package script '/home/gyattbot/FinalYearProject/install/robot_description/share/robot_description/package.sh'
[0.673s] INFO:colcon.colcon_core.shell:Creating package script '/home/gyattbot/FinalYearProject/install/robot_description/share/robot_description/package.bash'
[0.677s] INFO:colcon.colcon_core.shell:Creating package script '/home/gyattbot/FinalYearProject/install/robot_description/share/robot_description/package.zsh'
[0.679s] Level 1:colcon.colcon_core.environment:create_file_with_runtime_dependencies(/home/gyattbot/FinalYearProject/install/robot_description/share/colcon-core/packages/robot_description)
[0.692s] Level 1:colcon.colcon_core.environment:create_environment_scripts_only(diffdrive_arduino)
[0.695s] Level 1:colcon.colcon_core.environment:checking '/home/gyattbot/FinalYearProject/install/diffdrive_arduino' for CMake module files
[0.697s] DEBUG:colcon.colcon_core.event_handler.log_command:Invoked command in '/home/gyattbot/FinalYearProject/build/diffdrive_arduino' returned '0': CMAKE_PREFIX_PATH=${CMAKE_PREFIX_PATH}:/opt/ros/jazzy DEBUGINFOD_URLS=https://debuginfod.ubuntu.com /usr/bin/cmake --install /home/gyattbot/FinalYearProject/build/diffdrive_arduino
[0.699s] Level 1:colcon.colcon_core.environment:checking '/home/gyattbot/FinalYearProject/install/diffdrive_arduino' for CMake config files
[0.700s] Level 1:colcon.colcon_core.shell:create_environment_hook('diffdrive_arduino', 'cmake_prefix_path')
[0.700s] INFO:colcon.colcon_core.shell:Creating environment hook '/home/gyattbot/FinalYearProject/install/diffdrive_arduino/share/diffdrive_arduino/hook/cmake_prefix_path.ps1'
[0.701s] INFO:colcon.colcon_core.shell:Creating environment descriptor '/home/gyattbot/FinalYearProject/install/diffdrive_arduino/share/diffdrive_arduino/hook/cmake_prefix_path.dsv'
[0.703s] INFO:colcon.colcon_core.shell:Creating environment hook '/home/gyattbot/FinalYearProject/install/diffdrive_arduino/share/diffdrive_arduino/hook/cmake_prefix_path.sh'
[0.707s] Level 1:colcon.colcon_core.environment:checking '/home/gyattbot/FinalYearProject/install/diffdrive_arduino/lib'
[0.707s] Level 1:colcon.colcon_core.shell:create_environment_hook('diffdrive_arduino', 'ld_library_path_lib')
[0.708s] INFO:colcon.colcon_core.shell:Creating environment hook '/home/gyattbot/FinalYearProject/install/diffdrive_arduino/share/diffdrive_arduino/hook/ld_library_path_lib.ps1'
[0.710s] INFO:colcon.colcon_core.shell:Creating environment descriptor '/home/gyattbot/FinalYearProject/install/diffdrive_arduino/share/diffdrive_arduino/hook/ld_library_path_lib.dsv'
[0.714s] INFO:colcon.colcon_core.shell:Creating environment hook '/home/gyattbot/FinalYearProject/install/diffdrive_arduino/share/diffdrive_arduino/hook/ld_library_path_lib.sh'
[0.719s] Level 1:colcon.colcon_core.environment:checking '/home/gyattbot/FinalYearProject/install/diffdrive_arduino/bin'
[0.720s] Level 1:colcon.colcon_core.environment:checking '/home/gyattbot/FinalYearProject/install/diffdrive_arduino/lib/pkgconfig/diffdrive_arduino.pc'
[0.721s] Level 1:colcon.colcon_core.environment:checking '/home/gyattbot/FinalYearProject/install/diffdrive_arduino/lib/python3.12/site-packages'
[0.722s] Level 1:colcon.colcon_core.environment:checking '/home/gyattbot/FinalYearProject/install/diffdrive_arduino/bin'
[0.723s] INFO:colcon.colcon_core.shell:Creating package script '/home/gyattbot/FinalYearProject/install/diffdrive_arduino/share/diffdrive_arduino/package.ps1'
[0.724s] INFO:colcon.colcon_core.shell:Creating package descriptor '/home/gyattbot/FinalYearProject/install/diffdrive_arduino/share/diffdrive_arduino/package.dsv'
[0.725s] INFO:colcon.colcon_core.shell:Creating package script '/home/gyattbot/FinalYearProject/install/diffdrive_arduino/share/diffdrive_arduino/package.sh'
[0.729s] INFO:colcon.colcon_core.shell:Creating package script '/home/gyattbot/FinalYearProject/install/diffdrive_arduino/share/diffdrive_arduino/package.bash'
[0.732s] INFO:colcon.colcon_core.shell:Creating package script '/home/gyattbot/FinalYearProject/install/diffdrive_arduino/share/diffdrive_arduino/package.zsh'
[0.733s] Level 1:colcon.colcon_core.environment:create_file_with_runtime_dependencies(/home/gyattbot/FinalYearProject/install/diffdrive_arduino/share/colcon-core/packages/diffdrive_arduino)
[0.735s] Level 1:colcon.colcon_core.environment:create_environment_scripts_only(diffdrive_arduino)
[0.735s] Level 1:colcon.colcon_core.environment:checking '/home/gyattbot/FinalYearProject/install/diffdrive_arduino' for CMake module files
[0.736s] Level 1:colcon.colcon_core.environment:checking '/home/gyattbot/FinalYearProject/install/diffdrive_arduino' for CMake config files
[0.736s] Level 1:colcon.colcon_core.shell:create_environment_hook('diffdrive_arduino', 'cmake_prefix_path')
[0.737s] INFO:colcon.colcon_core.shell:Creating environment hook '/home/gyattbot/FinalYearProject/install/diffdrive_arduino/share/diffdrive_arduino/hook/cmake_prefix_path.ps1'
[0.737s] INFO:colcon.colcon_core.shell:Creating environment descriptor '/home/gyattbot/FinalYearProject/install/diffdrive_arduino/share/diffdrive_arduino/hook/cmake_prefix_path.dsv'
[0.738s] INFO:colcon.colcon_core.shell:Creating environment hook '/home/gyattbot/FinalYearProject/install/diffdrive_arduino/share/diffdrive_arduino/hook/cmake_prefix_path.sh'
[0.740s] Level 1:colcon.colcon_core.environment:checking '/home/gyattbot/FinalYearProject/install/diffdrive_arduino/lib'
[0.740s] Level 1:colcon.colcon_core.shell:create_environment_hook('diffdrive_arduino', 'ld_library_path_lib')
[0.740s] INFO:colcon.colcon_core.shell:Creating environment hook '/home/gyattbot/FinalYearProject/install/diffdrive_arduino/share/diffdrive_arduino/hook/ld_library_path_lib.ps1'
[0.740s] INFO:colcon.colcon_core.shell:Creating environment descriptor '/home/gyattbot/FinalYearProject/install/diffdrive_arduino/share/diffdrive_arduino/hook/ld_library_path_lib.dsv'
[0.741s] INFO:colcon.colcon_core.shell:Creating environment hook '/home/gyattbot/FinalYearProject/install/diffdrive_arduino/share/diffdrive_arduino/hook/ld_library_path_lib.sh'
[0.742s] Level 1:colcon.colcon_core.environment:checking '/home/gyattbot/FinalYearProject/install/diffdrive_arduino/bin'
[0.742s] Level 1:colcon.colcon_core.environment:checking '/home/gyattbot/FinalYearProject/install/diffdrive_arduino/lib/pkgconfig/diffdrive_arduino.pc'
[0.743s] Level 1:colcon.colcon_core.environment:checking '/home/gyattbot/FinalYearProject/install/diffdrive_arduino/lib/python3.12/site-packages'
[0.743s] Level 1:colcon.colcon_core.environment:checking '/home/gyattbot/FinalYearProject/install/diffdrive_arduino/bin'
[0.743s] INFO:colcon.colcon_core.shell:Creating package script '/home/gyattbot/FinalYearProject/install/diffdrive_arduino/share/diffdrive_arduino/package.ps1'
[0.744s] INFO:colcon.colcon_core.shell:Creating package descriptor '/home/gyattbot/FinalYearProject/install/diffdrive_arduino/share/diffdrive_arduino/package.dsv'
[0.745s] INFO:colcon.colcon_core.shell:Creating package script '/home/gyattbot/FinalYearProject/install/diffdrive_arduino/share/diffdrive_arduino/package.sh'
[0.746s] INFO:colcon.colcon_core.shell:Creating package script '/home/gyattbot/FinalYearProject/install/diffdrive_arduino/share/diffdrive_arduino/package.bash'
[0.747s] INFO:colcon.colcon_core.shell:Creating package script '/home/gyattbot/FinalYearProject/install/diffdrive_arduino/share/diffdrive_arduino/package.zsh'
[0.748s] Level 1:colcon.colcon_core.environment:create_file_with_runtime_dependencies(/home/gyattbot/FinalYearProject/install/diffdrive_arduino/share/colcon-core/packages/diffdrive_arduino)
[0.929s] DEBUG:colcon.colcon_core.event_handler.log_command:Invoked command in '/home/gyattbot/FinalYearProject/build/serial' returned '0': CMAKE_PREFIX_PATH=${CMAKE_PREFIX_PATH}:/opt/ros/jazzy DEBUGINFOD_URLS=https://debuginfod.ubuntu.com /usr/bin/cmake --build /home/gyattbot/FinalYearProject/build/serial -- -j4 -l4
[0.930s] DEBUG:colcon.colcon_core.event_handler.log_command:Invoking command in '/home/gyattbot/FinalYearProject/build/serial': CMAKE_PREFIX_PATH=${CMAKE_PREFIX_PATH}:/opt/ros/jazzy DEBUGINFOD_URLS=https://debuginfod.ubuntu.com /usr/bin/cmake --install /home/gyattbot/FinalYearProject/build/serial
[0.987s] Level 1:colcon.colcon_core.environment:create_environment_scripts_only(serial)
[0.987s] Level 1:colcon.colcon_core.environment:checking '/home/gyattbot/FinalYearProject/install/serial' for CMake module files
[0.988s] DEBUG:colcon.colcon_core.event_handler.log_command:Invoked command in '/home/gyattbot/FinalYearProject/build/serial' returned '0': CMAKE_PREFIX_PATH=${CMAKE_PREFIX_PATH}:/opt/ros/jazzy DEBUGINFOD_URLS=https://debuginfod.ubuntu.com /usr/bin/cmake --install /home/gyattbot/FinalYearProject/build/serial
[0.989s] Level 1:colcon.colcon_core.environment:checking '/home/gyattbot/FinalYearProject/install/serial' for CMake config files
[0.989s] Level 1:colcon.colcon_core.shell:create_environment_hook('serial', 'cmake_prefix_path')
[0.989s] INFO:colcon.colcon_core.shell:Creating environment hook '/home/gyattbot/FinalYearProject/install/serial/share/serial/hook/cmake_prefix_path.ps1'
[0.990s] INFO:colcon.colcon_core.shell:Creating environment descriptor '/home/gyattbot/FinalYearProject/install/serial/share/serial/hook/cmake_prefix_path.dsv'
[0.991s] INFO:colcon.colcon_core.shell:Creating environment hook '/home/gyattbot/FinalYearProject/install/serial/share/serial/hook/cmake_prefix_path.sh'
[0.992s] Level 1:colcon.colcon_core.environment:checking '/home/gyattbot/FinalYearProject/install/serial/lib'
[0.992s] Level 1:colcon.colcon_core.environment:checking '/home/gyattbot/FinalYearProject/install/serial/bin'
[0.992s] Level 1:colcon.colcon_core.environment:checking '/home/gyattbot/FinalYearProject/install/serial/lib/pkgconfig/serial.pc'
[0.992s] Level 1:colcon.colcon_core.environment:checking '/home/gyattbot/FinalYearProject/install/serial/lib/python3.12/site-packages'
[0.992s] Level 1:colcon.colcon_core.environment:checking '/home/gyattbot/FinalYearProject/install/serial/bin'
[0.993s] INFO:colcon.colcon_core.shell:Creating package script '/home/gyattbot/FinalYearProject/install/serial/share/serial/package.ps1'
[0.994s] INFO:colcon.colcon_core.shell:Creating package descriptor '/home/gyattbot/FinalYearProject/install/serial/share/serial/package.dsv'
[0.994s] INFO:colcon.colcon_core.shell:Creating package script '/home/gyattbot/FinalYearProject/install/serial/share/serial/package.sh'
[0.995s] INFO:colcon.colcon_core.shell:Creating package script '/home/gyattbot/FinalYearProject/install/serial/share/serial/package.bash'
[0.996s] INFO:colcon.colcon_core.shell:Creating package script '/home/gyattbot/FinalYearProject/install/serial/share/serial/package.zsh'
[0.997s] Level 1:colcon.colcon_core.environment:create_file_with_runtime_dependencies(/home/gyattbot/FinalYearProject/install/serial/share/colcon-core/packages/serial)
[0.997s] Level 1:colcon.colcon_core.environment:create_environment_scripts_only(serial)
[0.998s] Level 1:colcon.colcon_core.environment:checking '/home/gyattbot/FinalYearProject/install/serial' for CMake module files
[0.998s] Level 1:colcon.colcon_core.environment:checking '/home/gyattbot/FinalYearProject/install/serial' for CMake config files
[0.999s] Level 1:colcon.colcon_core.shell:create_environment_hook('serial', 'cmake_prefix_path')
[0.999s] INFO:colcon.colcon_core.shell:Creating environment hook '/home/gyattbot/FinalYearProject/install/serial/share/serial/hook/cmake_prefix_path.ps1'
[0.999s] INFO:colcon.colcon_core.shell:Creating environment descriptor '/home/gyattbot/FinalYearProject/install/serial/share/serial/hook/cmake_prefix_path.dsv'
[1.002s] INFO:colcon.colcon_core.shell:Creating environment hook '/home/gyattbot/FinalYearProject/install/serial/share/serial/hook/cmake_prefix_path.sh'
[1.003s] Level 1:colcon.colcon_core.environment:checking '/home/gyattbot/FinalYearProject/install/serial/lib'
[1.003s] Level 1:colcon.colcon_core.environment:checking '/home/gyattbot/FinalYearProject/install/serial/bin'
[1.003s] Level 1:colcon.colcon_core.environment:checking '/home/gyattbot/FinalYearProject/install/serial/lib/pkgconfig/serial.pc'
[1.004s] Level 1:colcon.colcon_core.environment:checking '/home/gyattbot/FinalYearProject/install/serial/lib/python3.12/site-packages'
[1.004s] Level 1:colcon.colcon_core.environment:checking '/home/gyattbot/FinalYearProject/install/serial/bin'
[1.004s] INFO:colcon.colcon_core.shell:Creating package script '/home/gyattbot/FinalYearProject/install/serial/share/serial/package.ps1'
[1.005s] INFO:colcon.colcon_core.shell:Creating package descriptor '/home/gyattbot/FinalYearProject/install/serial/share/serial/package.dsv'
[1.006s] INFO:colcon.colcon_core.shell:Creating package script '/home/gyattbot/FinalYearProject/install/serial/share/serial/package.sh'
[1.007s] INFO:colcon.colcon_core.shell:Creating package script '/home/gyattbot/FinalYearProject/install/serial/share/serial/package.bash'
[1.007s] INFO:colcon.colcon_core.shell:Creating package script '/home/gyattbot/FinalYearProject/install/serial/share/serial/package.zsh'
[1.008s] Level 1:colcon.colcon_core.environment:create_file_with_runtime_dependencies(/home/gyattbot/FinalYearProject/install/serial/share/colcon-core/packages/serial)
[1.008s] DEBUG:colcon.colcon_parallel_executor.executor.parallel:closing loop
[1.009s] DEBUG:colcon.colcon_parallel_executor.executor.parallel:loop closed
[1.009s] DEBUG:colcon.colcon_parallel_executor.executor.parallel:run_until_complete finished with '0'
[1.009s] DEBUG:colcon.colcon_core.event_reactor:joining thread
[1.030s] INFO:colcon.colcon_core.plugin_system:Skipping extension 'colcon_notification.desktop_notification.terminal_notifier': Not used on non-Darwin systems
[1.030s] INFO:colcon.colcon_core.plugin_system:Skipping extension 'colcon_notification.desktop_notification.win32': Not used on non-Windows systems
[1.030s] INFO:colcon.colcon_notification.desktop_notification:Sending desktop notification using 'notify2'
[1.066s] DEBUG:colcon.colcon_core.event_reactor:joined thread
[1.068s] INFO:colcon.colcon_core.shell:Creating prefix script '/home/gyattbot/FinalYearProject/install/local_setup.ps1'
[1.070s] INFO:colcon.colcon_core.shell:Creating prefix util module '/home/gyattbot/FinalYearProject/install/_local_setup_util_ps1.py'
[1.074s] INFO:colcon.colcon_core.shell:Creating prefix chain script '/home/gyattbot/FinalYearProject/install/setup.ps1'
[1.077s] INFO:colcon.colcon_core.shell:Creating prefix script '/home/gyattbot/FinalYearProject/install/local_setup.sh'
[1.078s] INFO:colcon.colcon_core.shell:Creating prefix util module '/home/gyattbot/FinalYearProject/install/_local_setup_util_sh.py'
[1.079s] INFO:colcon.colcon_core.shell:Creating prefix chain script '/home/gyattbot/FinalYearProject/install/setup.sh'
[1.081s] INFO:colcon.colcon_core.shell:Creating prefix script '/home/gyattbot/FinalYearProject/install/local_setup.bash'
[1.081s] INFO:colcon.colcon_core.shell:Creating prefix chain script '/home/gyattbot/FinalYearProject/install/setup.bash'
[1.083s] INFO:colcon.colcon_core.shell:Creating prefix script '/home/gyattbot/FinalYearProject/install/local_setup.zsh'
[1.084s] INFO:colcon.colcon_core.shell:Creating prefix chain script '/home/gyattbot/FinalYearProject/install/setup.zsh'
