[0.145s] DEBUG:colcon:Command line arguments: ['/usr/bin/colcon', 'build', '--symlink-install']
[0.145s] DEBUG:colcon:Parsed command line arguments: Namespace(log_base=None, log_level=None, verb_name='build', build_base='build', install_base='install', merge_install=False, symlink_install=True, test_result_base=None, continue_on_error=False, executor='parallel', parallel_workers=4, event_handlers=None, ignore_user_meta=False, metas=['./colcon.meta'], base_paths=['.'], packages_ignore=None, packages_ignore_regex=None, paths=None, packages_up_to=None, packages_up_to_regex=None, packages_above=None, packages_above_and_dependencies=None, packages_above_depth=None, packages_select_by_dep=None, packages_skip_by_dep=None, packages_skip_up_to=None, packages_select_build_failed=False, packages_skip_build_finished=False, packages_select_test_failures=False, packages_skip_test_passed=False, packages_select=None, packages_skip=None, packages_select_regex=None, packages_skip_regex=None, packages_start=None, packages_end=None, allow_overriding=[], cmake_args=None, cmake_target=None, cmake_target_skip_unavailable=False, cmake_clean_cache=False, cmake_clean_first=False, cmake_force_configure=False, ament_cmake_args=None, catkin_cmake_args=None, catkin_skip_building_tests=False, mixin_files=None, mixin=None, verb_parser=<colcon_mixin.mixin.mixin_argument.MixinArgumentDecorator object at 0xffffb35a8050>, verb_extension=<colcon_core.verb.build.BuildVerb object at 0xffffb356bad0>, main=<bound method BuildVerb.main of <colcon_core.verb.build.BuildVerb object at 0xffffb356bad0>>, mixin_verb=('build',))
[0.200s] Level 1:colcon.colcon_core.package_discovery:discover_packages(colcon_meta) check parameters
[0.200s] Level 1:colcon.colcon_core.package_discovery:discover_packages(recursive) check parameters
[0.201s] Level 1:colcon.colcon_core.package_discovery:discover_packages(ignore) check parameters
[0.201s] Level 1:colcon.colcon_core.package_discovery:discover_packages(path) check parameters
[0.201s] Level 1:colcon.colcon_core.package_discovery:discover_packages(colcon_meta) discover
[0.201s] Level 1:colcon.colcon_core.package_discovery:discover_packages(recursive) discover
[0.201s] INFO:colcon.colcon_core.package_discovery:Crawling recursively for packages in '/home/gyattbot/FinalYearProject'
[0.201s] Level 1:colcon.colcon_core.package_identification:_identify(.) by extensions ['ignore', 'ignore_ament_install']
[0.201s] Level 1:colcon.colcon_core.package_identification:_identify(.) by extension 'ignore'
[0.201s] Level 1:colcon.colcon_core.package_identification:_identify(.) by extension 'ignore_ament_install'
[0.201s] Level 1:colcon.colcon_core.package_identification:_identify(.) by extensions ['colcon_pkg']
[0.201s] Level 1:colcon.colcon_core.package_identification:_identify(.) by extension 'colcon_pkg'
[0.201s] Level 1:colcon.colcon_core.package_identification:_identify(.) by extensions ['colcon_meta']
[0.201s] Level 1:colcon.colcon_core.package_identification:_identify(.) by extension 'colcon_meta'
[0.201s] Level 1:colcon.colcon_core.package_identification:_identify(.) by extensions ['ros']
[0.201s] Level 1:colcon.colcon_core.package_identification:_identify(.) by extension 'ros'
[0.238s] Level 1:colcon.colcon_core.package_identification:_identify(.) by extensions ['cmake', 'python']
[0.238s] Level 1:colcon.colcon_core.package_identification:_identify(.) by extension 'cmake'
[0.239s] Level 1:colcon.colcon_core.package_identification:_identify(.) by extension 'python'
[0.239s] Level 1:colcon.colcon_core.package_identification:_identify(.) by extensions ['python_setup_py']
[0.239s] Level 1:colcon.colcon_core.package_identification:_identify(.) by extension 'python_setup_py'
[0.239s] Level 1:colcon.colcon_core.package_identification:_identify(build) by extensions ['ignore', 'ignore_ament_install']
[0.239s] Level 1:colcon.colcon_core.package_identification:_identify(build) by extension 'ignore'
[0.239s] Level 1:colcon.colcon_core.package_identification:_identify(build) ignored
[0.239s] Level 1:colcon.colcon_core.package_identification:_identify(install) by extensions ['ignore', 'ignore_ament_install']
[0.239s] Level 1:colcon.colcon_core.package_identification:_identify(install) by extension 'ignore'
[0.239s] Level 1:colcon.colcon_core.package_identification:_identify(install) ignored
[0.239s] Level 1:colcon.colcon_core.package_identification:_identify(log) by extensions ['ignore', 'ignore_ament_install']
[0.240s] Level 1:colcon.colcon_core.package_identification:_identify(log) by extension 'ignore'
[0.240s] Level 1:colcon.colcon_core.package_identification:_identify(log) ignored
[0.240s] Level 1:colcon.colcon_core.package_identification:_identify(media) by extensions ['ignore', 'ignore_ament_install']
[0.240s] Level 1:colcon.colcon_core.package_identification:_identify(media) by extension 'ignore'
[0.240s] Level 1:colcon.colcon_core.package_identification:_identify(media) by extension 'ignore_ament_install'
[0.240s] Level 1:colcon.colcon_core.package_identification:_identify(media) by extensions ['colcon_pkg']
[0.240s] Level 1:colcon.colcon_core.package_identification:_identify(media) by extension 'colcon_pkg'
[0.240s] Level 1:colcon.colcon_core.package_identification:_identify(media) by extensions ['colcon_meta']
[0.240s] Level 1:colcon.colcon_core.package_identification:_identify(media) by extension 'colcon_meta'
[0.240s] Level 1:colcon.colcon_core.package_identification:_identify(media) by extensions ['ros']
[0.240s] Level 1:colcon.colcon_core.package_identification:_identify(media) by extension 'ros'
[0.240s] Level 1:colcon.colcon_core.package_identification:_identify(media) by extensions ['cmake', 'python']
[0.240s] Level 1:colcon.colcon_core.package_identification:_identify(media) by extension 'cmake'
[0.240s] Level 1:colcon.colcon_core.package_identification:_identify(media) by extension 'python'
[0.240s] Level 1:colcon.colcon_core.package_identification:_identify(media) by extensions ['python_setup_py']
[0.240s] Level 1:colcon.colcon_core.package_identification:_identify(media) by extension 'python_setup_py'
[0.240s] Level 1:colcon.colcon_core.package_identification:_identify(src) by extensions ['ignore', 'ignore_ament_install']
[0.240s] Level 1:colcon.colcon_core.package_identification:_identify(src) by extension 'ignore'
[0.241s] Level 1:colcon.colcon_core.package_identification:_identify(src) by extension 'ignore_ament_install'
[0.241s] Level 1:colcon.colcon_core.package_identification:_identify(src) by extensions ['colcon_pkg']
[0.241s] Level 1:colcon.colcon_core.package_identification:_identify(src) by extension 'colcon_pkg'
[0.241s] Level 1:colcon.colcon_core.package_identification:_identify(src) by extensions ['colcon_meta']
[0.241s] Level 1:colcon.colcon_core.package_identification:_identify(src) by extension 'colcon_meta'
[0.241s] Level 1:colcon.colcon_core.package_identification:_identify(src) by extensions ['ros']
[0.241s] Level 1:colcon.colcon_core.package_identification:_identify(src) by extension 'ros'
[0.241s] Level 1:colcon.colcon_core.package_identification:_identify(src) by extensions ['cmake', 'python']
[0.241s] Level 1:colcon.colcon_core.package_identification:_identify(src) by extension 'cmake'
[0.241s] Level 1:colcon.colcon_core.package_identification:_identify(src) by extension 'python'
[0.241s] Level 1:colcon.colcon_core.package_identification:_identify(src) by extensions ['python_setup_py']
[0.241s] Level 1:colcon.colcon_core.package_identification:_identify(src) by extension 'python_setup_py'
[0.241s] Level 1:colcon.colcon_core.package_identification:_identify(src/a_star) by extensions ['ignore', 'ignore_ament_install']
[0.241s] Level 1:colcon.colcon_core.package_identification:_identify(src/a_star) by extension 'ignore'
[0.241s] Level 1:colcon.colcon_core.package_identification:_identify(src/a_star) ignored
[0.241s] Level 1:colcon.colcon_core.package_identification:_identify(src/diffdrive_arduino) by extensions ['ignore', 'ignore_ament_install']
[0.241s] Level 1:colcon.colcon_core.package_identification:_identify(src/diffdrive_arduino) by extension 'ignore'
[0.241s] Level 1:colcon.colcon_core.package_identification:_identify(src/diffdrive_arduino) by extension 'ignore_ament_install'
[0.242s] Level 1:colcon.colcon_core.package_identification:_identify(src/diffdrive_arduino) by extensions ['colcon_pkg']
[0.242s] Level 1:colcon.colcon_core.package_identification:_identify(src/diffdrive_arduino) by extension 'colcon_pkg'
[0.242s] Level 1:colcon.colcon_core.package_identification:_identify(src/diffdrive_arduino) by extensions ['colcon_meta']
[0.242s] Level 1:colcon.colcon_core.package_identification:_identify(src/diffdrive_arduino) by extension 'colcon_meta'
[0.242s] Level 1:colcon.colcon_core.package_identification:_identify(src/diffdrive_arduino) by extensions ['ros']
[0.242s] Level 1:colcon.colcon_core.package_identification:_identify(src/diffdrive_arduino) by extension 'ros'
[0.245s] DEBUG:colcon.colcon_core.package_identification:Package 'src/diffdrive_arduino' with type 'ros.ament_cmake' and name 'diffdrive_arduino'
[0.246s] Level 1:colcon.colcon_core.package_identification:_identify(src/facial_recognition) by extensions ['ignore', 'ignore_ament_install']
[0.246s] Level 1:colcon.colcon_core.package_identification:_identify(src/facial_recognition) by extension 'ignore'
[0.246s] Level 1:colcon.colcon_core.package_identification:_identify(src/facial_recognition) by extension 'ignore_ament_install'
[0.246s] Level 1:colcon.colcon_core.package_identification:_identify(src/facial_recognition) by extensions ['colcon_pkg']
[0.246s] Level 1:colcon.colcon_core.package_identification:_identify(src/facial_recognition) by extension 'colcon_pkg'
[0.246s] Level 1:colcon.colcon_core.package_identification:_identify(src/facial_recognition) by extensions ['colcon_meta']
[0.246s] Level 1:colcon.colcon_core.package_identification:_identify(src/facial_recognition) by extension 'colcon_meta'
[0.246s] Level 1:colcon.colcon_core.package_identification:_identify(src/facial_recognition) by extensions ['ros']
[0.246s] Level 1:colcon.colcon_core.package_identification:_identify(src/facial_recognition) by extension 'ros'
[0.246s] Level 1:colcon.colcon_core.package_identification:_identify(src/facial_recognition) by extensions ['cmake', 'python']
[0.246s] Level 1:colcon.colcon_core.package_identification:_identify(src/facial_recognition) by extension 'cmake'
[0.246s] Level 1:colcon.colcon_core.package_identification:_identify(src/facial_recognition) by extension 'python'
[0.246s] Level 1:colcon.colcon_core.package_identification:_identify(src/facial_recognition) by extensions ['python_setup_py']
[0.246s] Level 1:colcon.colcon_core.package_identification:_identify(src/facial_recognition) by extension 'python_setup_py'
[0.246s] Level 1:colcon.colcon_core.package_identification:_identify(src/odometry) by extensions ['ignore', 'ignore_ament_install']
[0.246s] Level 1:colcon.colcon_core.package_identification:_identify(src/odometry) by extension 'ignore'
[0.246s] Level 1:colcon.colcon_core.package_identification:_identify(src/odometry) ignored
[0.247s] Level 1:colcon.colcon_core.package_identification:_identify(src/robot_description) by extensions ['ignore', 'ignore_ament_install']
[0.247s] Level 1:colcon.colcon_core.package_identification:_identify(src/robot_description) by extension 'ignore'
[0.247s] Level 1:colcon.colcon_core.package_identification:_identify(src/robot_description) by extension 'ignore_ament_install'
[0.247s] Level 1:colcon.colcon_core.package_identification:_identify(src/robot_description) by extensions ['colcon_pkg']
[0.247s] Level 1:colcon.colcon_core.package_identification:_identify(src/robot_description) by extension 'colcon_pkg'
[0.247s] Level 1:colcon.colcon_core.package_identification:_identify(src/robot_description) by extensions ['colcon_meta']
[0.247s] Level 1:colcon.colcon_core.package_identification:_identify(src/robot_description) by extension 'colcon_meta'
[0.247s] Level 1:colcon.colcon_core.package_identification:_identify(src/robot_description) by extensions ['ros']
[0.247s] Level 1:colcon.colcon_core.package_identification:_identify(src/robot_description) by extension 'ros'
[0.248s] DEBUG:colcon.colcon_core.package_identification:Package 'src/robot_description' with type 'ros.ament_cmake' and name 'robot_description'
[0.248s] Level 1:colcon.colcon_core.package_identification:_identify(src/serial) by extensions ['ignore', 'ignore_ament_install']
[0.248s] Level 1:colcon.colcon_core.package_identification:_identify(src/serial) by extension 'ignore'
[0.248s] Level 1:colcon.colcon_core.package_identification:_identify(src/serial) by extension 'ignore_ament_install'
[0.248s] Level 1:colcon.colcon_core.package_identification:_identify(src/serial) by extensions ['colcon_pkg']
[0.248s] Level 1:colcon.colcon_core.package_identification:_identify(src/serial) by extension 'colcon_pkg'
[0.248s] Level 1:colcon.colcon_core.package_identification:_identify(src/serial) by extensions ['colcon_meta']
[0.248s] Level 1:colcon.colcon_core.package_identification:_identify(src/serial) by extension 'colcon_meta'
[0.248s] Level 1:colcon.colcon_core.package_identification:_identify(src/serial) by extensions ['ros']
[0.248s] Level 1:colcon.colcon_core.package_identification:_identify(src/serial) by extension 'ros'
[0.249s] DEBUG:colcon.colcon_core.package_identification:Package 'src/serial' with type 'ros.ament_cmake' and name 'serial'
[0.249s] Level 1:colcon.colcon_core.package_identification:_identify(src/serial_motor_demo) by extensions ['ignore', 'ignore_ament_install']
[0.249s] Level 1:colcon.colcon_core.package_identification:_identify(src/serial_motor_demo) by extension 'ignore'
[0.249s] Level 1:colcon.colcon_core.package_identification:_identify(src/serial_motor_demo) ignored
[0.249s] Level 1:colcon.colcon_core.package_identification:_identify(src/slam_ekf) by extensions ['ignore', 'ignore_ament_install']
[0.250s] Level 1:colcon.colcon_core.package_identification:_identify(src/slam_ekf) by extension 'ignore'
[0.250s] Level 1:colcon.colcon_core.package_identification:_identify(src/slam_ekf) ignored
[0.250s] Level 1:colcon.colcon_core.package_discovery:discover_packages(recursive) using defaults
[0.250s] Level 1:colcon.colcon_core.package_discovery:discover_packages(ignore) discover
[0.250s] Level 1:colcon.colcon_core.package_discovery:discover_packages(ignore) using defaults
[0.250s] Level 1:colcon.colcon_core.package_discovery:discover_packages(path) discover
[0.250s] Level 1:colcon.colcon_core.package_discovery:discover_packages(path) using defaults
[0.273s] Level 1:colcon.colcon_core.package_discovery:discover_packages(prefix_path) check parameters
[0.273s] Level 1:colcon.colcon_core.package_discovery:discover_packages(prefix_path) discover
[0.276s] DEBUG:colcon.colcon_installed_package_information.package_discovery:Found 3 installed packages in /home/gyattbot/FinalYearProject/install
[0.278s] DEBUG:colcon.colcon_installed_package_information.package_discovery:Found 406 installed packages in /opt/ros/jazzy
[0.281s] Level 1:colcon.colcon_core.package_discovery:discover_packages(prefix_path) using defaults
[0.358s] Level 5:colcon.colcon_core.verb:set package 'diffdrive_arduino' build argument 'cmake_args' from command line to 'None'
[0.358s] Level 5:colcon.colcon_core.verb:set package 'diffdrive_arduino' build argument 'cmake_target' from command line to 'None'
[0.358s] Level 5:colcon.colcon_core.verb:set package 'diffdrive_arduino' build argument 'cmake_target_skip_unavailable' from command line to 'False'
[0.358s] Level 5:colcon.colcon_core.verb:set package 'diffdrive_arduino' build argument 'cmake_clean_cache' from command line to 'False'
[0.358s] Level 5:colcon.colcon_core.verb:set package 'diffdrive_arduino' build argument 'cmake_clean_first' from command line to 'False'
[0.358s] Level 5:colcon.colcon_core.verb:set package 'diffdrive_arduino' build argument 'cmake_force_configure' from command line to 'False'
[0.358s] Level 5:colcon.colcon_core.verb:set package 'diffdrive_arduino' build argument 'ament_cmake_args' from command line to 'None'
[0.358s] Level 5:colcon.colcon_core.verb:set package 'diffdrive_arduino' build argument 'catkin_cmake_args' from command line to 'None'
[0.358s] Level 5:colcon.colcon_core.verb:set package 'diffdrive_arduino' build argument 'catkin_skip_building_tests' from command line to 'False'
[0.358s] DEBUG:colcon.colcon_core.verb:Building package 'diffdrive_arduino' with the following arguments: {'ament_cmake_args': None, 'build_base': '/home/gyattbot/FinalYearProject/build/diffdrive_arduino', 'catkin_cmake_args': None, 'catkin_skip_building_tests': False, 'cmake_args': None, 'cmake_clean_cache': False, 'cmake_clean_first': False, 'cmake_force_configure': False, 'cmake_target': None, 'cmake_target_skip_unavailable': False, 'install_base': '/home/gyattbot/FinalYearProject/install/diffdrive_arduino', 'merge_install': False, 'path': '/home/gyattbot/FinalYearProject/src/diffdrive_arduino', 'symlink_install': True, 'test_result_base': None}
[0.358s] Level 5:colcon.colcon_core.verb:set package 'robot_description' build argument 'cmake_args' from command line to 'None'
[0.358s] Level 5:colcon.colcon_core.verb:set package 'robot_description' build argument 'cmake_target' from command line to 'None'
[0.358s] Level 5:colcon.colcon_core.verb:set package 'robot_description' build argument 'cmake_target_skip_unavailable' from command line to 'False'
[0.358s] Level 5:colcon.colcon_core.verb:set package 'robot_description' build argument 'cmake_clean_cache' from command line to 'False'
[0.358s] Level 5:colcon.colcon_core.verb:set package 'robot_description' build argument 'cmake_clean_first' from command line to 'False'
[0.358s] Level 5:colcon.colcon_core.verb:set package 'robot_description' build argument 'cmake_force_configure' from command line to 'False'
[0.358s] Level 5:colcon.colcon_core.verb:set package 'robot_description' build argument 'ament_cmake_args' from command line to 'None'
[0.358s] Level 5:colcon.colcon_core.verb:set package 'robot_description' build argument 'catkin_cmake_args' from command line to 'None'
[0.359s] Level 5:colcon.colcon_core.verb:set package 'robot_description' build argument 'catkin_skip_building_tests' from command line to 'False'
[0.359s] DEBUG:colcon.colcon_core.verb:Building package 'robot_description' with the following arguments: {'ament_cmake_args': None, 'build_base': '/home/gyattbot/FinalYearProject/build/robot_description', 'catkin_cmake_args': None, 'catkin_skip_building_tests': False, 'cmake_args': None, 'cmake_clean_cache': False, 'cmake_clean_first': False, 'cmake_force_configure': False, 'cmake_target': None, 'cmake_target_skip_unavailable': False, 'install_base': '/home/gyattbot/FinalYearProject/install/robot_description', 'merge_install': False, 'path': '/home/gyattbot/FinalYearProject/src/robot_description', 'symlink_install': True, 'test_result_base': None}
[0.359s] Level 5:colcon.colcon_core.verb:set package 'serial' build argument 'cmake_args' from command line to 'None'
[0.359s] Level 5:colcon.colcon_core.verb:set package 'serial' build argument 'cmake_target' from command line to 'None'
[0.359s] Level 5:colcon.colcon_core.verb:set package 'serial' build argument 'cmake_target_skip_unavailable' from command line to 'False'
[0.359s] Level 5:colcon.colcon_core.verb:set package 'serial' build argument 'cmake_clean_cache' from command line to 'False'
[0.359s] Level 5:colcon.colcon_core.verb:set package 'serial' build argument 'cmake_clean_first' from command line to 'False'
[0.359s] Level 5:colcon.colcon_core.verb:set package 'serial' build argument 'cmake_force_configure' from command line to 'False'
[0.359s] Level 5:colcon.colcon_core.verb:set package 'serial' build argument 'ament_cmake_args' from command line to 'None'
[0.359s] Level 5:colcon.colcon_core.verb:set package 'serial' build argument 'catkin_cmake_args' from command line to 'None'
[0.359s] Level 5:colcon.colcon_core.verb:set package 'serial' build argument 'catkin_skip_building_tests' from command line to 'False'
[0.359s] DEBUG:colcon.colcon_core.verb:Building package 'serial' with the following arguments: {'ament_cmake_args': None, 'build_base': '/home/gyattbot/FinalYearProject/build/serial', 'catkin_cmake_args': None, 'catkin_skip_building_tests': False, 'cmake_args': None, 'cmake_clean_cache': False, 'cmake_clean_first': False, 'cmake_force_configure': False, 'cmake_target': None, 'cmake_target_skip_unavailable': False, 'install_base': '/home/gyattbot/FinalYearProject/install/serial', 'merge_install': False, 'path': '/home/gyattbot/FinalYearProject/src/serial', 'symlink_install': True, 'test_result_base': None}
[0.359s] INFO:colcon.colcon_core.executor:Executing jobs using 'parallel' executor
[0.361s] DEBUG:colcon.colcon_parallel_executor.executor.parallel:run_until_complete
[0.361s] INFO:colcon.colcon_ros.task.ament_cmake.build:Building ROS package in '/home/gyattbot/FinalYearProject/src/diffdrive_arduino' with build type 'ament_cmake'
[0.361s] INFO:colcon.colcon_cmake.task.cmake.build:Building CMake package in '/home/gyattbot/FinalYearProject/src/diffdrive_arduino'
[0.367s] INFO:colcon.colcon_core.plugin_system:Skipping extension 'colcon_core.shell.bat': Not used on non-Windows systems
[0.367s] INFO:colcon.colcon_core.shell:Skip shell extension 'powershell' for command environment: Not usable outside of PowerShell
[0.368s] DEBUG:colcon.colcon_core.shell:Skip shell extension 'dsv' for command environment
[0.378s] INFO:colcon.colcon_ros.task.ament_cmake.build:Building ROS package in '/home/gyattbot/FinalYearProject/src/robot_description' with build type 'ament_cmake'
[0.379s] INFO:colcon.colcon_cmake.task.cmake.build:Building CMake package in '/home/gyattbot/FinalYearProject/src/robot_description'
[0.381s] INFO:colcon.colcon_core.shell:Skip shell extension 'powershell' for command environment: Not usable outside of PowerShell
[0.381s] DEBUG:colcon.colcon_core.shell:Skip shell extension 'dsv' for command environment
[0.388s] INFO:colcon.colcon_ros.task.ament_cmake.build:Building ROS package in '/home/gyattbot/FinalYearProject/src/serial' with build type 'ament_cmake'
[0.388s] INFO:colcon.colcon_cmake.task.cmake.build:Building CMake package in '/home/gyattbot/FinalYearProject/src/serial'
[0.389s] INFO:colcon.colcon_core.shell:Skip shell extension 'powershell' for command environment: Not usable outside of PowerShell
[0.389s] DEBUG:colcon.colcon_core.shell:Skip shell extension 'dsv' for command environment
[0.401s] DEBUG:colcon.colcon_core.event_handler.log_command:Invoking command in '/home/gyattbot/FinalYearProject/build/diffdrive_arduino': CMAKE_PREFIX_PATH=${CMAKE_PREFIX_PATH}:/opt/ros/jazzy DEBUGINFOD_URLS=https://debuginfod.ubuntu.com /usr/bin/cmake --build /home/gyattbot/FinalYearProject/build/diffdrive_arduino -- -j4 -l4
[0.407s] DEBUG:colcon.colcon_core.event_handler.log_command:Invoking command in '/home/gyattbot/FinalYearProject/build/robot_description': CMAKE_PREFIX_PATH=${CMAKE_PREFIX_PATH}:/opt/ros/jazzy DEBUGINFOD_URLS=https://debuginfod.ubuntu.com /usr/bin/cmake --build /home/gyattbot/FinalYearProject/build/robot_description -- -j4 -l4
[0.425s] DEBUG:colcon.colcon_core.event_handler.log_command:Invoking command in '/home/gyattbot/FinalYearProject/build/serial': CMAKE_PREFIX_PATH=${CMAKE_PREFIX_PATH}:/opt/ros/jazzy DEBUGINFOD_URLS=https://debuginfod.ubuntu.com /usr/bin/cmake --build /home/gyattbot/FinalYearProject/build/serial -- -j4 -l4
[1.289s] DEBUG:colcon.colcon_core.event_handler.log_command:Invoked command in '/home/gyattbot/FinalYearProject/build/robot_description' returned '0': CMAKE_PREFIX_PATH=${CMAKE_PREFIX_PATH}:/opt/ros/jazzy DEBUGINFOD_URLS=https://debuginfod.ubuntu.com /usr/bin/cmake --build /home/gyattbot/FinalYearProject/build/robot_description -- -j4 -l4
[1.311s] DEBUG:colcon.colcon_core.event_handler.log_command:Invoking command in '/home/gyattbot/FinalYearProject/build/robot_description': CMAKE_PREFIX_PATH=${CMAKE_PREFIX_PATH}:/opt/ros/jazzy DEBUGINFOD_URLS=https://debuginfod.ubuntu.com /usr/bin/cmake --install /home/gyattbot/FinalYearProject/build/robot_description
[1.394s] Level 1:colcon.colcon_core.environment:create_environment_scripts_only(robot_description)
[1.397s] DEBUG:colcon.colcon_core.event_handler.log_command:Invoked command in '/home/gyattbot/FinalYearProject/build/robot_description' returned '0': CMAKE_PREFIX_PATH=${CMAKE_PREFIX_PATH}:/opt/ros/jazzy DEBUGINFOD_URLS=https://debuginfod.ubuntu.com /usr/bin/cmake --install /home/gyattbot/FinalYearProject/build/robot_description
[1.402s] Level 1:colcon.colcon_core.environment:checking '/home/gyattbot/FinalYearProject/install/robot_description' for CMake module files
[1.403s] Level 1:colcon.colcon_core.environment:checking '/home/gyattbot/FinalYearProject/install/robot_description' for CMake config files
[1.407s] Level 1:colcon.colcon_core.shell:create_environment_hook('robot_description', 'cmake_prefix_path')
[1.408s] INFO:colcon.colcon_core.shell:Creating environment hook '/home/gyattbot/FinalYearProject/install/robot_description/share/robot_description/hook/cmake_prefix_path.ps1'
[1.411s] INFO:colcon.colcon_core.shell:Creating environment descriptor '/home/gyattbot/FinalYearProject/install/robot_description/share/robot_description/hook/cmake_prefix_path.dsv'
[1.412s] INFO:colcon.colcon_core.shell:Creating environment hook '/home/gyattbot/FinalYearProject/install/robot_description/share/robot_description/hook/cmake_prefix_path.sh'
[1.418s] Level 1:colcon.colcon_core.environment:checking '/home/gyattbot/FinalYearProject/install/robot_description/bin'
[1.418s] Level 1:colcon.colcon_core.environment:checking '/home/gyattbot/FinalYearProject/install/robot_description/lib/pkgconfig/robot_description.pc'
[1.420s] Level 1:colcon.colcon_core.environment:checking '/home/gyattbot/FinalYearProject/install/robot_description/lib/python3.12/site-packages'
[1.422s] Level 1:colcon.colcon_core.environment:checking '/home/gyattbot/FinalYearProject/install/robot_description/bin'
[1.424s] INFO:colcon.colcon_core.shell:Creating package script '/home/gyattbot/FinalYearProject/install/robot_description/share/robot_description/package.ps1'
[1.425s] INFO:colcon.colcon_core.shell:Creating package descriptor '/home/gyattbot/FinalYearProject/install/robot_description/share/robot_description/package.dsv'
[1.426s] INFO:colcon.colcon_core.shell:Creating package script '/home/gyattbot/FinalYearProject/install/robot_description/share/robot_description/package.sh'
[1.428s] INFO:colcon.colcon_core.shell:Creating package script '/home/gyattbot/FinalYearProject/install/robot_description/share/robot_description/package.bash'
[1.429s] INFO:colcon.colcon_core.shell:Creating package script '/home/gyattbot/FinalYearProject/install/robot_description/share/robot_description/package.zsh'
[1.431s] Level 1:colcon.colcon_core.environment:create_file_with_runtime_dependencies(/home/gyattbot/FinalYearProject/install/robot_description/share/colcon-core/packages/robot_description)
[1.436s] Level 1:colcon.colcon_core.environment:create_environment_scripts_only(robot_description)
[1.436s] Level 1:colcon.colcon_core.environment:checking '/home/gyattbot/FinalYearProject/install/robot_description' for CMake module files
[1.437s] Level 1:colcon.colcon_core.environment:checking '/home/gyattbot/FinalYearProject/install/robot_description' for CMake config files
[1.438s] Level 1:colcon.colcon_core.shell:create_environment_hook('robot_description', 'cmake_prefix_path')
[1.439s] INFO:colcon.colcon_core.shell:Creating environment hook '/home/gyattbot/FinalYearProject/install/robot_description/share/robot_description/hook/cmake_prefix_path.ps1'
[1.440s] INFO:colcon.colcon_core.shell:Creating environment descriptor '/home/gyattbot/FinalYearProject/install/robot_description/share/robot_description/hook/cmake_prefix_path.dsv'
[1.446s] INFO:colcon.colcon_core.shell:Creating environment hook '/home/gyattbot/FinalYearProject/install/robot_description/share/robot_description/hook/cmake_prefix_path.sh'
[1.447s] Level 1:colcon.colcon_core.environment:checking '/home/gyattbot/FinalYearProject/install/robot_description/bin'
[1.447s] Level 1:colcon.colcon_core.environment:checking '/home/gyattbot/FinalYearProject/install/robot_description/lib/pkgconfig/robot_description.pc'
[1.448s] Level 1:colcon.colcon_core.environment:checking '/home/gyattbot/FinalYearProject/install/robot_description/lib/python3.12/site-packages'
[1.450s] Level 1:colcon.colcon_core.environment:checking '/home/gyattbot/FinalYearProject/install/robot_description/bin'
[1.451s] INFO:colcon.colcon_core.shell:Creating package script '/home/gyattbot/FinalYearProject/install/robot_description/share/robot_description/package.ps1'
[1.453s] INFO:colcon.colcon_core.shell:Creating package descriptor '/home/gyattbot/FinalYearProject/install/robot_description/share/robot_description/package.dsv'
[1.458s] INFO:colcon.colcon_core.shell:Creating package script '/home/gyattbot/FinalYearProject/install/robot_description/share/robot_description/package.sh'
[1.459s] INFO:colcon.colcon_core.shell:Creating package script '/home/gyattbot/FinalYearProject/install/robot_description/share/robot_description/package.bash'
[1.460s] INFO:colcon.colcon_core.shell:Creating package script '/home/gyattbot/FinalYearProject/install/robot_description/share/robot_description/package.zsh'
[1.464s] Level 1:colcon.colcon_core.environment:create_file_with_runtime_dependencies(/home/gyattbot/FinalYearProject/install/robot_description/share/colcon-core/packages/robot_description)
[5.580s] DEBUG:colcon.colcon_core.event_handler.log_command:Invoked command in '/home/gyattbot/FinalYearProject/build/serial' returned '0': CMAKE_PREFIX_PATH=${CMAKE_PREFIX_PATH}:/opt/ros/jazzy DEBUGINFOD_URLS=https://debuginfod.ubuntu.com /usr/bin/cmake --build /home/gyattbot/FinalYearProject/build/serial -- -j4 -l4
[5.582s] DEBUG:colcon.colcon_core.event_handler.log_command:Invoking command in '/home/gyattbot/FinalYearProject/build/serial': CMAKE_PREFIX_PATH=${CMAKE_PREFIX_PATH}:/opt/ros/jazzy DEBUGINFOD_URLS=https://debuginfod.ubuntu.com /usr/bin/cmake --install /home/gyattbot/FinalYearProject/build/serial
[5.634s] Level 1:colcon.colcon_core.environment:create_environment_scripts_only(serial)
[5.635s] Level 1:colcon.colcon_core.environment:checking '/home/gyattbot/FinalYearProject/install/serial' for CMake module files
[5.635s] DEBUG:colcon.colcon_core.event_handler.log_command:Invoked command in '/home/gyattbot/FinalYearProject/build/serial' returned '0': CMAKE_PREFIX_PATH=${CMAKE_PREFIX_PATH}:/opt/ros/jazzy DEBUGINFOD_URLS=https://debuginfod.ubuntu.com /usr/bin/cmake --install /home/gyattbot/FinalYearProject/build/serial
[5.636s] Level 1:colcon.colcon_core.environment:checking '/home/gyattbot/FinalYearProject/install/serial' for CMake config files
[5.636s] Level 1:colcon.colcon_core.shell:create_environment_hook('serial', 'cmake_prefix_path')
[5.637s] INFO:colcon.colcon_core.shell:Creating environment hook '/home/gyattbot/FinalYearProject/install/serial/share/serial/hook/cmake_prefix_path.ps1'
[5.637s] INFO:colcon.colcon_core.shell:Creating environment descriptor '/home/gyattbot/FinalYearProject/install/serial/share/serial/hook/cmake_prefix_path.dsv'
[5.638s] INFO:colcon.colcon_core.shell:Creating environment hook '/home/gyattbot/FinalYearProject/install/serial/share/serial/hook/cmake_prefix_path.sh'
[5.640s] Level 1:colcon.colcon_core.environment:checking '/home/gyattbot/FinalYearProject/install/serial/lib'
[5.640s] Level 1:colcon.colcon_core.environment:checking '/home/gyattbot/FinalYearProject/install/serial/bin'
[5.640s] Level 1:colcon.colcon_core.environment:checking '/home/gyattbot/FinalYearProject/install/serial/lib/pkgconfig/serial.pc'
[5.641s] Level 1:colcon.colcon_core.environment:checking '/home/gyattbot/FinalYearProject/install/serial/lib/python3.12/site-packages'
[5.641s] Level 1:colcon.colcon_core.environment:checking '/home/gyattbot/FinalYearProject/install/serial/bin'
[5.641s] INFO:colcon.colcon_core.shell:Creating package script '/home/gyattbot/FinalYearProject/install/serial/share/serial/package.ps1'
[5.642s] INFO:colcon.colcon_core.shell:Creating package descriptor '/home/gyattbot/FinalYearProject/install/serial/share/serial/package.dsv'
[5.643s] INFO:colcon.colcon_core.shell:Creating package script '/home/gyattbot/FinalYearProject/install/serial/share/serial/package.sh'
[5.643s] INFO:colcon.colcon_core.shell:Creating package script '/home/gyattbot/FinalYearProject/install/serial/share/serial/package.bash'
[5.644s] INFO:colcon.colcon_core.shell:Creating package script '/home/gyattbot/FinalYearProject/install/serial/share/serial/package.zsh'
[5.645s] Level 1:colcon.colcon_core.environment:create_file_with_runtime_dependencies(/home/gyattbot/FinalYearProject/install/serial/share/colcon-core/packages/serial)
[5.646s] Level 1:colcon.colcon_core.environment:create_environment_scripts_only(serial)
[5.646s] Level 1:colcon.colcon_core.environment:checking '/home/gyattbot/FinalYearProject/install/serial' for CMake module files
[5.647s] Level 1:colcon.colcon_core.environment:checking '/home/gyattbot/FinalYearProject/install/serial' for CMake config files
[5.647s] Level 1:colcon.colcon_core.shell:create_environment_hook('serial', 'cmake_prefix_path')
[5.647s] INFO:colcon.colcon_core.shell:Creating environment hook '/home/gyattbot/FinalYearProject/install/serial/share/serial/hook/cmake_prefix_path.ps1'
[5.648s] INFO:colcon.colcon_core.shell:Creating environment descriptor '/home/gyattbot/FinalYearProject/install/serial/share/serial/hook/cmake_prefix_path.dsv'
[5.649s] INFO:colcon.colcon_core.shell:Creating environment hook '/home/gyattbot/FinalYearProject/install/serial/share/serial/hook/cmake_prefix_path.sh'
[5.650s] Level 1:colcon.colcon_core.environment:checking '/home/gyattbot/FinalYearProject/install/serial/lib'
[5.650s] Level 1:colcon.colcon_core.environment:checking '/home/gyattbot/FinalYearProject/install/serial/bin'
[5.650s] Level 1:colcon.colcon_core.environment:checking '/home/gyattbot/FinalYearProject/install/serial/lib/pkgconfig/serial.pc'
[5.651s] Level 1:colcon.colcon_core.environment:checking '/home/gyattbot/FinalYearProject/install/serial/lib/python3.12/site-packages'
[5.651s] Level 1:colcon.colcon_core.environment:checking '/home/gyattbot/FinalYearProject/install/serial/bin'
[5.651s] INFO:colcon.colcon_core.shell:Creating package script '/home/gyattbot/FinalYearProject/install/serial/share/serial/package.ps1'
[5.652s] INFO:colcon.colcon_core.shell:Creating package descriptor '/home/gyattbot/FinalYearProject/install/serial/share/serial/package.dsv'
[5.653s] INFO:colcon.colcon_core.shell:Creating package script '/home/gyattbot/FinalYearProject/install/serial/share/serial/package.sh'
[5.654s] INFO:colcon.colcon_core.shell:Creating package script '/home/gyattbot/FinalYearProject/install/serial/share/serial/package.bash'
[5.655s] INFO:colcon.colcon_core.shell:Creating package script '/home/gyattbot/FinalYearProject/install/serial/share/serial/package.zsh'
[5.656s] Level 1:colcon.colcon_core.environment:create_file_with_runtime_dependencies(/home/gyattbot/FinalYearProject/install/serial/share/colcon-core/packages/serial)
[11.552s] DEBUG:colcon.colcon_core.event_handler.log_command:Invoked command in '/home/gyattbot/FinalYearProject/build/diffdrive_arduino' returned '0': CMAKE_PREFIX_PATH=${CMAKE_PREFIX_PATH}:/opt/ros/jazzy DEBUGINFOD_URLS=https://debuginfod.ubuntu.com /usr/bin/cmake --build /home/gyattbot/FinalYearProject/build/diffdrive_arduino -- -j4 -l4
[11.554s] DEBUG:colcon.colcon_core.event_handler.log_command:Invoking command in '/home/gyattbot/FinalYearProject/build/diffdrive_arduino': CMAKE_PREFIX_PATH=${CMAKE_PREFIX_PATH}:/opt/ros/jazzy DEBUGINFOD_URLS=https://debuginfod.ubuntu.com /usr/bin/cmake --install /home/gyattbot/FinalYearProject/build/diffdrive_arduino
[11.605s] Level 1:colcon.colcon_core.environment:create_environment_scripts_only(diffdrive_arduino)
[11.605s] Level 1:colcon.colcon_core.environment:checking '/home/gyattbot/FinalYearProject/install/diffdrive_arduino' for CMake module files
[11.606s] DEBUG:colcon.colcon_core.event_handler.log_command:Invoked command in '/home/gyattbot/FinalYearProject/build/diffdrive_arduino' returned '0': CMAKE_PREFIX_PATH=${CMAKE_PREFIX_PATH}:/opt/ros/jazzy DEBUGINFOD_URLS=https://debuginfod.ubuntu.com /usr/bin/cmake --install /home/gyattbot/FinalYearProject/build/diffdrive_arduino
[11.607s] Level 1:colcon.colcon_core.environment:checking '/home/gyattbot/FinalYearProject/install/diffdrive_arduino' for CMake config files
[11.607s] Level 1:colcon.colcon_core.shell:create_environment_hook('diffdrive_arduino', 'cmake_prefix_path')
[11.607s] INFO:colcon.colcon_core.shell:Creating environment hook '/home/gyattbot/FinalYearProject/install/diffdrive_arduino/share/diffdrive_arduino/hook/cmake_prefix_path.ps1'
[11.608s] INFO:colcon.colcon_core.shell:Creating environment descriptor '/home/gyattbot/FinalYearProject/install/diffdrive_arduino/share/diffdrive_arduino/hook/cmake_prefix_path.dsv'
[11.609s] INFO:colcon.colcon_core.shell:Creating environment hook '/home/gyattbot/FinalYearProject/install/diffdrive_arduino/share/diffdrive_arduino/hook/cmake_prefix_path.sh'
[11.610s] Level 1:colcon.colcon_core.environment:checking '/home/gyattbot/FinalYearProject/install/diffdrive_arduino/lib'
[11.610s] Level 1:colcon.colcon_core.shell:create_environment_hook('diffdrive_arduino', 'ld_library_path_lib')
[11.610s] INFO:colcon.colcon_core.shell:Creating environment hook '/home/gyattbot/FinalYearProject/install/diffdrive_arduino/share/diffdrive_arduino/hook/ld_library_path_lib.ps1'
[11.611s] INFO:colcon.colcon_core.shell:Creating environment descriptor '/home/gyattbot/FinalYearProject/install/diffdrive_arduino/share/diffdrive_arduino/hook/ld_library_path_lib.dsv'
[11.612s] INFO:colcon.colcon_core.shell:Creating environment hook '/home/gyattbot/FinalYearProject/install/diffdrive_arduino/share/diffdrive_arduino/hook/ld_library_path_lib.sh'
[11.613s] Level 1:colcon.colcon_core.environment:checking '/home/gyattbot/FinalYearProject/install/diffdrive_arduino/bin'
[11.613s] Level 1:colcon.colcon_core.environment:checking '/home/gyattbot/FinalYearProject/install/diffdrive_arduino/lib/pkgconfig/diffdrive_arduino.pc'
[11.613s] Level 1:colcon.colcon_core.environment:checking '/home/gyattbot/FinalYearProject/install/diffdrive_arduino/lib/python3.12/site-packages'
[11.614s] Level 1:colcon.colcon_core.environment:checking '/home/gyattbot/FinalYearProject/install/diffdrive_arduino/bin'
[11.614s] INFO:colcon.colcon_core.shell:Creating package script '/home/gyattbot/FinalYearProject/install/diffdrive_arduino/share/diffdrive_arduino/package.ps1'
[11.615s] INFO:colcon.colcon_core.shell:Creating package descriptor '/home/gyattbot/FinalYearProject/install/diffdrive_arduino/share/diffdrive_arduino/package.dsv'
[11.615s] INFO:colcon.colcon_core.shell:Creating package script '/home/gyattbot/FinalYearProject/install/diffdrive_arduino/share/diffdrive_arduino/package.sh'
[11.616s] INFO:colcon.colcon_core.shell:Creating package script '/home/gyattbot/FinalYearProject/install/diffdrive_arduino/share/diffdrive_arduino/package.bash'
[11.617s] INFO:colcon.colcon_core.shell:Creating package script '/home/gyattbot/FinalYearProject/install/diffdrive_arduino/share/diffdrive_arduino/package.zsh'
[11.618s] Level 1:colcon.colcon_core.environment:create_file_with_runtime_dependencies(/home/gyattbot/FinalYearProject/install/diffdrive_arduino/share/colcon-core/packages/diffdrive_arduino)
[11.619s] Level 1:colcon.colcon_core.environment:create_environment_scripts_only(diffdrive_arduino)
[11.619s] Level 1:colcon.colcon_core.environment:checking '/home/gyattbot/FinalYearProject/install/diffdrive_arduino' for CMake module files
[11.620s] Level 1:colcon.colcon_core.environment:checking '/home/gyattbot/FinalYearProject/install/diffdrive_arduino' for CMake config files
[11.620s] Level 1:colcon.colcon_core.shell:create_environment_hook('diffdrive_arduino', 'cmake_prefix_path')
[11.621s] INFO:colcon.colcon_core.shell:Creating environment hook '/home/gyattbot/FinalYearProject/install/diffdrive_arduino/share/diffdrive_arduino/hook/cmake_prefix_path.ps1'
[11.621s] INFO:colcon.colcon_core.shell:Creating environment descriptor '/home/gyattbot/FinalYearProject/install/diffdrive_arduino/share/diffdrive_arduino/hook/cmake_prefix_path.dsv'
[11.622s] INFO:colcon.colcon_core.shell:Creating environment hook '/home/gyattbot/FinalYearProject/install/diffdrive_arduino/share/diffdrive_arduino/hook/cmake_prefix_path.sh'
[11.623s] Level 1:colcon.colcon_core.environment:checking '/home/gyattbot/FinalYearProject/install/diffdrive_arduino/lib'
[11.623s] Level 1:colcon.colcon_core.shell:create_environment_hook('diffdrive_arduino', 'ld_library_path_lib')
[11.624s] INFO:colcon.colcon_core.shell:Creating environment hook '/home/gyattbot/FinalYearProject/install/diffdrive_arduino/share/diffdrive_arduino/hook/ld_library_path_lib.ps1'
[11.624s] INFO:colcon.colcon_core.shell:Creating environment descriptor '/home/gyattbot/FinalYearProject/install/diffdrive_arduino/share/diffdrive_arduino/hook/ld_library_path_lib.dsv'
[11.625s] INFO:colcon.colcon_core.shell:Creating environment hook '/home/gyattbot/FinalYearProject/install/diffdrive_arduino/share/diffdrive_arduino/hook/ld_library_path_lib.sh'
[11.626s] Level 1:colcon.colcon_core.environment:checking '/home/gyattbot/FinalYearProject/install/diffdrive_arduino/bin'
[11.626s] Level 1:colcon.colcon_core.environment:checking '/home/gyattbot/FinalYearProject/install/diffdrive_arduino/lib/pkgconfig/diffdrive_arduino.pc'
[11.626s] Level 1:colcon.colcon_core.environment:checking '/home/gyattbot/FinalYearProject/install/diffdrive_arduino/lib/python3.12/site-packages'
[11.627s] Level 1:colcon.colcon_core.environment:checking '/home/gyattbot/FinalYearProject/install/diffdrive_arduino/bin'
[11.627s] INFO:colcon.colcon_core.shell:Creating package script '/home/gyattbot/FinalYearProject/install/diffdrive_arduino/share/diffdrive_arduino/package.ps1'
[11.628s] INFO:colcon.colcon_core.shell:Creating package descriptor '/home/gyattbot/FinalYearProject/install/diffdrive_arduino/share/diffdrive_arduino/package.dsv'
[11.628s] INFO:colcon.colcon_core.shell:Creating package script '/home/gyattbot/FinalYearProject/install/diffdrive_arduino/share/diffdrive_arduino/package.sh'
[11.629s] INFO:colcon.colcon_core.shell:Creating package script '/home/gyattbot/FinalYearProject/install/diffdrive_arduino/share/diffdrive_arduino/package.bash'
[11.630s] INFO:colcon.colcon_core.shell:Creating package script '/home/gyattbot/FinalYearProject/install/diffdrive_arduino/share/diffdrive_arduino/package.zsh'
[11.631s] Level 1:colcon.colcon_core.environment:create_file_with_runtime_dependencies(/home/gyattbot/FinalYearProject/install/diffdrive_arduino/share/colcon-core/packages/diffdrive_arduino)
[11.632s] DEBUG:colcon.colcon_parallel_executor.executor.parallel:closing loop
[11.634s] DEBUG:colcon.colcon_parallel_executor.executor.parallel:loop closed
[11.635s] DEBUG:colcon.colcon_parallel_executor.executor.parallel:run_until_complete finished with '0'
[11.635s] DEBUG:colcon.colcon_core.event_reactor:joining thread
[11.653s] INFO:colcon.colcon_core.plugin_system:Skipping extension 'colcon_notification.desktop_notification.terminal_notifier': Not used on non-Darwin systems
[11.653s] INFO:colcon.colcon_core.plugin_system:Skipping extension 'colcon_notification.desktop_notification.win32': Not used on non-Windows systems
[11.653s] INFO:colcon.colcon_notification.desktop_notification:Sending desktop notification using 'notify2'
[11.680s] DEBUG:colcon.colcon_core.event_reactor:joined thread
[11.680s] INFO:colcon.colcon_core.shell:Creating prefix script '/home/gyattbot/FinalYearProject/install/local_setup.ps1'
[11.682s] INFO:colcon.colcon_core.shell:Creating prefix util module '/home/gyattbot/FinalYearProject/install/_local_setup_util_ps1.py'
[11.683s] INFO:colcon.colcon_core.shell:Creating prefix chain script '/home/gyattbot/FinalYearProject/install/setup.ps1'
[11.685s] INFO:colcon.colcon_core.shell:Creating prefix script '/home/gyattbot/FinalYearProject/install/local_setup.sh'
[11.686s] INFO:colcon.colcon_core.shell:Creating prefix util module '/home/gyattbot/FinalYearProject/install/_local_setup_util_sh.py'
[11.687s] INFO:colcon.colcon_core.shell:Creating prefix chain script '/home/gyattbot/FinalYearProject/install/setup.sh'
[11.689s] INFO:colcon.colcon_core.shell:Creating prefix script '/home/gyattbot/FinalYearProject/install/local_setup.bash'
[11.691s] INFO:colcon.colcon_core.shell:Creating prefix chain script '/home/gyattbot/FinalYearProject/install/setup.bash'
[11.697s] INFO:colcon.colcon_core.shell:Creating prefix script '/home/gyattbot/FinalYearProject/install/local_setup.zsh'
[11.698s] INFO:colcon.colcon_core.shell:Creating prefix chain script '/home/gyattbot/FinalYearProject/install/setup.zsh'
