[0.025s] Invoking command in '/home/gyattbot/FinalYearProject/build/robot_description': CMAKE_PREFIX_PATH=${CMAKE_PREFIX_PATH}:/opt/ros/jazzy DEBUGINFOD_URLS=https://debuginfod.ubuntu.com /usr/bin/cmake --build /home/gyattbot/FinalYearProject/build/robot_description -- -j4 -l4
[0.090s] -- Found ament_cmake: 2.5.3 (/opt/ros/jazzy/share/ament_cmake/cmake)
[0.583s] -- Override CMake install command with custom implementation using symlinks instead of copying resources
[0.605s] -- Found xacro: 2.0.11 (/opt/ros/jazzy/share/xacro/cmake)
[0.606s] -- Found ament_lint_auto: 0.17.1 (/opt/ros/jazzy/share/ament_lint_auto/cmake)
[0.825s] -- Added test 'copyright' to check source files copyright and LICENSE
[0.827s] -- Added test 'flake8' to check Python code syntax and style conventions
[0.828s] -- Configured 'flake8' exclude dirs and/or files: 
[0.829s] -- Added test 'lint_cmake' to check CMake code style
[0.830s] -- Added test 'pep257' to check Python code against some of the docstring style conventions in PEP 257
[0.833s] -- Added test 'xmllint' to check XML markup files
[0.835s] -- Configuring done (0.8s)
[0.843s] -- Generating done (0.0s)
[0.850s] -- Build files have been written to: /home/gyattbot/FinalYearProject/build/robot_description
[0.907s] Invoked command in '/home/gyattbot/FinalYearProject/build/robot_description' returned '0': CMAKE_PREFIX_PATH=${CMAKE_PREFIX_PATH}:/opt/ros/jazzy DEBUGINFOD_URLS=https://debuginfod.ubuntu.com /usr/bin/cmake --build /home/gyattbot/FinalYearProject/build/robot_description -- -j4 -l4
[0.929s] Invoking command in '/home/gyattbot/FinalYearProject/build/robot_description': CMAKE_PREFIX_PATH=${CMAKE_PREFIX_PATH}:/opt/ros/jazzy DEBUGINFOD_URLS=https://debuginfod.ubuntu.com /usr/bin/cmake --install /home/gyattbot/FinalYearProject/build/robot_description
[0.944s] -- Install configuration: ""
[0.945s] -- Execute custom install script
[0.946s] -- Up-to-date symlink: /home/gyattbot/FinalYearProject/install/robot_description/share/robot_description/src/description/bot_core.xacro
[0.946s] -- Up-to-date symlink: /home/gyattbot/FinalYearProject/install/robot_description/share/robot_description/src/description/gazebo_control.xacro
[0.947s] -- Up-to-date symlink: /home/gyattbot/FinalYearProject/install/robot_description/share/robot_description/src/description/imu.xacro
[0.947s] -- Up-to-date symlink: /home/gyattbot/FinalYearProject/install/robot_description/share/robot_description/src/description/inertial_macros.xacro
[0.947s] -- Up-to-date symlink: /home/gyattbot/FinalYearProject/install/robot_description/share/robot_description/src/description/lidar.xacro
[0.947s] -- Up-to-date symlink: /home/gyattbot/FinalYearProject/install/robot_description/share/robot_description/src/description/robot_constants.xacro
[0.948s] -- Up-to-date symlink: /home/gyattbot/FinalYearProject/install/robot_description/share/robot_description/src/description/robot_description.urdf.xacro
[0.948s] -- Up-to-date symlink: /home/gyattbot/FinalYearProject/install/robot_description/share/robot_description/src/description/ros2_control.xacro
[0.948s] -- Up-to-date symlink: /home/gyattbot/FinalYearProject/install/robot_description/share/robot_description/launch/launch_robot.launch.py
[0.949s] -- Up-to-date symlink: /home/gyattbot/FinalYearProject/install/robot_description/share/robot_description/launch/localization_launch.py
[0.949s] -- Up-to-date symlink: /home/gyattbot/FinalYearProject/install/robot_description/share/robot_description/launch/navigation_launch.py
[0.949s] -- Up-to-date symlink: /home/gyattbot/FinalYearProject/install/robot_description/share/robot_description/launch/online_async_launch.py
[0.950s] -- Up-to-date symlink: /home/gyattbot/FinalYearProject/install/robot_description/share/robot_description/launch/rplidar.launch.py
[0.950s] -- Up-to-date symlink: /home/gyattbot/FinalYearProject/install/robot_description/share/robot_description/launch/rsp.launch.py
[0.950s] -- Up-to-date symlink: /home/gyattbot/FinalYearProject/install/robot_description/share/robot_description/launch/sim.launch.py
[0.951s] -- Up-to-date symlink: /home/gyattbot/FinalYearProject/install/robot_description/share/robot_description/config/ekf.yaml
[0.954s] -- Up-to-date symlink: /home/gyattbot/FinalYearProject/install/robot_description/share/robot_description/config/gazebo_params.yaml
[0.955s] -- Up-to-date symlink: /home/gyattbot/FinalYearProject/install/robot_description/share/robot_description/config/mapper_params_online_async.yaml
[0.955s] -- Up-to-date symlink: /home/gyattbot/FinalYearProject/install/robot_description/share/robot_description/config/my_controllers.yaml
[0.956s] -- Up-to-date symlink: /home/gyattbot/FinalYearProject/install/robot_description/share/robot_description/config/nav2_params.yaml
[0.957s] -- Up-to-date symlink: /home/gyattbot/FinalYearProject/install/robot_description/share/robot_description/world/map.sdf
[0.958s] -- Up-to-date symlink: /home/gyattbot/FinalYearProject/install/robot_description/share/robot_description/world/map.world
[0.958s] -- Up-to-date symlink: /home/gyattbot/FinalYearProject/install/robot_description/share/robot_description/world/map2.world
[0.959s] -- Up-to-date symlink: /home/gyattbot/FinalYearProject/install/robot_description/share/ament_index/resource_index/package_run_dependencies/robot_description
[0.959s] -- Up-to-date symlink: /home/gyattbot/FinalYearProject/install/robot_description/share/ament_index/resource_index/parent_prefix_path/robot_description
[0.960s] -- Up-to-date symlink: /home/gyattbot/FinalYearProject/install/robot_description/share/robot_description/environment/ament_prefix_path.sh
[0.960s] -- Up-to-date symlink: /home/gyattbot/FinalYearProject/install/robot_description/share/robot_description/environment/ament_prefix_path.dsv
[0.962s] -- Up-to-date symlink: /home/gyattbot/FinalYearProject/install/robot_description/share/robot_description/environment/path.sh
[0.963s] -- Up-to-date symlink: /home/gyattbot/FinalYearProject/install/robot_description/share/robot_description/environment/path.dsv
[0.963s] -- Up-to-date symlink: /home/gyattbot/FinalYearProject/install/robot_description/share/robot_description/local_setup.bash
[0.964s] -- Up-to-date symlink: /home/gyattbot/FinalYearProject/install/robot_description/share/robot_description/local_setup.sh
[0.965s] -- Up-to-date symlink: /home/gyattbot/FinalYearProject/install/robot_description/share/robot_description/local_setup.zsh
[0.965s] -- Up-to-date symlink: /home/gyattbot/FinalYearProject/install/robot_description/share/robot_description/local_setup.dsv
[0.967s] -- Symlinking: /home/gyattbot/FinalYearProject/install/robot_description/share/robot_description/package.dsv
[0.999s] -- Up-to-date symlink: /home/gyattbot/FinalYearProject/install/robot_description/share/ament_index/resource_index/packages/robot_description
[0.999s] -- Up-to-date symlink: /home/gyattbot/FinalYearProject/install/robot_description/share/robot_description/cmake/robot_descriptionConfig.cmake
[0.999s] -- Up-to-date symlink: /home/gyattbot/FinalYearProject/install/robot_description/share/robot_description/cmake/robot_descriptionConfig-version.cmake
[1.008s] -- Up-to-date symlink: /home/gyattbot/FinalYearProject/install/robot_description/share/robot_description/package.xml
[1.015s] Invoked command in '/home/gyattbot/FinalYearProject/build/robot_description' returned '0': CMAKE_PREFIX_PATH=${CMAKE_PREFIX_PATH}:/opt/ros/jazzy DEBUGINFOD_URLS=https://debuginfod.ubuntu.com /usr/bin/cmake --install /home/gyattbot/FinalYearProject/build/robot_description
