[0.102s] [34mcolcon[0m [1;30mDEBUG[0m [32mCommand line arguments: ['/Users/wiktorkowalczyk/miniconda3/envs/ros_env/bin/colcon', 'build', '--symlink-install', '--packages-select', 'helper_nodes'][0m
[0.102s] [34mcolcon[0m [1;30mDEBUG[0m [32mParsed command line arguments: Namespace(log_base=None, log_level=None, verb_name='build', build_base='build', install_base='install', merge_install=False, symlink_install=True, test_result_base=None, continue_on_error=False, executor='parallel', parallel_workers=8, event_handlers=None, ignore_user_meta=False, metas=['./colcon.meta'], base_paths=['.'], packages_ignore=None, packages_ignore_regex=None, paths=None, packages_up_to=None, packages_up_to_regex=None, packages_above=None, packages_above_and_dependencies=None, packages_above_depth=None, packages_select_by_dep=None, packages_skip_by_dep=None, packages_skip_up_to=None, packages_select_build_failed=False, packages_skip_build_finished=False, packages_select_test_failures=False, packages_skip_test_passed=False, packages_select=['helper_nodes'], packages_skip=None, packages_select_regex=None, packages_skip_regex=None, packages_start=None, packages_end=None, cmake_args=None, cmake_target=None, cmake_target_skip_unavailable=False, cmake_clean_cache=False, cmake_clean_first=False, cmake_force_configure=False, ament_cmake_args=None, catkin_cmake_args=None, catkin_skip_building_tests=False, verb_parser=<colcon_defaults.argument_parser.defaults.DefaultArgumentsDecorator object at 0x10248d6d0>, verb_extension=<colcon_core.verb.build.BuildVerb object at 0x10248d010>, main=<bound method BuildVerb.main of <colcon_core.verb.build.BuildVerb object at 0x10248d010>>)[0m
[0.122s] [34mcolcon.colcon_core.package_discovery[0m [1;30mLevel 1[0m discover_packages(colcon_meta) check parameters
[0.122s] [34mcolcon.colcon_core.package_discovery[0m [1;30mLevel 1[0m discover_packages(recursive) check parameters
[0.122s] [34mcolcon.colcon_core.package_discovery[0m [1;30mLevel 1[0m discover_packages(ignore) check parameters
[0.122s] [34mcolcon.colcon_core.package_discovery[0m [1;30mLevel 1[0m discover_packages(path) check parameters
[0.122s] [34mcolcon.colcon_core.package_discovery[0m [1;30mLevel 1[0m discover_packages(colcon_meta) discover
[0.122s] [34mcolcon.colcon_core.package_discovery[0m [1;30mLevel 1[0m discover_packages(recursive) discover
[0.122s] [34mcolcon.colcon_core.package_discovery[0m [1;30mINFO[0m Crawling recursively for packages in '/Users/wiktorkowalczyk/Desktop/School/FYP/FinalYearProject'
[0.122s] [34mcolcon.colcon_core.package_identification[0m [1;30mLevel 1[0m _identify(.) by extensions ['ignore', 'ignore_ament_install']
[0.122s] [34mcolcon.colcon_core.package_identification[0m [1;30mLevel 1[0m _identify(.) by extension 'ignore'
[0.122s] [34mcolcon.colcon_core.package_identification[0m [1;30mLevel 1[0m _identify(.) by extension 'ignore_ament_install'
[0.122s] [34mcolcon.colcon_core.package_identification[0m [1;30mLevel 1[0m _identify(.) by extensions ['colcon_pkg']
[0.122s] [34mcolcon.colcon_core.package_identification[0m [1;30mLevel 1[0m _identify(.) by extension 'colcon_pkg'
[0.122s] [34mcolcon.colcon_core.package_identification[0m [1;30mLevel 1[0m _identify(.) by extensions ['colcon_meta']
[0.122s] [34mcolcon.colcon_core.package_identification[0m [1;30mLevel 1[0m _identify(.) by extension 'colcon_meta'
[0.122s] [34mcolcon.colcon_core.package_identification[0m [1;30mLevel 1[0m _identify(.) by extensions ['ros']
[0.122s] [34mcolcon.colcon_core.package_identification[0m [1;30mLevel 1[0m _identify(.) by extension 'ros'
[0.135s] [34mcolcon.colcon_core.package_identification[0m [1;30mLevel 1[0m _identify(.) by extensions ['cmake', 'python']
[0.135s] [34mcolcon.colcon_core.package_identification[0m [1;30mLevel 1[0m _identify(.) by extension 'cmake'
[0.135s] [34mcolcon.colcon_core.package_identification[0m [1;30mLevel 1[0m _identify(.) by extension 'python'
[0.135s] [34mcolcon.colcon_core.package_identification[0m [1;30mLevel 1[0m _identify(.) by extensions ['python_setup_py']
[0.135s] [34mcolcon.colcon_core.package_identification[0m [1;30mLevel 1[0m _identify(.) by extension 'python_setup_py'
[0.135s] [34mcolcon.colcon_core.package_identification[0m [1;30mLevel 1[0m _identify(build) by extensions ['ignore', 'ignore_ament_install']
[0.135s] [34mcolcon.colcon_core.package_identification[0m [1;30mLevel 1[0m _identify(build) by extension 'ignore'
[0.135s] [34mcolcon.colcon_core.package_identification[0m [1;30mLevel 1[0m _identify(build) ignored
[0.136s] [34mcolcon.colcon_core.package_identification[0m [1;30mLevel 1[0m _identify(install) by extensions ['ignore', 'ignore_ament_install']
[0.136s] [34mcolcon.colcon_core.package_identification[0m [1;30mLevel 1[0m _identify(install) by extension 'ignore'
[0.136s] [34mcolcon.colcon_core.package_identification[0m [1;30mLevel 1[0m _identify(install) ignored
[0.136s] [34mcolcon.colcon_core.package_identification[0m [1;30mLevel 1[0m _identify(log) by extensions ['ignore', 'ignore_ament_install']
[0.136s] [34mcolcon.colcon_core.package_identification[0m [1;30mLevel 1[0m _identify(log) by extension 'ignore'
[0.136s] [34mcolcon.colcon_core.package_identification[0m [1;30mLevel 1[0m _identify(log) ignored
[0.136s] [34mcolcon.colcon_core.package_identification[0m [1;30mLevel 1[0m _identify(media) by extensions ['ignore', 'ignore_ament_install']
[0.136s] [34mcolcon.colcon_core.package_identification[0m [1;30mLevel 1[0m _identify(media) by extension 'ignore'
[0.136s] [34mcolcon.colcon_core.package_identification[0m [1;30mLevel 1[0m _identify(media) by extension 'ignore_ament_install'
[0.136s] [34mcolcon.colcon_core.package_identification[0m [1;30mLevel 1[0m _identify(media) by extensions ['colcon_pkg']
[0.136s] [34mcolcon.colcon_core.package_identification[0m [1;30mLevel 1[0m _identify(media) by extension 'colcon_pkg'
[0.136s] [34mcolcon.colcon_core.package_identification[0m [1;30mLevel 1[0m _identify(media) by extensions ['colcon_meta']
[0.136s] [34mcolcon.colcon_core.package_identification[0m [1;30mLevel 1[0m _identify(media) by extension 'colcon_meta'
[0.136s] [34mcolcon.colcon_core.package_identification[0m [1;30mLevel 1[0m _identify(media) by extensions ['ros']
[0.136s] [34mcolcon.colcon_core.package_identification[0m [1;30mLevel 1[0m _identify(media) by extension 'ros'
[0.136s] [34mcolcon.colcon_core.package_identification[0m [1;30mLevel 1[0m _identify(media) by extensions ['cmake', 'python']
[0.136s] [34mcolcon.colcon_core.package_identification[0m [1;30mLevel 1[0m _identify(media) by extension 'cmake'
[0.136s] [34mcolcon.colcon_core.package_identification[0m [1;30mLevel 1[0m _identify(media) by extension 'python'
[0.136s] [34mcolcon.colcon_core.package_identification[0m [1;30mLevel 1[0m _identify(media) by extensions ['python_setup_py']
[0.136s] [34mcolcon.colcon_core.package_identification[0m [1;30mLevel 1[0m _identify(media) by extension 'python_setup_py'
[0.136s] [34mcolcon.colcon_core.package_identification[0m [1;30mLevel 1[0m _identify(src) by extensions ['ignore', 'ignore_ament_install']
[0.136s] [34mcolcon.colcon_core.package_identification[0m [1;30mLevel 1[0m _identify(src) by extension 'ignore'
[0.136s] [34mcolcon.colcon_core.package_identification[0m [1;30mLevel 1[0m _identify(src) by extension 'ignore_ament_install'
[0.136s] [34mcolcon.colcon_core.package_identification[0m [1;30mLevel 1[0m _identify(src) by extensions ['colcon_pkg']
[0.136s] [34mcolcon.colcon_core.package_identification[0m [1;30mLevel 1[0m _identify(src) by extension 'colcon_pkg'
[0.136s] [34mcolcon.colcon_core.package_identification[0m [1;30mLevel 1[0m _identify(src) by extensions ['colcon_meta']
[0.136s] [34mcolcon.colcon_core.package_identification[0m [1;30mLevel 1[0m _identify(src) by extension 'colcon_meta'
[0.136s] [34mcolcon.colcon_core.package_identification[0m [1;30mLevel 1[0m _identify(src) by extensions ['ros']
[0.136s] [34mcolcon.colcon_core.package_identification[0m [1;30mLevel 1[0m _identify(src) by extension 'ros'
[0.136s] [34mcolcon.colcon_core.package_identification[0m [1;30mLevel 1[0m _identify(src) by extensions ['cmake', 'python']
[0.136s] [34mcolcon.colcon_core.package_identification[0m [1;30mLevel 1[0m _identify(src) by extension 'cmake'
[0.136s] [34mcolcon.colcon_core.package_identification[0m [1;30mLevel 1[0m _identify(src) by extension 'python'
[0.136s] [34mcolcon.colcon_core.package_identification[0m [1;30mLevel 1[0m _identify(src) by extensions ['python_setup_py']
[0.136s] [34mcolcon.colcon_core.package_identification[0m [1;30mLevel 1[0m _identify(src) by extension 'python_setup_py'
[0.136s] [34mcolcon.colcon_core.package_identification[0m [1;30mLevel 1[0m _identify(src/a_star) by extensions ['ignore', 'ignore_ament_install']
[0.136s] [34mcolcon.colcon_core.package_identification[0m [1;30mLevel 1[0m _identify(src/a_star) by extension 'ignore'
[0.136s] [34mcolcon.colcon_core.package_identification[0m [1;30mLevel 1[0m _identify(src/a_star) ignored
[0.136s] [34mcolcon.colcon_core.package_identification[0m [1;30mLevel 1[0m _identify(src/diffdrive_arduino) by extensions ['ignore', 'ignore_ament_install']
[0.136s] [34mcolcon.colcon_core.package_identification[0m [1;30mLevel 1[0m _identify(src/diffdrive_arduino) by extension 'ignore'
[0.136s] [34mcolcon.colcon_core.package_identification[0m [1;30mLevel 1[0m _identify(src/diffdrive_arduino) by extension 'ignore_ament_install'
[0.136s] [34mcolcon.colcon_core.package_identification[0m [1;30mLevel 1[0m _identify(src/diffdrive_arduino) by extensions ['colcon_pkg']
[0.136s] [34mcolcon.colcon_core.package_identification[0m [1;30mLevel 1[0m _identify(src/diffdrive_arduino) by extension 'colcon_pkg'
[0.136s] [34mcolcon.colcon_core.package_identification[0m [1;30mLevel 1[0m _identify(src/diffdrive_arduino) by extensions ['colcon_meta']
[0.136s] [34mcolcon.colcon_core.package_identification[0m [1;30mLevel 1[0m _identify(src/diffdrive_arduino) by extension 'colcon_meta'
[0.136s] [34mcolcon.colcon_core.package_identification[0m [1;30mLevel 1[0m _identify(src/diffdrive_arduino) by extensions ['ros']
[0.137s] [34mcolcon.colcon_core.package_identification[0m [1;30mLevel 1[0m _identify(src/diffdrive_arduino) by extension 'ros'
[0.138s] [34mcolcon.colcon_core.package_identification[0m [1;30mDEBUG[0m [32mPackage 'src/diffdrive_arduino' with type 'ros.ament_cmake' and name 'diffdrive_arduino'[0m
[0.138s] [34mcolcon.colcon_core.package_identification[0m [1;30mLevel 1[0m _identify(src/facial_recognition) by extensions ['ignore', 'ignore_ament_install']
[0.138s] [34mcolcon.colcon_core.package_identification[0m [1;30mLevel 1[0m _identify(src/facial_recognition) by extension 'ignore'
[0.138s] [34mcolcon.colcon_core.package_identification[0m [1;30mLevel 1[0m _identify(src/facial_recognition) by extension 'ignore_ament_install'
[0.138s] [34mcolcon.colcon_core.package_identification[0m [1;30mLevel 1[0m _identify(src/facial_recognition) by extensions ['colcon_pkg']
[0.138s] [34mcolcon.colcon_core.package_identification[0m [1;30mLevel 1[0m _identify(src/facial_recognition) by extension 'colcon_pkg'
[0.138s] [34mcolcon.colcon_core.package_identification[0m [1;30mLevel 1[0m _identify(src/facial_recognition) by extensions ['colcon_meta']
[0.138s] [34mcolcon.colcon_core.package_identification[0m [1;30mLevel 1[0m _identify(src/facial_recognition) by extension 'colcon_meta'
[0.138s] [34mcolcon.colcon_core.package_identification[0m [1;30mLevel 1[0m _identify(src/facial_recognition) by extensions ['ros']
[0.138s] [34mcolcon.colcon_core.package_identification[0m [1;30mLevel 1[0m _identify(src/facial_recognition) by extension 'ros'
[0.138s] [34mcolcon.colcon_core.package_identification[0m [1;30mLevel 1[0m _identify(src/facial_recognition) by extensions ['cmake', 'python']
[0.138s] [34mcolcon.colcon_core.package_identification[0m [1;30mLevel 1[0m _identify(src/facial_recognition) by extension 'cmake'
[0.138s] [34mcolcon.colcon_core.package_identification[0m [1;30mLevel 1[0m _identify(src/facial_recognition) by extension 'python'
[0.138s] [34mcolcon.colcon_core.package_identification[0m [1;30mLevel 1[0m _identify(src/facial_recognition) by extensions ['python_setup_py']
[0.138s] [34mcolcon.colcon_core.package_identification[0m [1;30mLevel 1[0m _identify(src/facial_recognition) by extension 'python_setup_py'
[0.138s] [34mcolcon.colcon_core.package_identification[0m [1;30mLevel 1[0m _identify(src/helper_nodes) by extensions ['ignore', 'ignore_ament_install']
[0.138s] [34mcolcon.colcon_core.package_identification[0m [1;30mLevel 1[0m _identify(src/helper_nodes) by extension 'ignore'
[0.139s] [34mcolcon.colcon_core.package_identification[0m [1;30mLevel 1[0m _identify(src/helper_nodes) by extension 'ignore_ament_install'
[0.139s] [34mcolcon.colcon_core.package_identification[0m [1;30mLevel 1[0m _identify(src/helper_nodes) by extensions ['colcon_pkg']
[0.139s] [34mcolcon.colcon_core.package_identification[0m [1;30mLevel 1[0m _identify(src/helper_nodes) by extension 'colcon_pkg'
[0.139s] [34mcolcon.colcon_core.package_identification[0m [1;30mLevel 1[0m _identify(src/helper_nodes) by extensions ['colcon_meta']
[0.139s] [34mcolcon.colcon_core.package_identification[0m [1;30mLevel 1[0m _identify(src/helper_nodes) by extension 'colcon_meta'
[0.139s] [34mcolcon.colcon_core.package_identification[0m [1;30mLevel 1[0m _identify(src/helper_nodes) by extensions ['ros']
[0.139s] [34mcolcon.colcon_core.package_identification[0m [1;30mLevel 1[0m _identify(src/helper_nodes) by extension 'ros'
[0.139s] [34mcolcon.colcon_core.package_identification[0m [1;30mDEBUG[0m [32mPackage 'src/helper_nodes' with type 'ros.ament_python' and name 'helper_nodes'[0m
[0.139s] [34mcolcon.colcon_core.package_identification[0m [1;30mLevel 1[0m _identify(src/odometry) by extensions ['ignore', 'ignore_ament_install']
[0.139s] [34mcolcon.colcon_core.package_identification[0m [1;30mLevel 1[0m _identify(src/odometry) by extension 'ignore'
[0.139s] [34mcolcon.colcon_core.package_identification[0m [1;30mLevel 1[0m _identify(src/odometry) ignored
[0.139s] [34mcolcon.colcon_core.package_identification[0m [1;30mLevel 1[0m _identify(src/robot_description) by extensions ['ignore', 'ignore_ament_install']
[0.139s] [34mcolcon.colcon_core.package_identification[0m [1;30mLevel 1[0m _identify(src/robot_description) by extension 'ignore'
[0.139s] [34mcolcon.colcon_core.package_identification[0m [1;30mLevel 1[0m _identify(src/robot_description) by extension 'ignore_ament_install'
[0.139s] [34mcolcon.colcon_core.package_identification[0m [1;30mLevel 1[0m _identify(src/robot_description) by extensions ['colcon_pkg']
[0.139s] [34mcolcon.colcon_core.package_identification[0m [1;30mLevel 1[0m _identify(src/robot_description) by extension 'colcon_pkg'
[0.139s] [34mcolcon.colcon_core.package_identification[0m [1;30mLevel 1[0m _identify(src/robot_description) by extensions ['colcon_meta']
[0.139s] [34mcolcon.colcon_core.package_identification[0m [1;30mLevel 1[0m _identify(src/robot_description) by extension 'colcon_meta'
[0.139s] [34mcolcon.colcon_core.package_identification[0m [1;30mLevel 1[0m _identify(src/robot_description) by extensions ['ros']
[0.139s] [34mcolcon.colcon_core.package_identification[0m [1;30mLevel 1[0m _identify(src/robot_description) by extension 'ros'
[0.140s] [34mcolcon.colcon_core.package_identification[0m [1;30mDEBUG[0m [32mPackage 'src/robot_description' with type 'ros.ament_cmake' and name 'robot_description'[0m
[0.140s] [34mcolcon.colcon_core.package_identification[0m [1;30mLevel 1[0m _identify(src/serial) by extensions ['ignore', 'ignore_ament_install']
[0.140s] [34mcolcon.colcon_core.package_identification[0m [1;30mLevel 1[0m _identify(src/serial) by extension 'ignore'
[0.140s] [34mcolcon.colcon_core.package_identification[0m [1;30mLevel 1[0m _identify(src/serial) by extension 'ignore_ament_install'
[0.140s] [34mcolcon.colcon_core.package_identification[0m [1;30mLevel 1[0m _identify(src/serial) by extensions ['colcon_pkg']
[0.140s] [34mcolcon.colcon_core.package_identification[0m [1;30mLevel 1[0m _identify(src/serial) by extension 'colcon_pkg'
[0.140s] [34mcolcon.colcon_core.package_identification[0m [1;30mLevel 1[0m _identify(src/serial) by extensions ['colcon_meta']
[0.140s] [34mcolcon.colcon_core.package_identification[0m [1;30mLevel 1[0m _identify(src/serial) by extension 'colcon_meta'
[0.140s] [34mcolcon.colcon_core.package_identification[0m [1;30mLevel 1[0m _identify(src/serial) by extensions ['ros']
[0.140s] [34mcolcon.colcon_core.package_identification[0m [1;30mLevel 1[0m _identify(src/serial) by extension 'ros'
[0.140s] [34mcolcon.colcon_core.package_identification[0m [1;30mDEBUG[0m [32mPackage 'src/serial' with type 'ros.ament_cmake' and name 'serial'[0m
[0.140s] [34mcolcon.colcon_core.package_identification[0m [1;30mLevel 1[0m _identify(src/serial_motor_demo) by extensions ['ignore', 'ignore_ament_install']
[0.140s] [34mcolcon.colcon_core.package_identification[0m [1;30mLevel 1[0m _identify(src/serial_motor_demo) by extension 'ignore'
[0.140s] [34mcolcon.colcon_core.package_identification[0m [1;30mLevel 1[0m _identify(src/serial_motor_demo) ignored
[0.140s] [34mcolcon.colcon_core.package_identification[0m [1;30mLevel 1[0m _identify(src/slam_ekf) by extensions ['ignore', 'ignore_ament_install']
[0.140s] [34mcolcon.colcon_core.package_identification[0m [1;30mLevel 1[0m _identify(src/slam_ekf) by extension 'ignore'
[0.140s] [34mcolcon.colcon_core.package_identification[0m [1;30mLevel 1[0m _identify(src/slam_ekf) ignored
[0.140s] [34mcolcon.colcon_core.package_discovery[0m [1;30mLevel 1[0m discover_packages(recursive) using defaults
[0.140s] [34mcolcon.colcon_core.package_discovery[0m [1;30mLevel 1[0m discover_packages(ignore) discover
[0.140s] [34mcolcon.colcon_core.package_discovery[0m [1;30mLevel 1[0m discover_packages(ignore) using defaults
[0.140s] [34mcolcon.colcon_core.package_discovery[0m [1;30mLevel 1[0m discover_packages(path) discover
[0.140s] [34mcolcon.colcon_core.package_discovery[0m [1;30mLevel 1[0m discover_packages(path) using defaults
[0.149s] [34mcolcon.colcon_core.package_selection[0m [1;30mINFO[0m Skipping not selected package 'diffdrive_arduino' in 'src/diffdrive_arduino'
[0.149s] [34mcolcon.colcon_core.package_selection[0m [1;30mINFO[0m Skipping not selected package 'robot_description' in 'src/robot_description'
[0.149s] [34mcolcon.colcon_core.package_selection[0m [1;30mINFO[0m Skipping not selected package 'serial' in 'src/serial'
[0.150s] [34mcolcon.colcon_core.verb[0m [1;30mLevel 5[0m set package 'helper_nodes' build argument 'cmake_args' from command line to 'None'
[0.150s] [34mcolcon.colcon_core.verb[0m [1;30mLevel 5[0m set package 'helper_nodes' build argument 'cmake_target' from command line to 'None'
[0.150s] [34mcolcon.colcon_core.verb[0m [1;30mLevel 5[0m set package 'helper_nodes' build argument 'cmake_target_skip_unavailable' from command line to 'False'
[0.150s] [34mcolcon.colcon_core.verb[0m [1;30mLevel 5[0m set package 'helper_nodes' build argument 'cmake_clean_cache' from command line to 'False'
[0.150s] [34mcolcon.colcon_core.verb[0m [1;30mLevel 5[0m set package 'helper_nodes' build argument 'cmake_clean_first' from command line to 'False'
[0.150s] [34mcolcon.colcon_core.verb[0m [1;30mLevel 5[0m set package 'helper_nodes' build argument 'cmake_force_configure' from command line to 'False'
[0.150s] [34mcolcon.colcon_core.verb[0m [1;30mLevel 5[0m set package 'helper_nodes' build argument 'ament_cmake_args' from command line to 'None'
[0.150s] [34mcolcon.colcon_core.verb[0m [1;30mLevel 5[0m set package 'helper_nodes' build argument 'catkin_cmake_args' from command line to 'None'
[0.150s] [34mcolcon.colcon_core.verb[0m [1;30mLevel 5[0m set package 'helper_nodes' build argument 'catkin_skip_building_tests' from command line to 'False'
[0.150s] [34mcolcon.colcon_core.verb[0m [1;30mDEBUG[0m [32mBuilding package 'helper_nodes' with the following arguments: {'ament_cmake_args': None, 'build_base': '/Users/wiktorkowalczyk/Desktop/School/FYP/FinalYearProject/build/helper_nodes', 'catkin_cmake_args': None, 'catkin_skip_building_tests': False, 'cmake_args': None, 'cmake_clean_cache': False, 'cmake_clean_first': False, 'cmake_force_configure': False, 'cmake_target': None, 'cmake_target_skip_unavailable': False, 'install_base': '/Users/wiktorkowalczyk/Desktop/School/FYP/FinalYearProject/install/helper_nodes', 'merge_install': False, 'path': '/Users/wiktorkowalczyk/Desktop/School/FYP/FinalYearProject/src/helper_nodes', 'symlink_install': True, 'test_result_base': None}[0m
[0.150s] [34mcolcon.colcon_core.executor[0m [1;30mINFO[0m Executing jobs using 'parallel' executor
[0.150s] [34mcolcon.colcon_parallel_executor.executor.parallel[0m [1;30mDEBUG[0m [32mrun_until_complete[0m
[0.150s] [34mcolcon.colcon_ros.task.ament_python.build[0m [1;30mINFO[0m Building ROS package in '/Users/wiktorkowalczyk/Desktop/School/FYP/FinalYearProject/src/helper_nodes' with build type 'ament_python'
[0.150s] [34mcolcon.colcon_core.shell[0m [1;30mLevel 1[0m create_environment_hook('helper_nodes', 'ament_prefix_path')
[0.151s] [34mcolcon.colcon_core.plugin_system[0m [1;30mINFO[0m Skipping extension 'colcon_core.shell.bat': Not used on non-Windows systems
[0.151s] [34mcolcon.colcon_core.shell[0m [1;30mINFO[0m Creating environment hook '/Users/wiktorkowalczyk/Desktop/School/FYP/FinalYearProject/install/helper_nodes/share/helper_nodes/hook/ament_prefix_path.ps1'
[0.152s] [34mcolcon.colcon_core.shell[0m [1;30mINFO[0m Creating environment descriptor '/Users/wiktorkowalczyk/Desktop/School/FYP/FinalYearProject/install/helper_nodes/share/helper_nodes/hook/ament_prefix_path.dsv'
[0.152s] [34mcolcon.colcon_core.shell[0m [1;30mINFO[0m Creating environment hook '/Users/wiktorkowalczyk/Desktop/School/FYP/FinalYearProject/install/helper_nodes/share/helper_nodes/hook/ament_prefix_path.sh'
[0.152s] [34mcolcon.colcon_core.shell[0m [1;30mINFO[0m Skip shell extension 'powershell' for command environment: Not usable outside of PowerShell
[0.152s] [34mcolcon.colcon_core.shell[0m [1;30mDEBUG[0m [32mSkip shell extension 'dsv' for command environment[0m
[0.290s] [34mcolcon.colcon_core.task.python.build[0m [1;30mINFO[0m Building Python package in '/Users/wiktorkowalczyk/Desktop/School/FYP/FinalYearProject/src/helper_nodes'
[0.290s] [34mcolcon.colcon_core.shell[0m [1;30mINFO[0m Skip shell extension 'powershell' for command environment: Not usable outside of PowerShell
[0.290s] [34mcolcon.colcon_core.shell[0m [1;30mDEBUG[0m [32mSkip shell extension 'dsv' for command environment[0m
[0.557s] [34mcolcon.colcon_core.event_handler.log_command[0m [1;30mDEBUG[0m [32mInvoking command in '/Users/wiktorkowalczyk/Desktop/School/FYP/FinalYearProject/build/helper_nodes': CONDA_PROMPT_MODIFIER=(ros_env) PYTHONPATH=/Users/wiktorkowalczyk/Desktop/School/FYP/FinalYearProject/build/helper_nodes/prefix_override:/Users/wiktorkowalczyk/miniconda3/envs/ros_env/lib/python3.11/site-packages/colcon_core/task/python/colcon_distutils_commands:/Users/wiktorkowalczyk/Desktop/School/FYP/FinalYearProject/install/helper_nodes/lib/python3.11/site-packages:${PYTHONPATH} SHLVL=3 _=/usr/bin/env __CF_USER_TEXT_ENCODING=0x1F5:0x0:0x2 /Users/wiktorkowalczyk/miniconda3/envs/ros_env/bin/python3.11 -W ignore:setup.py install is deprecated setup.py develop --editable --build-directory /Users/wiktorkowalczyk/Desktop/School/FYP/FinalYearProject/build/helper_nodes/build --no-deps symlink_data[0m
[0.917s] [34mcolcon.colcon_core.shell[0m [1;30mLevel 1[0m create_environment_hook('helper_nodes', 'pythonpath_develop')
[0.917s] [34mcolcon.colcon_core.shell[0m [1;30mINFO[0m Creating environment hook '/Users/wiktorkowalczyk/Desktop/School/FYP/FinalYearProject/build/helper_nodes/share/helper_nodes/hook/pythonpath_develop.ps1'
[0.918s] [34mcolcon.colcon_core.event_handler.log_command[0m [1;30mDEBUG[0m [32mInvoked command in '/Users/wiktorkowalczyk/Desktop/School/FYP/FinalYearProject/build/helper_nodes' returned '0': CONDA_PROMPT_MODIFIER=(ros_env) PYTHONPATH=/Users/wiktorkowalczyk/Desktop/School/FYP/FinalYearProject/build/helper_nodes/prefix_override:/Users/wiktorkowalczyk/miniconda3/envs/ros_env/lib/python3.11/site-packages/colcon_core/task/python/colcon_distutils_commands:/Users/wiktorkowalczyk/Desktop/School/FYP/FinalYearProject/install/helper_nodes/lib/python3.11/site-packages:${PYTHONPATH} SHLVL=3 _=/usr/bin/env __CF_USER_TEXT_ENCODING=0x1F5:0x0:0x2 /Users/wiktorkowalczyk/miniconda3/envs/ros_env/bin/python3.11 -W ignore:setup.py install is deprecated setup.py develop --editable --build-directory /Users/wiktorkowalczyk/Desktop/School/FYP/FinalYearProject/build/helper_nodes/build --no-deps symlink_data[0m
[0.918s] [34mcolcon.colcon_core.shell[0m [1;30mINFO[0m Creating environment descriptor '/Users/wiktorkowalczyk/Desktop/School/FYP/FinalYearProject/build/helper_nodes/share/helper_nodes/hook/pythonpath_develop.dsv'
[0.918s] [34mcolcon.colcon_core.shell[0m [1;30mINFO[0m Creating environment hook '/Users/wiktorkowalczyk/Desktop/School/FYP/FinalYearProject/build/helper_nodes/share/helper_nodes/hook/pythonpath_develop.sh'
[0.920s] [34mcolcon.colcon_core.environment[0m [1;30mLevel 1[0m checking '/Users/wiktorkowalczyk/Desktop/School/FYP/FinalYearProject/install/helper_nodes' for CMake module files
[0.920s] [34mcolcon.colcon_core.environment[0m [1;30mLevel 1[0m checking '/Users/wiktorkowalczyk/Desktop/School/FYP/FinalYearProject/install/helper_nodes' for CMake config files
[0.920s] [34mcolcon.colcon_core.environment[0m [1;30mLevel 1[0m checking '/Users/wiktorkowalczyk/Desktop/School/FYP/FinalYearProject/install/helper_nodes/lib'
[0.921s] [34mcolcon.colcon_core.environment[0m [1;30mLevel 1[0m checking '/Users/wiktorkowalczyk/Desktop/School/FYP/FinalYearProject/install/helper_nodes/bin'
[0.921s] [34mcolcon.colcon_core.environment[0m [1;30mLevel 1[0m checking '/Users/wiktorkowalczyk/Desktop/School/FYP/FinalYearProject/install/helper_nodes/lib/pkgconfig/helper_nodes.pc'
[0.921s] [34mcolcon.colcon_core.environment[0m [1;30mLevel 1[0m checking '/Users/wiktorkowalczyk/Desktop/School/FYP/FinalYearProject/install/helper_nodes/lib/python3.11/site-packages'
[0.921s] [34mcolcon.colcon_core.shell[0m [1;30mLevel 1[0m create_environment_hook('helper_nodes', 'pythonpath')
[0.921s] [34mcolcon.colcon_core.shell[0m [1;30mINFO[0m Creating environment hook '/Users/wiktorkowalczyk/Desktop/School/FYP/FinalYearProject/install/helper_nodes/share/helper_nodes/hook/pythonpath.ps1'
[0.921s] [34mcolcon.colcon_core.shell[0m [1;30mINFO[0m Creating environment descriptor '/Users/wiktorkowalczyk/Desktop/School/FYP/FinalYearProject/install/helper_nodes/share/helper_nodes/hook/pythonpath.dsv'
[0.921s] [34mcolcon.colcon_core.shell[0m [1;30mINFO[0m Creating environment hook '/Users/wiktorkowalczyk/Desktop/School/FYP/FinalYearProject/install/helper_nodes/share/helper_nodes/hook/pythonpath.sh'
[0.922s] [34mcolcon.colcon_core.environment[0m [1;30mLevel 1[0m checking '/Users/wiktorkowalczyk/Desktop/School/FYP/FinalYearProject/install/helper_nodes/bin'
[0.922s] [34mcolcon.colcon_core.environment[0m [1;30mLevel 1[0m create_environment_scripts_only(helper_nodes)
[0.922s] [34mcolcon.colcon_core.shell[0m [1;30mINFO[0m Creating package script '/Users/wiktorkowalczyk/Desktop/School/FYP/FinalYearProject/install/helper_nodes/share/helper_nodes/package.ps1'
[0.922s] [34mcolcon.colcon_core.shell[0m [1;30mINFO[0m Creating package descriptor '/Users/wiktorkowalczyk/Desktop/School/FYP/FinalYearProject/install/helper_nodes/share/helper_nodes/package.dsv'
[0.923s] [34mcolcon.colcon_core.shell[0m [1;30mINFO[0m Creating package script '/Users/wiktorkowalczyk/Desktop/School/FYP/FinalYearProject/install/helper_nodes/share/helper_nodes/package.sh'
[0.923s] [34mcolcon.colcon_core.shell[0m [1;30mINFO[0m Creating package script '/Users/wiktorkowalczyk/Desktop/School/FYP/FinalYearProject/install/helper_nodes/share/helper_nodes/package.bash'
[0.923s] [34mcolcon.colcon_core.shell[0m [1;30mINFO[0m Creating package script '/Users/wiktorkowalczyk/Desktop/School/FYP/FinalYearProject/install/helper_nodes/share/helper_nodes/package.zsh'
[0.924s] [34mcolcon.colcon_core.environment[0m [1;30mLevel 1[0m create_file_with_runtime_dependencies(/Users/wiktorkowalczyk/Desktop/School/FYP/FinalYearProject/install/helper_nodes/share/colcon-core/packages/helper_nodes)
[0.924s] [34mcolcon.colcon_parallel_executor.executor.parallel[0m [1;30mDEBUG[0m [32mclosing loop[0m
[0.924s] [34mcolcon.colcon_parallel_executor.executor.parallel[0m [1;30mDEBUG[0m [32mloop closed[0m
[0.924s] [34mcolcon.colcon_parallel_executor.executor.parallel[0m [1;30mDEBUG[0m [32mrun_until_complete finished with '0'[0m
[0.924s] [34mcolcon.colcon_core.event_reactor[0m [1;30mDEBUG[0m [32mjoining thread[0m
[0.924s] [34mcolcon.colcon_core.event_reactor[0m [1;30mDEBUG[0m [32mjoined thread[0m
[0.925s] [34mcolcon.colcon_core.shell[0m [1;30mINFO[0m Creating prefix script '/Users/wiktorkowalczyk/Desktop/School/FYP/FinalYearProject/install/local_setup.ps1'
[0.925s] [34mcolcon.colcon_core.shell[0m [1;30mINFO[0m Creating prefix util module '/Users/wiktorkowalczyk/Desktop/School/FYP/FinalYearProject/install/_local_setup_util_ps1.py'
[0.926s] [34mcolcon.colcon_core.shell[0m [1;30mINFO[0m Creating prefix chain script '/Users/wiktorkowalczyk/Desktop/School/FYP/FinalYearProject/install/setup.ps1'
[0.926s] [34mcolcon.colcon_core.shell[0m [1;30mINFO[0m Creating prefix script '/Users/wiktorkowalczyk/Desktop/School/FYP/FinalYearProject/install/local_setup.sh'
[0.927s] [34mcolcon.colcon_core.shell[0m [1;30mINFO[0m Creating prefix util module '/Users/wiktorkowalczyk/Desktop/School/FYP/FinalYearProject/install/_local_setup_util_sh.py'
[0.927s] [34mcolcon.colcon_core.shell[0m [1;30mINFO[0m Creating prefix chain script '/Users/wiktorkowalczyk/Desktop/School/FYP/FinalYearProject/install/setup.sh'
[0.928s] [34mcolcon.colcon_core.shell[0m [1;30mINFO[0m Creating prefix script '/Users/wiktorkowalczyk/Desktop/School/FYP/FinalYearProject/install/local_setup.bash'
[0.928s] [34mcolcon.colcon_core.shell[0m [1;30mINFO[0m Creating prefix chain script '/Users/wiktorkowalczyk/Desktop/School/FYP/FinalYearProject/install/setup.bash'
[0.928s] [34mcolcon.colcon_core.shell[0m [1;30mINFO[0m Creating prefix script '/Users/wiktorkowalczyk/Desktop/School/FYP/FinalYearProject/install/local_setup.zsh'
[0.929s] [34mcolcon.colcon_core.shell[0m [1;30mINFO[0m Creating prefix chain script '/Users/wiktorkowalczyk/Desktop/School/FYP/FinalYearProject/install/setup.zsh'
