[0.036s] Invoking command in '/home/gyattbot/FinalYearProject/build/serial': CMAKE_PREFIX_PATH=${CMAKE_PREFIX_PATH}:/opt/ros/jazzy DEBUGINFOD_URLS=https://debuginfod.ubuntu.com /usr/bin/cmake --build /home/gyattbot/FinalYearProject/build/serial -- -j4 -l4
[0.097s] -- Found ament_cmake: 2.5.3 (/opt/ros/jazzy/share/ament_cmake/cmake)
[0.612s] -- Override CMake install command with custom implementation using symlinks instead of copying resources
[0.625s] -- Found ament_cmake_gtest: 2.5.3 (/opt/ros/jazzy/share/ament_cmake_gtest/cmake)
[0.633s] -- Found gtest sources under '/opt/ros/jazzy/src/gtest_vendor': C++ tests using 'Google Test' will be built
[0.856s] -- Configuring done (0.8s)
[0.899s] -- Generating done (0.0s)
[0.914s] -- Build files have been written to: /home/gyattbot/FinalYearProject/build/serial
[1.029s] [  7%] [32mBuilding CXX object CMakeFiles/serial.dir/src/serial.cc.o[0m
[1.034s] [ 14%] [32mBuilding CXX object CMakeFiles/serial.dir/src/impl/unix.cc.o[0m
[1.035s] [ 28%] Built target gtest
[1.070s] [ 42%] Built target gtest_main
[1.081s] [ 50%] [32mBuilding CXX object CMakeFiles/serial.dir/src/impl/list_ports/list_ports_linux.cc.o[0m
[2.279s] [ 57%] [32m[1mLinking CXX static library libserial.a[0m
[2.363s] [ 57%] Built target serial
[2.422s] [ 64%] [32mBuilding CXX object CMakeFiles/serial_example.dir/examples/serial_example.cc.o[0m
[2.424s] [ 71%] [32mBuilding CXX object tests/CMakeFiles/serial-test.dir/unix_serial_tests.cc.o[0m
[2.429s] [ 78%] [32mBuilding CXX object tests/CMakeFiles/serial-test-timer.dir/unit/unix_timer_tests.cc.o[0m
[3.332s] [ 85%] [32m[1mLinking CXX executable serial_example[0m
[3.578s] [ 85%] Built target serial_example
[4.185s] In file included from [01m[K/usr/include/boost/bind/detail/requires_cxx11.hpp:9[m[K,
[4.185s]                  from [01m[K/usr/include/boost/bind/bind.hpp:24[m[K,
[4.186s]                  from [01m[K/usr/include/boost/bind.hpp:29[m[K,
[4.186s]                  from [01m[K/home/gyattbot/FinalYearProject/src/serial/tests/unix_serial_tests.cc:23[m[K:
[4.186s] [01m[K/usr/include/boost/bind.hpp:36:1:[m[K [01;36m[Knote: [m[K‘[01m[K#pragma message: The practice of declaring the Bind placeholders (_1, _2, ...) in the global namespace is deprecated. Please use <boost/bind/bind.hpp> + using namespace boost::placeholders, or define BOOST_BIND_GLOBAL_PLACEHOLDERS to retain the current behavior.[m[K’
[4.186s]    36 | [01;36m[KBOOST_PRAGMA_MESSAGE[m[K(
[4.186s]       | [01;36m[K^~~~~~~~~~~~~~~~~~~~[m[K
[4.600s] [ 92%] [32m[1mLinking CXX executable serial-test-timer[0m
[4.804s] [100%] [32m[1mLinking CXX executable serial-test[0m
[4.954s] [100%] Built target serial-test-timer
[5.167s] [100%] Built target serial-test
[5.191s] Invoked command in '/home/gyattbot/FinalYearProject/build/serial' returned '0': CMAKE_PREFIX_PATH=${CMAKE_PREFIX_PATH}:/opt/ros/jazzy DEBUGINFOD_URLS=https://debuginfod.ubuntu.com /usr/bin/cmake --build /home/gyattbot/FinalYearProject/build/serial -- -j4 -l4
[5.193s] Invoking command in '/home/gyattbot/FinalYearProject/build/serial': CMAKE_PREFIX_PATH=${CMAKE_PREFIX_PATH}:/opt/ros/jazzy DEBUGINFOD_URLS=https://debuginfod.ubuntu.com /usr/bin/cmake --install /home/gyattbot/FinalYearProject/build/serial
[5.210s] -- Install configuration: ""
[5.210s] -- Execute custom install script
[5.211s] -- Up-to-date symlink: /home/gyattbot/FinalYearProject/install/serial/lib/libserial.a
[5.211s] -- Up-to-date symlink: /home/gyattbot/FinalYearProject/install/serial/include/serial/serial.h
[5.211s] -- Up-to-date symlink: /home/gyattbot/FinalYearProject/install/serial/include/serial/v8stdint.h
[5.212s] -- Up-to-date symlink: /home/gyattbot/FinalYearProject/install/serial/share/serial/environment/library_path.sh
[5.212s] -- Up-to-date symlink: /home/gyattbot/FinalYearProject/install/serial/share/serial/environment/library_path.dsv
[5.212s] -- Up-to-date symlink: /home/gyattbot/FinalYearProject/install/serial/share/ament_index/resource_index/package_run_dependencies/serial
[5.212s] -- Up-to-date symlink: /home/gyattbot/FinalYearProject/install/serial/share/ament_index/resource_index/parent_prefix_path/serial
[5.213s] -- Up-to-date symlink: /home/gyattbot/FinalYearProject/install/serial/share/serial/environment/ament_prefix_path.sh
[5.213s] -- Up-to-date symlink: /home/gyattbot/FinalYearProject/install/serial/share/serial/environment/ament_prefix_path.dsv
[5.213s] -- Up-to-date symlink: /home/gyattbot/FinalYearProject/install/serial/share/serial/environment/path.sh
[5.213s] -- Up-to-date symlink: /home/gyattbot/FinalYearProject/install/serial/share/serial/environment/path.dsv
[5.213s] -- Up-to-date symlink: /home/gyattbot/FinalYearProject/install/serial/share/serial/local_setup.bash
[5.214s] -- Up-to-date symlink: /home/gyattbot/FinalYearProject/install/serial/share/serial/local_setup.sh
[5.214s] -- Up-to-date symlink: /home/gyattbot/FinalYearProject/install/serial/share/serial/local_setup.zsh
[5.214s] -- Up-to-date symlink: /home/gyattbot/FinalYearProject/install/serial/share/serial/local_setup.dsv
[5.214s] -- Symlinking: /home/gyattbot/FinalYearProject/install/serial/share/serial/package.dsv
[5.241s] -- Up-to-date symlink: /home/gyattbot/FinalYearProject/install/serial/share/ament_index/resource_index/packages/serial
[5.241s] -- Up-to-date symlink: /home/gyattbot/FinalYearProject/install/serial/share/serial/cmake/ament_cmake_export_include_directories-extras.cmake
[5.241s] -- Up-to-date symlink: /home/gyattbot/FinalYearProject/install/serial/share/serial/cmake/ament_cmake_export_libraries-extras.cmake
[5.242s] -- Up-to-date symlink: /home/gyattbot/FinalYearProject/install/serial/share/serial/cmake/serialConfig.cmake
[5.242s] -- Up-to-date symlink: /home/gyattbot/FinalYearProject/install/serial/share/serial/cmake/serialConfig-version.cmake
[5.242s] -- Up-to-date symlink: /home/gyattbot/FinalYearProject/install/serial/share/serial/package.xml
[5.246s] Invoked command in '/home/gyattbot/FinalYearProject/build/serial' returned '0': CMAKE_PREFIX_PATH=${CMAKE_PREFIX_PATH}:/opt/ros/jazzy DEBUGINFOD_URLS=https://debuginfod.ubuntu.com /usr/bin/cmake --install /home/gyattbot/FinalYearProject/build/serial
