[0.043s] Invoking command in '/home/gyattbot/FinalYearProject/build/serial': CMAKE_PREFIX_PATH=${CMAKE_PREFIX_PATH}:/opt/ros/jazzy DEBUGINFOD_URLS=https://debuginfod.ubuntu.com /usr/bin/cmake --build /home/gyattbot/FinalYearProject/build/serial -- -j4 -l4
[0.336s] [ 14%] Built target gtest_main
[0.344s] [ 42%] Built target serial
[0.350s] [ 57%] Built target gtest
[0.436s] [ 71%] Built target serial_example
[0.456s] [ 85%] Built target serial-test-timer
[0.493s] [100%] Built target serial-test
[0.530s] Invoked command in '/home/gyattbot/FinalYearProject/build/serial' returned '0': CMAKE_PREFIX_PATH=${CMAKE_PREFIX_PATH}:/opt/ros/jazzy DEBUGINFOD_URLS=https://debuginfod.ubuntu.com /usr/bin/cmake --build /home/gyattbot/FinalYearProject/build/serial -- -j4 -l4
[0.539s] Invoking command in '/home/gyattbot/FinalYearProject/build/serial': CMAKE_PREFIX_PATH=${CMAKE_PREFIX_PATH}:/opt/ros/jazzy DEBUGINFOD_URLS=https://debuginfod.ubuntu.com /usr/bin/cmake --install /home/gyattbot/FinalYearProject/build/serial
[0.591s] -- Install configuration: ""
[0.591s] -- Execute custom install script
[0.592s] -- Up-to-date symlink: /home/gyattbot/FinalYearProject/install/serial/lib/libserial.a
[0.592s] -- Up-to-date symlink: /home/gyattbot/FinalYearProject/install/serial/include/serial/serial.h
[0.592s] -- Up-to-date symlink: /home/gyattbot/FinalYearProject/install/serial/include/serial/v8stdint.h
[0.592s] -- Up-to-date symlink: /home/gyattbot/FinalYearProject/install/serial/share/serial/environment/library_path.sh
[0.592s] -- Up-to-date symlink: /home/gyattbot/FinalYearProject/install/serial/share/serial/environment/library_path.dsv
[0.592s] -- Up-to-date symlink: /home/gyattbot/FinalYearProject/install/serial/share/ament_index/resource_index/package_run_dependencies/serial
[0.592s] -- Up-to-date symlink: /home/gyattbot/FinalYearProject/install/serial/share/ament_index/resource_index/parent_prefix_path/serial
[0.592s] -- Up-to-date symlink: /home/gyattbot/FinalYearProject/install/serial/share/serial/environment/ament_prefix_path.sh
[0.592s] -- Up-to-date symlink: /home/gyattbot/FinalYearProject/install/serial/share/serial/environment/ament_prefix_path.dsv
[0.593s] -- Up-to-date symlink: /home/gyattbot/FinalYearProject/install/serial/share/serial/environment/path.sh
[0.593s] -- Up-to-date symlink: /home/gyattbot/FinalYearProject/install/serial/share/serial/environment/path.dsv
[0.593s] -- Up-to-date symlink: /home/gyattbot/FinalYearProject/install/serial/share/serial/local_setup.bash
[0.593s] -- Up-to-date symlink: /home/gyattbot/FinalYearProject/install/serial/share/serial/local_setup.sh
[0.593s] -- Up-to-date symlink: /home/gyattbot/FinalYearProject/install/serial/share/serial/local_setup.zsh
[0.593s] -- Up-to-date symlink: /home/gyattbot/FinalYearProject/install/serial/share/serial/local_setup.dsv
[0.593s] -- Symlinking: /home/gyattbot/FinalYearProject/install/serial/share/serial/package.dsv
[0.609s] -- Up-to-date symlink: /home/gyattbot/FinalYearProject/install/serial/share/ament_index/resource_index/packages/serial
[0.609s] -- Up-to-date symlink: /home/gyattbot/FinalYearProject/install/serial/share/serial/cmake/ament_cmake_export_include_directories-extras.cmake
[0.609s] -- Up-to-date symlink: /home/gyattbot/FinalYearProject/install/serial/share/serial/cmake/ament_cmake_export_libraries-extras.cmake
[0.609s] -- Up-to-date symlink: /home/gyattbot/FinalYearProject/install/serial/share/serial/cmake/serialConfig.cmake
[0.610s] -- Up-to-date symlink: /home/gyattbot/FinalYearProject/install/serial/share/serial/cmake/serialConfig-version.cmake
[0.610s] -- Up-to-date symlink: /home/gyattbot/FinalYearProject/install/serial/share/serial/package.xml
[0.618s] Invoked command in '/home/gyattbot/FinalYearProject/build/serial' returned '0': CMAKE_PREFIX_PATH=${CMAKE_PREFIX_PATH}:/opt/ros/jazzy DEBUGINFOD_URLS=https://debuginfod.ubuntu.com /usr/bin/cmake --install /home/gyattbot/FinalYearProject/build/serial
