[0.039s] Invoking command in '/home/gyattbot/FinalYearProject/build/serial': CMAKE_PREFIX_PATH=${CMAKE_PREFIX_PATH}:/home/gyattbot/FinalYearProject/install/camera:/opt/ros/jazzy DEBUGINFOD_URLS=https://debuginfod.ubuntu.com /usr/bin/cmake --build /home/gyattbot/FinalYearProject/build/serial -- -j4 -l4
[0.171s] [ 14%] Built target gtest_main
[0.189s] [ 50%] Built target gtest
[0.190s] [ 57%] Built target serial
[0.256s] [ 71%] Built target serial-test
[0.256s] [100%] Built target serial_example
[0.256s] [100%] Built target serial-test-timer
[0.305s] Invoked command in '/home/gyattbot/FinalYearProject/build/serial' returned '0': CMAKE_PREFIX_PATH=${CMAKE_PREFIX_PATH}:/home/gyattbot/FinalYearProject/install/camera:/opt/ros/jazzy DEBUGINFOD_URLS=https://debuginfod.ubuntu.com /usr/bin/cmake --build /home/gyattbot/FinalYearProject/build/serial -- -j4 -l4
[0.307s] Invoking command in '/home/gyattbot/FinalYearProject/build/serial': CMAKE_PREFIX_PATH=${CMAKE_PREFIX_PATH}:/home/gyattbot/FinalYearProject/install/camera:/opt/ros/jazzy DEBUGINFOD_URLS=https://debuginfod.ubuntu.com /usr/bin/cmake --install /home/gyattbot/FinalYearProject/build/serial
[0.349s] -- Install configuration: ""
[0.349s] -- Execute custom install script
[0.349s] -- Up-to-date symlink: /home/gyattbot/FinalYearProject/install/serial/lib/libserial.a
[0.349s] -- Up-to-date symlink: /home/gyattbot/FinalYearProject/install/serial/include/serial/serial.h
[0.349s] -- Up-to-date symlink: /home/gyattbot/FinalYearProject/install/serial/include/serial/v8stdint.h
[0.349s] -- Up-to-date symlink: /home/gyattbot/FinalYearProject/install/serial/share/serial/environment/library_path.sh
[0.349s] -- Up-to-date symlink: /home/gyattbot/FinalYearProject/install/serial/share/serial/environment/library_path.dsv
[0.349s] -- Up-to-date symlink: /home/gyattbot/FinalYearProject/install/serial/share/ament_index/resource_index/package_run_dependencies/serial
[0.349s] -- Up-to-date symlink: /home/gyattbot/FinalYearProject/install/serial/share/ament_index/resource_index/parent_prefix_path/serial
[0.349s] -- Up-to-date symlink: /home/gyattbot/FinalYearProject/install/serial/share/serial/environment/ament_prefix_path.sh
[0.349s] -- Up-to-date symlink: /home/gyattbot/FinalYearProject/install/serial/share/serial/environment/ament_prefix_path.dsv
[0.350s] -- Up-to-date symlink: /home/gyattbot/FinalYearProject/install/serial/share/serial/environment/path.sh
[0.350s] -- Up-to-date symlink: /home/gyattbot/FinalYearProject/install/serial/share/serial/environment/path.dsv
[0.350s] -- Up-to-date symlink: /home/gyattbot/FinalYearProject/install/serial/share/serial/local_setup.bash
[0.350s] -- Up-to-date symlink: /home/gyattbot/FinalYearProject/install/serial/share/serial/local_setup.sh
[0.350s] -- Up-to-date symlink: /home/gyattbot/FinalYearProject/install/serial/share/serial/local_setup.zsh
[0.350s] -- Up-to-date symlink: /home/gyattbot/FinalYearProject/install/serial/share/serial/local_setup.dsv
[0.350s] -- Symlinking: /home/gyattbot/FinalYearProject/install/serial/share/serial/package.dsv
[0.354s] -- Up-to-date symlink: /home/gyattbot/FinalYearProject/install/serial/share/ament_index/resource_index/packages/serial
[0.354s] -- Up-to-date symlink: /home/gyattbot/FinalYearProject/install/serial/share/serial/cmake/ament_cmake_export_include_directories-extras.cmake
[0.354s] -- Up-to-date symlink: /home/gyattbot/FinalYearProject/install/serial/share/serial/cmake/ament_cmake_export_libraries-extras.cmake
[0.354s] -- Up-to-date symlink: /home/gyattbot/FinalYearProject/install/serial/share/serial/cmake/serialConfig.cmake
[0.354s] -- Up-to-date symlink: /home/gyattbot/FinalYearProject/install/serial/share/serial/cmake/serialConfig-version.cmake
[0.354s] -- Up-to-date symlink: /home/gyattbot/FinalYearProject/install/serial/share/serial/package.xml
[0.360s] Invoked command in '/home/gyattbot/FinalYearProject/build/serial' returned '0': CMAKE_PREFIX_PATH=${CMAKE_PREFIX_PATH}:/home/gyattbot/FinalYearProject/install/camera:/opt/ros/jazzy DEBUGINFOD_URLS=https://debuginfod.ubuntu.com /usr/bin/cmake --install /home/gyattbot/FinalYearProject/build/serial
