[0.146s] DEBUG:colcon:Command line arguments: ['/usr/bin/colcon', 'build', '--symlink-install']
[0.146s] DEBUG:colcon:Parsed command line arguments: Namespace(log_base=None, log_level=None, verb_name='build', build_base='build', install_base='install', merge_install=False, symlink_install=True, test_result_base=None, continue_on_error=False, executor='parallel', parallel_workers=4, event_handlers=None, ignore_user_meta=False, metas=['./colcon.meta'], base_paths=['.'], packages_ignore=None, packages_ignore_regex=None, paths=None, packages_up_to=None, packages_up_to_regex=None, packages_above=None, packages_above_and_dependencies=None, packages_above_depth=None, packages_select_by_dep=None, packages_skip_by_dep=None, packages_skip_up_to=None, packages_select_build_failed=False, packages_skip_build_finished=False, packages_select_test_failures=False, packages_skip_test_passed=False, packages_select=None, packages_skip=None, packages_select_regex=None, packages_skip_regex=None, packages_start=None, packages_end=None, allow_overriding=[], cmake_args=None, cmake_target=None, cmake_target_skip_unavailable=False, cmake_clean_cache=False, cmake_clean_first=False, cmake_force_configure=False, ament_cmake_args=None, catkin_cmake_args=None, catkin_skip_building_tests=False, mixin_files=None, mixin=None, verb_parser=<colcon_mixin.mixin.mixin_argument.MixinArgumentDecorator object at 0xffff9862c5f0>, verb_extension=<colcon_core.verb.build.BuildVerb object at 0xffff9862c2c0>, main=<bound method BuildVerb.main of <colcon_core.verb.build.BuildVerb object at 0xffff9862c2c0>>, mixin_verb=('build',))
[0.202s] Level 1:colcon.colcon_core.package_discovery:discover_packages(colcon_meta) check parameters
[0.202s] Level 1:colcon.colcon_core.package_discovery:discover_packages(recursive) check parameters
[0.202s] Level 1:colcon.colcon_core.package_discovery:discover_packages(ignore) check parameters
[0.202s] Level 1:colcon.colcon_core.package_discovery:discover_packages(path) check parameters
[0.202s] Level 1:colcon.colcon_core.package_discovery:discover_packages(colcon_meta) discover
[0.203s] Level 1:colcon.colcon_core.package_discovery:discover_packages(recursive) discover
[0.203s] INFO:colcon.colcon_core.package_discovery:Crawling recursively for packages in '/home/gyattbot/FinalYearProject'
[0.203s] Level 1:colcon.colcon_core.package_identification:_identify(.) by extensions ['ignore', 'ignore_ament_install']
[0.203s] Level 1:colcon.colcon_core.package_identification:_identify(.) by extension 'ignore'
[0.203s] Level 1:colcon.colcon_core.package_identification:_identify(.) by extension 'ignore_ament_install'
[0.203s] Level 1:colcon.colcon_core.package_identification:_identify(.) by extensions ['colcon_pkg']
[0.203s] Level 1:colcon.colcon_core.package_identification:_identify(.) by extension 'colcon_pkg'
[0.203s] Level 1:colcon.colcon_core.package_identification:_identify(.) by extensions ['colcon_meta']
[0.203s] Level 1:colcon.colcon_core.package_identification:_identify(.) by extension 'colcon_meta'
[0.203s] Level 1:colcon.colcon_core.package_identification:_identify(.) by extensions ['ros']
[0.203s] Level 1:colcon.colcon_core.package_identification:_identify(.) by extension 'ros'
[0.241s] Level 1:colcon.colcon_core.package_identification:_identify(.) by extensions ['cmake', 'python']
[0.241s] Level 1:colcon.colcon_core.package_identification:_identify(.) by extension 'cmake'
[0.241s] Level 1:colcon.colcon_core.package_identification:_identify(.) by extension 'python'
[0.241s] Level 1:colcon.colcon_core.package_identification:_identify(.) by extensions ['python_setup_py']
[0.241s] Level 1:colcon.colcon_core.package_identification:_identify(.) by extension 'python_setup_py'
[0.241s] Level 1:colcon.colcon_core.package_identification:_identify(build) by extensions ['ignore', 'ignore_ament_install']
[0.241s] Level 1:colcon.colcon_core.package_identification:_identify(build) by extension 'ignore'
[0.242s] Level 1:colcon.colcon_core.package_identification:_identify(build) ignored
[0.242s] Level 1:colcon.colcon_core.package_identification:_identify(install) by extensions ['ignore', 'ignore_ament_install']
[0.242s] Level 1:colcon.colcon_core.package_identification:_identify(install) by extension 'ignore'
[0.242s] Level 1:colcon.colcon_core.package_identification:_identify(install) ignored
[0.242s] Level 1:colcon.colcon_core.package_identification:_identify(log) by extensions ['ignore', 'ignore_ament_install']
[0.242s] Level 1:colcon.colcon_core.package_identification:_identify(log) by extension 'ignore'
[0.242s] Level 1:colcon.colcon_core.package_identification:_identify(log) ignored
[0.242s] Level 1:colcon.colcon_core.package_identification:_identify(media) by extensions ['ignore', 'ignore_ament_install']
[0.242s] Level 1:colcon.colcon_core.package_identification:_identify(media) by extension 'ignore'
[0.242s] Level 1:colcon.colcon_core.package_identification:_identify(media) by extension 'ignore_ament_install'
[0.242s] Level 1:colcon.colcon_core.package_identification:_identify(media) by extensions ['colcon_pkg']
[0.242s] Level 1:colcon.colcon_core.package_identification:_identify(media) by extension 'colcon_pkg'
[0.242s] Level 1:colcon.colcon_core.package_identification:_identify(media) by extensions ['colcon_meta']
[0.242s] Level 1:colcon.colcon_core.package_identification:_identify(media) by extension 'colcon_meta'
[0.243s] Level 1:colcon.colcon_core.package_identification:_identify(media) by extensions ['ros']
[0.243s] Level 1:colcon.colcon_core.package_identification:_identify(media) by extension 'ros'
[0.243s] Level 1:colcon.colcon_core.package_identification:_identify(media) by extensions ['cmake', 'python']
[0.243s] Level 1:colcon.colcon_core.package_identification:_identify(media) by extension 'cmake'
[0.243s] Level 1:colcon.colcon_core.package_identification:_identify(media) by extension 'python'
[0.243s] Level 1:colcon.colcon_core.package_identification:_identify(media) by extensions ['python_setup_py']
[0.243s] Level 1:colcon.colcon_core.package_identification:_identify(media) by extension 'python_setup_py'
[0.243s] Level 1:colcon.colcon_core.package_identification:_identify(src) by extensions ['ignore', 'ignore_ament_install']
[0.243s] Level 1:colcon.colcon_core.package_identification:_identify(src) by extension 'ignore'
[0.243s] Level 1:colcon.colcon_core.package_identification:_identify(src) by extension 'ignore_ament_install'
[0.243s] Level 1:colcon.colcon_core.package_identification:_identify(src) by extensions ['colcon_pkg']
[0.243s] Level 1:colcon.colcon_core.package_identification:_identify(src) by extension 'colcon_pkg'
[0.243s] Level 1:colcon.colcon_core.package_identification:_identify(src) by extensions ['colcon_meta']
[0.243s] Level 1:colcon.colcon_core.package_identification:_identify(src) by extension 'colcon_meta'
[0.243s] Level 1:colcon.colcon_core.package_identification:_identify(src) by extensions ['ros']
[0.243s] Level 1:colcon.colcon_core.package_identification:_identify(src) by extension 'ros'
[0.243s] Level 1:colcon.colcon_core.package_identification:_identify(src) by extensions ['cmake', 'python']
[0.243s] Level 1:colcon.colcon_core.package_identification:_identify(src) by extension 'cmake'
[0.243s] Level 1:colcon.colcon_core.package_identification:_identify(src) by extension 'python'
[0.243s] Level 1:colcon.colcon_core.package_identification:_identify(src) by extensions ['python_setup_py']
[0.243s] Level 1:colcon.colcon_core.package_identification:_identify(src) by extension 'python_setup_py'
[0.244s] Level 1:colcon.colcon_core.package_identification:_identify(src/a_star) by extensions ['ignore', 'ignore_ament_install']
[0.244s] Level 1:colcon.colcon_core.package_identification:_identify(src/a_star) by extension 'ignore'
[0.244s] Level 1:colcon.colcon_core.package_identification:_identify(src/a_star) ignored
[0.244s] Level 1:colcon.colcon_core.package_identification:_identify(src/diffdrive_arduino) by extensions ['ignore', 'ignore_ament_install']
[0.244s] Level 1:colcon.colcon_core.package_identification:_identify(src/diffdrive_arduino) by extension 'ignore'
[0.244s] Level 1:colcon.colcon_core.package_identification:_identify(src/diffdrive_arduino) by extension 'ignore_ament_install'
[0.244s] Level 1:colcon.colcon_core.package_identification:_identify(src/diffdrive_arduino) by extensions ['colcon_pkg']
[0.244s] Level 1:colcon.colcon_core.package_identification:_identify(src/diffdrive_arduino) by extension 'colcon_pkg'
[0.244s] Level 1:colcon.colcon_core.package_identification:_identify(src/diffdrive_arduino) by extensions ['colcon_meta']
[0.244s] Level 1:colcon.colcon_core.package_identification:_identify(src/diffdrive_arduino) by extension 'colcon_meta'
[0.244s] Level 1:colcon.colcon_core.package_identification:_identify(src/diffdrive_arduino) by extensions ['ros']
[0.244s] Level 1:colcon.colcon_core.package_identification:_identify(src/diffdrive_arduino) by extension 'ros'
[0.248s] DEBUG:colcon.colcon_core.package_identification:Package 'src/diffdrive_arduino' with type 'ros.ament_cmake' and name 'diffdrive_arduino'
[0.248s] Level 1:colcon.colcon_core.package_identification:_identify(src/facial_recognition) by extensions ['ignore', 'ignore_ament_install']
[0.248s] Level 1:colcon.colcon_core.package_identification:_identify(src/facial_recognition) by extension 'ignore'
[0.248s] Level 1:colcon.colcon_core.package_identification:_identify(src/facial_recognition) by extension 'ignore_ament_install'
[0.248s] Level 1:colcon.colcon_core.package_identification:_identify(src/facial_recognition) by extensions ['colcon_pkg']
[0.248s] Level 1:colcon.colcon_core.package_identification:_identify(src/facial_recognition) by extension 'colcon_pkg'
[0.248s] Level 1:colcon.colcon_core.package_identification:_identify(src/facial_recognition) by extensions ['colcon_meta']
[0.248s] Level 1:colcon.colcon_core.package_identification:_identify(src/facial_recognition) by extension 'colcon_meta'
[0.248s] Level 1:colcon.colcon_core.package_identification:_identify(src/facial_recognition) by extensions ['ros']
[0.248s] Level 1:colcon.colcon_core.package_identification:_identify(src/facial_recognition) by extension 'ros'
[0.248s] Level 1:colcon.colcon_core.package_identification:_identify(src/facial_recognition) by extensions ['cmake', 'python']
[0.248s] Level 1:colcon.colcon_core.package_identification:_identify(src/facial_recognition) by extension 'cmake'
[0.248s] Level 1:colcon.colcon_core.package_identification:_identify(src/facial_recognition) by extension 'python'
[0.249s] Level 1:colcon.colcon_core.package_identification:_identify(src/facial_recognition) by extensions ['python_setup_py']
[0.249s] Level 1:colcon.colcon_core.package_identification:_identify(src/facial_recognition) by extension 'python_setup_py'
[0.249s] Level 1:colcon.colcon_core.package_identification:_identify(src/odometry) by extensions ['ignore', 'ignore_ament_install']
[0.249s] Level 1:colcon.colcon_core.package_identification:_identify(src/odometry) by extension 'ignore'
[0.249s] Level 1:colcon.colcon_core.package_identification:_identify(src/odometry) ignored
[0.249s] Level 1:colcon.colcon_core.package_identification:_identify(src/robot_description) by extensions ['ignore', 'ignore_ament_install']
[0.249s] Level 1:colcon.colcon_core.package_identification:_identify(src/robot_description) by extension 'ignore'
[0.249s] Level 1:colcon.colcon_core.package_identification:_identify(src/robot_description) by extension 'ignore_ament_install'
[0.249s] Level 1:colcon.colcon_core.package_identification:_identify(src/robot_description) by extensions ['colcon_pkg']
[0.249s] Level 1:colcon.colcon_core.package_identification:_identify(src/robot_description) by extension 'colcon_pkg'
[0.249s] Level 1:colcon.colcon_core.package_identification:_identify(src/robot_description) by extensions ['colcon_meta']
[0.249s] Level 1:colcon.colcon_core.package_identification:_identify(src/robot_description) by extension 'colcon_meta'
[0.249s] Level 1:colcon.colcon_core.package_identification:_identify(src/robot_description) by extensions ['ros']
[0.249s] Level 1:colcon.colcon_core.package_identification:_identify(src/robot_description) by extension 'ros'
[0.250s] DEBUG:colcon.colcon_core.package_identification:Package 'src/robot_description' with type 'ros.ament_cmake' and name 'robot_description'
[0.250s] Level 1:colcon.colcon_core.package_identification:_identify(src/serial) by extensions ['ignore', 'ignore_ament_install']
[0.250s] Level 1:colcon.colcon_core.package_identification:_identify(src/serial) by extension 'ignore'
[0.250s] Level 1:colcon.colcon_core.package_identification:_identify(src/serial) by extension 'ignore_ament_install'
[0.250s] Level 1:colcon.colcon_core.package_identification:_identify(src/serial) by extensions ['colcon_pkg']
[0.251s] Level 1:colcon.colcon_core.package_identification:_identify(src/serial) by extension 'colcon_pkg'
[0.251s] Level 1:colcon.colcon_core.package_identification:_identify(src/serial) by extensions ['colcon_meta']
[0.251s] Level 1:colcon.colcon_core.package_identification:_identify(src/serial) by extension 'colcon_meta'
[0.251s] Level 1:colcon.colcon_core.package_identification:_identify(src/serial) by extensions ['ros']
[0.251s] Level 1:colcon.colcon_core.package_identification:_identify(src/serial) by extension 'ros'
[0.251s] DEBUG:colcon.colcon_core.package_identification:Package 'src/serial' with type 'ros.ament_cmake' and name 'serial'
[0.251s] Level 1:colcon.colcon_core.package_identification:_identify(src/serial_motor_demo) by extensions ['ignore', 'ignore_ament_install']
[0.252s] Level 1:colcon.colcon_core.package_identification:_identify(src/serial_motor_demo) by extension 'ignore'
[0.252s] Level 1:colcon.colcon_core.package_identification:_identify(src/serial_motor_demo) ignored
[0.252s] Level 1:colcon.colcon_core.package_identification:_identify(src/slam_ekf) by extensions ['ignore', 'ignore_ament_install']
[0.252s] Level 1:colcon.colcon_core.package_identification:_identify(src/slam_ekf) by extension 'ignore'
[0.252s] Level 1:colcon.colcon_core.package_identification:_identify(src/slam_ekf) ignored
[0.252s] Level 1:colcon.colcon_core.package_discovery:discover_packages(recursive) using defaults
[0.252s] Level 1:colcon.colcon_core.package_discovery:discover_packages(ignore) discover
[0.252s] Level 1:colcon.colcon_core.package_discovery:discover_packages(ignore) using defaults
[0.252s] Level 1:colcon.colcon_core.package_discovery:discover_packages(path) discover
[0.252s] Level 1:colcon.colcon_core.package_discovery:discover_packages(path) using defaults
[0.276s] Level 1:colcon.colcon_core.package_discovery:discover_packages(prefix_path) check parameters
[0.276s] Level 1:colcon.colcon_core.package_discovery:discover_packages(prefix_path) discover
[0.277s] WARNING:colcon.colcon_ros.prefix_path.ament:The path '/home/gyattbot/FinalYearProject/install/sllidar_ros2' in the environment variable AMENT_PREFIX_PATH doesn't exist
[0.277s] WARNING:colcon.colcon_ros.prefix_path.ament:The path '/home/gyattbot/FinalYearProject/install/rplidar_ros' in the environment variable AMENT_PREFIX_PATH doesn't exist
[0.277s] WARNING:colcon.colcon_ros.prefix_path.ament:The path '/home/gyattbot/FinalYearProject/install/camera' in the environment variable AMENT_PREFIX_PATH doesn't exist
[0.277s] WARNING:colcon.colcon_ros.prefix_path.catkin:The path '/home/gyattbot/FinalYearProject/install/sllidar_ros2' in the environment variable CMAKE_PREFIX_PATH doesn't exist
[0.278s] WARNING:colcon.colcon_ros.prefix_path.catkin:The path '/home/gyattbot/FinalYearProject/install/rplidar_ros' in the environment variable CMAKE_PREFIX_PATH doesn't exist
[0.283s] DEBUG:colcon.colcon_installed_package_information.package_discovery:Found 3 installed packages in /home/gyattbot/FinalYearProject/install
[0.289s] DEBUG:colcon.colcon_installed_package_information.package_discovery:Found 382 installed packages in /opt/ros/jazzy
[0.297s] Level 1:colcon.colcon_core.package_discovery:discover_packages(prefix_path) using defaults
[0.384s] Level 5:colcon.colcon_core.verb:set package 'diffdrive_arduino' build argument 'cmake_args' from command line to 'None'
[0.384s] Level 5:colcon.colcon_core.verb:set package 'diffdrive_arduino' build argument 'cmake_target' from command line to 'None'
[0.385s] Level 5:colcon.colcon_core.verb:set package 'diffdrive_arduino' build argument 'cmake_target_skip_unavailable' from command line to 'False'
[0.385s] Level 5:colcon.colcon_core.verb:set package 'diffdrive_arduino' build argument 'cmake_clean_cache' from command line to 'False'
[0.385s] Level 5:colcon.colcon_core.verb:set package 'diffdrive_arduino' build argument 'cmake_clean_first' from command line to 'False'
[0.385s] Level 5:colcon.colcon_core.verb:set package 'diffdrive_arduino' build argument 'cmake_force_configure' from command line to 'False'
[0.385s] Level 5:colcon.colcon_core.verb:set package 'diffdrive_arduino' build argument 'ament_cmake_args' from command line to 'None'
[0.385s] Level 5:colcon.colcon_core.verb:set package 'diffdrive_arduino' build argument 'catkin_cmake_args' from command line to 'None'
[0.385s] Level 5:colcon.colcon_core.verb:set package 'diffdrive_arduino' build argument 'catkin_skip_building_tests' from command line to 'False'
[0.385s] DEBUG:colcon.colcon_core.verb:Building package 'diffdrive_arduino' with the following arguments: {'ament_cmake_args': None, 'build_base': '/home/gyattbot/FinalYearProject/build/diffdrive_arduino', 'catkin_cmake_args': None, 'catkin_skip_building_tests': False, 'cmake_args': None, 'cmake_clean_cache': False, 'cmake_clean_first': False, 'cmake_force_configure': False, 'cmake_target': None, 'cmake_target_skip_unavailable': False, 'install_base': '/home/gyattbot/FinalYearProject/install/diffdrive_arduino', 'merge_install': False, 'path': '/home/gyattbot/FinalYearProject/src/diffdrive_arduino', 'symlink_install': True, 'test_result_base': None}
[0.385s] Level 5:colcon.colcon_core.verb:set package 'robot_description' build argument 'cmake_args' from command line to 'None'
[0.385s] Level 5:colcon.colcon_core.verb:set package 'robot_description' build argument 'cmake_target' from command line to 'None'
[0.385s] Level 5:colcon.colcon_core.verb:set package 'robot_description' build argument 'cmake_target_skip_unavailable' from command line to 'False'
[0.385s] Level 5:colcon.colcon_core.verb:set package 'robot_description' build argument 'cmake_clean_cache' from command line to 'False'
[0.385s] Level 5:colcon.colcon_core.verb:set package 'robot_description' build argument 'cmake_clean_first' from command line to 'False'
[0.385s] Level 5:colcon.colcon_core.verb:set package 'robot_description' build argument 'cmake_force_configure' from command line to 'False'
[0.385s] Level 5:colcon.colcon_core.verb:set package 'robot_description' build argument 'ament_cmake_args' from command line to 'None'
[0.385s] Level 5:colcon.colcon_core.verb:set package 'robot_description' build argument 'catkin_cmake_args' from command line to 'None'
[0.385s] Level 5:colcon.colcon_core.verb:set package 'robot_description' build argument 'catkin_skip_building_tests' from command line to 'False'
[0.385s] DEBUG:colcon.colcon_core.verb:Building package 'robot_description' with the following arguments: {'ament_cmake_args': None, 'build_base': '/home/gyattbot/FinalYearProject/build/robot_description', 'catkin_cmake_args': None, 'catkin_skip_building_tests': False, 'cmake_args': None, 'cmake_clean_cache': False, 'cmake_clean_first': False, 'cmake_force_configure': False, 'cmake_target': None, 'cmake_target_skip_unavailable': False, 'install_base': '/home/gyattbot/FinalYearProject/install/robot_description', 'merge_install': False, 'path': '/home/gyattbot/FinalYearProject/src/robot_description', 'symlink_install': True, 'test_result_base': None}
[0.386s] Level 5:colcon.colcon_core.verb:set package 'serial' build argument 'cmake_args' from command line to 'None'
[0.386s] Level 5:colcon.colcon_core.verb:set package 'serial' build argument 'cmake_target' from command line to 'None'
[0.386s] Level 5:colcon.colcon_core.verb:set package 'serial' build argument 'cmake_target_skip_unavailable' from command line to 'False'
[0.386s] Level 5:colcon.colcon_core.verb:set package 'serial' build argument 'cmake_clean_cache' from command line to 'False'
[0.386s] Level 5:colcon.colcon_core.verb:set package 'serial' build argument 'cmake_clean_first' from command line to 'False'
[0.386s] Level 5:colcon.colcon_core.verb:set package 'serial' build argument 'cmake_force_configure' from command line to 'False'
[0.386s] Level 5:colcon.colcon_core.verb:set package 'serial' build argument 'ament_cmake_args' from command line to 'None'
[0.386s] Level 5:colcon.colcon_core.verb:set package 'serial' build argument 'catkin_cmake_args' from command line to 'None'
[0.386s] Level 5:colcon.colcon_core.verb:set package 'serial' build argument 'catkin_skip_building_tests' from command line to 'False'
[0.386s] DEBUG:colcon.colcon_core.verb:Building package 'serial' with the following arguments: {'ament_cmake_args': None, 'build_base': '/home/gyattbot/FinalYearProject/build/serial', 'catkin_cmake_args': None, 'catkin_skip_building_tests': False, 'cmake_args': None, 'cmake_clean_cache': False, 'cmake_clean_first': False, 'cmake_force_configure': False, 'cmake_target': None, 'cmake_target_skip_unavailable': False, 'install_base': '/home/gyattbot/FinalYearProject/install/serial', 'merge_install': False, 'path': '/home/gyattbot/FinalYearProject/src/serial', 'symlink_install': True, 'test_result_base': None}
[0.386s] INFO:colcon.colcon_core.executor:Executing jobs using 'parallel' executor
[0.387s] DEBUG:colcon.colcon_parallel_executor.executor.parallel:run_until_complete
[0.388s] INFO:colcon.colcon_ros.task.ament_cmake.build:Building ROS package in '/home/gyattbot/FinalYearProject/src/diffdrive_arduino' with build type 'ament_cmake'
[0.388s] INFO:colcon.colcon_cmake.task.cmake.build:Building CMake package in '/home/gyattbot/FinalYearProject/src/diffdrive_arduino'
[0.396s] INFO:colcon.colcon_core.plugin_system:Skipping extension 'colcon_core.shell.bat': Not used on non-Windows systems
[0.397s] INFO:colcon.colcon_core.shell:Skip shell extension 'powershell' for command environment: Not usable outside of PowerShell
[0.397s] DEBUG:colcon.colcon_core.shell:Skip shell extension 'dsv' for command environment
[0.407s] INFO:colcon.colcon_ros.task.ament_cmake.build:Building ROS package in '/home/gyattbot/FinalYearProject/src/robot_description' with build type 'ament_cmake'
[0.408s] INFO:colcon.colcon_cmake.task.cmake.build:Building CMake package in '/home/gyattbot/FinalYearProject/src/robot_description'
[0.409s] INFO:colcon.colcon_core.shell:Skip shell extension 'powershell' for command environment: Not usable outside of PowerShell
[0.410s] DEBUG:colcon.colcon_core.shell:Skip shell extension 'dsv' for command environment
[0.426s] INFO:colcon.colcon_ros.task.ament_cmake.build:Building ROS package in '/home/gyattbot/FinalYearProject/src/serial' with build type 'ament_cmake'
[0.427s] INFO:colcon.colcon_cmake.task.cmake.build:Building CMake package in '/home/gyattbot/FinalYearProject/src/serial'
[0.427s] INFO:colcon.colcon_core.shell:Skip shell extension 'powershell' for command environment: Not usable outside of PowerShell
[0.427s] DEBUG:colcon.colcon_core.shell:Skip shell extension 'dsv' for command environment
[0.457s] DEBUG:colcon.colcon_core.event_handler.log_command:Invoking command in '/home/gyattbot/FinalYearProject/build/diffdrive_arduino': CMAKE_PREFIX_PATH=${CMAKE_PREFIX_PATH}:/home/gyattbot/FinalYearProject/install/camera:/opt/ros/jazzy DEBUGINFOD_URLS=https://debuginfod.ubuntu.com /usr/bin/cmake --build /home/gyattbot/FinalYearProject/build/diffdrive_arduino -- -j4 -l4
[0.463s] DEBUG:colcon.colcon_core.event_handler.log_command:Invoking command in '/home/gyattbot/FinalYearProject/build/robot_description': CMAKE_PREFIX_PATH=${CMAKE_PREFIX_PATH}:/home/gyattbot/FinalYearProject/install/camera:/opt/ros/jazzy DEBUGINFOD_URLS=https://debuginfod.ubuntu.com /usr/bin/cmake --build /home/gyattbot/FinalYearProject/build/robot_description -- -j4 -l4
[0.486s] DEBUG:colcon.colcon_core.event_handler.log_command:Invoking command in '/home/gyattbot/FinalYearProject/build/serial': CMAKE_PREFIX_PATH=${CMAKE_PREFIX_PATH}:/home/gyattbot/FinalYearProject/install/camera:/opt/ros/jazzy DEBUGINFOD_URLS=https://debuginfod.ubuntu.com /usr/bin/cmake --build /home/gyattbot/FinalYearProject/build/serial -- -j4 -l4
[0.589s] DEBUG:colcon.colcon_core.event_handler.log_command:Invoked command in '/home/gyattbot/FinalYearProject/build/robot_description' returned '0': CMAKE_PREFIX_PATH=${CMAKE_PREFIX_PATH}:/home/gyattbot/FinalYearProject/install/camera:/opt/ros/jazzy DEBUGINFOD_URLS=https://debuginfod.ubuntu.com /usr/bin/cmake --build /home/gyattbot/FinalYearProject/build/robot_description -- -j4 -l4
[0.634s] DEBUG:colcon.colcon_core.event_handler.log_command:Invoking command in '/home/gyattbot/FinalYearProject/build/robot_description': CMAKE_PREFIX_PATH=${CMAKE_PREFIX_PATH}:/home/gyattbot/FinalYearProject/install/camera:/opt/ros/jazzy DEBUGINFOD_URLS=https://debuginfod.ubuntu.com /usr/bin/cmake --install /home/gyattbot/FinalYearProject/build/robot_description
[0.671s] DEBUG:colcon.colcon_core.event_handler.log_command:Invoked command in '/home/gyattbot/FinalYearProject/build/diffdrive_arduino' returned '0': CMAKE_PREFIX_PATH=${CMAKE_PREFIX_PATH}:/home/gyattbot/FinalYearProject/install/camera:/opt/ros/jazzy DEBUGINFOD_URLS=https://debuginfod.ubuntu.com /usr/bin/cmake --build /home/gyattbot/FinalYearProject/build/diffdrive_arduino -- -j4 -l4
[0.672s] DEBUG:colcon.colcon_core.event_handler.log_command:Invoking command in '/home/gyattbot/FinalYearProject/build/diffdrive_arduino': CMAKE_PREFIX_PATH=${CMAKE_PREFIX_PATH}:/home/gyattbot/FinalYearProject/install/camera:/opt/ros/jazzy DEBUGINFOD_URLS=https://debuginfod.ubuntu.com /usr/bin/cmake --install /home/gyattbot/FinalYearProject/build/diffdrive_arduino
[0.713s] Level 1:colcon.colcon_core.environment:create_environment_scripts_only(robot_description)
[0.715s] DEBUG:colcon.colcon_core.event_handler.log_command:Invoked command in '/home/gyattbot/FinalYearProject/build/robot_description' returned '0': CMAKE_PREFIX_PATH=${CMAKE_PREFIX_PATH}:/home/gyattbot/FinalYearProject/install/camera:/opt/ros/jazzy DEBUGINFOD_URLS=https://debuginfod.ubuntu.com /usr/bin/cmake --install /home/gyattbot/FinalYearProject/build/robot_description
[0.723s] Level 1:colcon.colcon_core.environment:checking '/home/gyattbot/FinalYearProject/install/robot_description' for CMake module files
[0.726s] Level 1:colcon.colcon_core.environment:checking '/home/gyattbot/FinalYearProject/install/robot_description' for CMake config files
[0.727s] Level 1:colcon.colcon_core.shell:create_environment_hook('robot_description', 'cmake_prefix_path')
[0.728s] INFO:colcon.colcon_core.shell:Creating environment hook '/home/gyattbot/FinalYearProject/install/robot_description/share/robot_description/hook/cmake_prefix_path.ps1'
[0.730s] INFO:colcon.colcon_core.shell:Creating environment descriptor '/home/gyattbot/FinalYearProject/install/robot_description/share/robot_description/hook/cmake_prefix_path.dsv'
[0.733s] INFO:colcon.colcon_core.shell:Creating environment hook '/home/gyattbot/FinalYearProject/install/robot_description/share/robot_description/hook/cmake_prefix_path.sh'
[0.735s] Level 1:colcon.colcon_core.environment:checking '/home/gyattbot/FinalYearProject/install/robot_description/bin'
[0.735s] Level 1:colcon.colcon_core.environment:checking '/home/gyattbot/FinalYearProject/install/robot_description/lib/pkgconfig/robot_description.pc'
[0.735s] Level 1:colcon.colcon_core.environment:checking '/home/gyattbot/FinalYearProject/install/robot_description/lib/python3.12/site-packages'
[0.736s] Level 1:colcon.colcon_core.environment:checking '/home/gyattbot/FinalYearProject/install/robot_description/bin'
[0.737s] INFO:colcon.colcon_core.shell:Creating package script '/home/gyattbot/FinalYearProject/install/robot_description/share/robot_description/package.ps1'
[0.738s] INFO:colcon.colcon_core.shell:Creating package descriptor '/home/gyattbot/FinalYearProject/install/robot_description/share/robot_description/package.dsv'
[0.740s] INFO:colcon.colcon_core.shell:Creating package script '/home/gyattbot/FinalYearProject/install/robot_description/share/robot_description/package.sh'
[0.742s] INFO:colcon.colcon_core.shell:Creating package script '/home/gyattbot/FinalYearProject/install/robot_description/share/robot_description/package.bash'
[0.745s] INFO:colcon.colcon_core.shell:Creating package script '/home/gyattbot/FinalYearProject/install/robot_description/share/robot_description/package.zsh'
[0.746s] Level 1:colcon.colcon_core.environment:create_file_with_runtime_dependencies(/home/gyattbot/FinalYearProject/install/robot_description/share/colcon-core/packages/robot_description)
[0.748s] Level 1:colcon.colcon_core.environment:create_environment_scripts_only(robot_description)
[0.749s] Level 1:colcon.colcon_core.environment:checking '/home/gyattbot/FinalYearProject/install/robot_description' for CMake module files
[0.751s] Level 1:colcon.colcon_core.environment:checking '/home/gyattbot/FinalYearProject/install/robot_description' for CMake config files
[0.752s] Level 1:colcon.colcon_core.shell:create_environment_hook('robot_description', 'cmake_prefix_path')
[0.752s] INFO:colcon.colcon_core.shell:Creating environment hook '/home/gyattbot/FinalYearProject/install/robot_description/share/robot_description/hook/cmake_prefix_path.ps1'
[0.754s] INFO:colcon.colcon_core.shell:Creating environment descriptor '/home/gyattbot/FinalYearProject/install/robot_description/share/robot_description/hook/cmake_prefix_path.dsv'
[0.755s] INFO:colcon.colcon_core.shell:Creating environment hook '/home/gyattbot/FinalYearProject/install/robot_description/share/robot_description/hook/cmake_prefix_path.sh'
[0.756s] Level 1:colcon.colcon_core.environment:checking '/home/gyattbot/FinalYearProject/install/robot_description/bin'
[0.756s] Level 1:colcon.colcon_core.environment:checking '/home/gyattbot/FinalYearProject/install/robot_description/lib/pkgconfig/robot_description.pc'
[0.757s] Level 1:colcon.colcon_core.environment:checking '/home/gyattbot/FinalYearProject/install/robot_description/lib/python3.12/site-packages'
[0.757s] Level 1:colcon.colcon_core.environment:checking '/home/gyattbot/FinalYearProject/install/robot_description/bin'
[0.758s] INFO:colcon.colcon_core.shell:Creating package script '/home/gyattbot/FinalYearProject/install/robot_description/share/robot_description/package.ps1'
[0.759s] INFO:colcon.colcon_core.shell:Creating package descriptor '/home/gyattbot/FinalYearProject/install/robot_description/share/robot_description/package.dsv'
[0.760s] INFO:colcon.colcon_core.shell:Creating package script '/home/gyattbot/FinalYearProject/install/robot_description/share/robot_description/package.sh'
[0.763s] INFO:colcon.colcon_core.shell:Creating package script '/home/gyattbot/FinalYearProject/install/robot_description/share/robot_description/package.bash'
[0.764s] INFO:colcon.colcon_core.shell:Creating package script '/home/gyattbot/FinalYearProject/install/robot_description/share/robot_description/package.zsh'
[0.765s] Level 1:colcon.colcon_core.environment:create_file_with_runtime_dependencies(/home/gyattbot/FinalYearProject/install/robot_description/share/colcon-core/packages/robot_description)
[0.770s] Level 1:colcon.colcon_core.environment:create_environment_scripts_only(diffdrive_arduino)
[0.773s] Level 1:colcon.colcon_core.environment:checking '/home/gyattbot/FinalYearProject/install/diffdrive_arduino' for CMake module files
[0.774s] DEBUG:colcon.colcon_core.event_handler.log_command:Invoked command in '/home/gyattbot/FinalYearProject/build/diffdrive_arduino' returned '0': CMAKE_PREFIX_PATH=${CMAKE_PREFIX_PATH}:/home/gyattbot/FinalYearProject/install/camera:/opt/ros/jazzy DEBUGINFOD_URLS=https://debuginfod.ubuntu.com /usr/bin/cmake --install /home/gyattbot/FinalYearProject/build/diffdrive_arduino
[0.778s] Level 1:colcon.colcon_core.environment:checking '/home/gyattbot/FinalYearProject/install/diffdrive_arduino' for CMake config files
[0.778s] Level 1:colcon.colcon_core.shell:create_environment_hook('diffdrive_arduino', 'cmake_prefix_path')
[0.779s] INFO:colcon.colcon_core.shell:Creating environment hook '/home/gyattbot/FinalYearProject/install/diffdrive_arduino/share/diffdrive_arduino/hook/cmake_prefix_path.ps1'
[0.783s] INFO:colcon.colcon_core.shell:Creating environment descriptor '/home/gyattbot/FinalYearProject/install/diffdrive_arduino/share/diffdrive_arduino/hook/cmake_prefix_path.dsv'
[0.785s] INFO:colcon.colcon_core.shell:Creating environment hook '/home/gyattbot/FinalYearProject/install/diffdrive_arduino/share/diffdrive_arduino/hook/cmake_prefix_path.sh'
[0.787s] Level 1:colcon.colcon_core.environment:checking '/home/gyattbot/FinalYearProject/install/diffdrive_arduino/lib'
[0.787s] Level 1:colcon.colcon_core.shell:create_environment_hook('diffdrive_arduino', 'ld_library_path_lib')
[0.788s] INFO:colcon.colcon_core.shell:Creating environment hook '/home/gyattbot/FinalYearProject/install/diffdrive_arduino/share/diffdrive_arduino/hook/ld_library_path_lib.ps1'
[0.789s] INFO:colcon.colcon_core.shell:Creating environment descriptor '/home/gyattbot/FinalYearProject/install/diffdrive_arduino/share/diffdrive_arduino/hook/ld_library_path_lib.dsv'
[0.790s] INFO:colcon.colcon_core.shell:Creating environment hook '/home/gyattbot/FinalYearProject/install/diffdrive_arduino/share/diffdrive_arduino/hook/ld_library_path_lib.sh'
[0.791s] Level 1:colcon.colcon_core.environment:checking '/home/gyattbot/FinalYearProject/install/diffdrive_arduino/bin'
[0.791s] Level 1:colcon.colcon_core.environment:checking '/home/gyattbot/FinalYearProject/install/diffdrive_arduino/lib/pkgconfig/diffdrive_arduino.pc'
[0.791s] Level 1:colcon.colcon_core.environment:checking '/home/gyattbot/FinalYearProject/install/diffdrive_arduino/lib/python3.12/site-packages'
[0.792s] Level 1:colcon.colcon_core.environment:checking '/home/gyattbot/FinalYearProject/install/diffdrive_arduino/bin'
[0.792s] INFO:colcon.colcon_core.shell:Creating package script '/home/gyattbot/FinalYearProject/install/diffdrive_arduino/share/diffdrive_arduino/package.ps1'
[0.793s] INFO:colcon.colcon_core.shell:Creating package descriptor '/home/gyattbot/FinalYearProject/install/diffdrive_arduino/share/diffdrive_arduino/package.dsv'
[0.794s] INFO:colcon.colcon_core.shell:Creating package script '/home/gyattbot/FinalYearProject/install/diffdrive_arduino/share/diffdrive_arduino/package.sh'
[0.795s] INFO:colcon.colcon_core.shell:Creating package script '/home/gyattbot/FinalYearProject/install/diffdrive_arduino/share/diffdrive_arduino/package.bash'
[0.795s] INFO:colcon.colcon_core.shell:Creating package script '/home/gyattbot/FinalYearProject/install/diffdrive_arduino/share/diffdrive_arduino/package.zsh'
[0.796s] Level 1:colcon.colcon_core.environment:create_file_with_runtime_dependencies(/home/gyattbot/FinalYearProject/install/diffdrive_arduino/share/colcon-core/packages/diffdrive_arduino)
[0.798s] Level 1:colcon.colcon_core.environment:create_environment_scripts_only(diffdrive_arduino)
[0.798s] Level 1:colcon.colcon_core.environment:checking '/home/gyattbot/FinalYearProject/install/diffdrive_arduino' for CMake module files
[0.799s] Level 1:colcon.colcon_core.environment:checking '/home/gyattbot/FinalYearProject/install/diffdrive_arduino' for CMake config files
[0.799s] Level 1:colcon.colcon_core.shell:create_environment_hook('diffdrive_arduino', 'cmake_prefix_path')
[0.799s] INFO:colcon.colcon_core.shell:Creating environment hook '/home/gyattbot/FinalYearProject/install/diffdrive_arduino/share/diffdrive_arduino/hook/cmake_prefix_path.ps1'
[0.800s] INFO:colcon.colcon_core.shell:Creating environment descriptor '/home/gyattbot/FinalYearProject/install/diffdrive_arduino/share/diffdrive_arduino/hook/cmake_prefix_path.dsv'
[0.801s] INFO:colcon.colcon_core.shell:Creating environment hook '/home/gyattbot/FinalYearProject/install/diffdrive_arduino/share/diffdrive_arduino/hook/cmake_prefix_path.sh'
[0.802s] Level 1:colcon.colcon_core.environment:checking '/home/gyattbot/FinalYearProject/install/diffdrive_arduino/lib'
[0.802s] Level 1:colcon.colcon_core.shell:create_environment_hook('diffdrive_arduino', 'ld_library_path_lib')
[0.802s] INFO:colcon.colcon_core.shell:Creating environment hook '/home/gyattbot/FinalYearProject/install/diffdrive_arduino/share/diffdrive_arduino/hook/ld_library_path_lib.ps1'
[0.803s] INFO:colcon.colcon_core.shell:Creating environment descriptor '/home/gyattbot/FinalYearProject/install/diffdrive_arduino/share/diffdrive_arduino/hook/ld_library_path_lib.dsv'
[0.803s] INFO:colcon.colcon_core.shell:Creating environment hook '/home/gyattbot/FinalYearProject/install/diffdrive_arduino/share/diffdrive_arduino/hook/ld_library_path_lib.sh'
[0.805s] Level 1:colcon.colcon_core.environment:checking '/home/gyattbot/FinalYearProject/install/diffdrive_arduino/bin'
[0.806s] Level 1:colcon.colcon_core.environment:checking '/home/gyattbot/FinalYearProject/install/diffdrive_arduino/lib/pkgconfig/diffdrive_arduino.pc'
[0.808s] Level 1:colcon.colcon_core.environment:checking '/home/gyattbot/FinalYearProject/install/diffdrive_arduino/lib/python3.12/site-packages'
[0.808s] Level 1:colcon.colcon_core.environment:checking '/home/gyattbot/FinalYearProject/install/diffdrive_arduino/bin'
[0.809s] INFO:colcon.colcon_core.shell:Creating package script '/home/gyattbot/FinalYearProject/install/diffdrive_arduino/share/diffdrive_arduino/package.ps1'
[0.815s] INFO:colcon.colcon_core.shell:Creating package descriptor '/home/gyattbot/FinalYearProject/install/diffdrive_arduino/share/diffdrive_arduino/package.dsv'
[0.818s] INFO:colcon.colcon_core.shell:Creating package script '/home/gyattbot/FinalYearProject/install/diffdrive_arduino/share/diffdrive_arduino/package.sh'
[0.820s] INFO:colcon.colcon_core.shell:Creating package script '/home/gyattbot/FinalYearProject/install/diffdrive_arduino/share/diffdrive_arduino/package.bash'
[0.821s] INFO:colcon.colcon_core.shell:Creating package script '/home/gyattbot/FinalYearProject/install/diffdrive_arduino/share/diffdrive_arduino/package.zsh'
[0.825s] Level 1:colcon.colcon_core.environment:create_file_with_runtime_dependencies(/home/gyattbot/FinalYearProject/install/diffdrive_arduino/share/colcon-core/packages/diffdrive_arduino)
[0.828s] DEBUG:colcon.colcon_core.event_handler.log_command:Invoked command in '/home/gyattbot/FinalYearProject/build/serial' returned '0': CMAKE_PREFIX_PATH=${CMAKE_PREFIX_PATH}:/home/gyattbot/FinalYearProject/install/camera:/opt/ros/jazzy DEBUGINFOD_URLS=https://debuginfod.ubuntu.com /usr/bin/cmake --build /home/gyattbot/FinalYearProject/build/serial -- -j4 -l4
[0.838s] DEBUG:colcon.colcon_core.event_handler.log_command:Invoking command in '/home/gyattbot/FinalYearProject/build/serial': CMAKE_PREFIX_PATH=${CMAKE_PREFIX_PATH}:/home/gyattbot/FinalYearProject/install/camera:/opt/ros/jazzy DEBUGINFOD_URLS=https://debuginfod.ubuntu.com /usr/bin/cmake --install /home/gyattbot/FinalYearProject/build/serial
[0.886s] Level 1:colcon.colcon_core.environment:create_environment_scripts_only(serial)
[0.886s] Level 1:colcon.colcon_core.environment:checking '/home/gyattbot/FinalYearProject/install/serial' for CMake module files
[0.887s] DEBUG:colcon.colcon_core.event_handler.log_command:Invoked command in '/home/gyattbot/FinalYearProject/build/serial' returned '0': CMAKE_PREFIX_PATH=${CMAKE_PREFIX_PATH}:/home/gyattbot/FinalYearProject/install/camera:/opt/ros/jazzy DEBUGINFOD_URLS=https://debuginfod.ubuntu.com /usr/bin/cmake --install /home/gyattbot/FinalYearProject/build/serial
[0.887s] Level 1:colcon.colcon_core.environment:checking '/home/gyattbot/FinalYearProject/install/serial' for CMake config files
[0.887s] Level 1:colcon.colcon_core.shell:create_environment_hook('serial', 'cmake_prefix_path')
[0.888s] INFO:colcon.colcon_core.shell:Creating environment hook '/home/gyattbot/FinalYearProject/install/serial/share/serial/hook/cmake_prefix_path.ps1'
[0.888s] INFO:colcon.colcon_core.shell:Creating environment descriptor '/home/gyattbot/FinalYearProject/install/serial/share/serial/hook/cmake_prefix_path.dsv'
[0.889s] INFO:colcon.colcon_core.shell:Creating environment hook '/home/gyattbot/FinalYearProject/install/serial/share/serial/hook/cmake_prefix_path.sh'
[0.890s] Level 1:colcon.colcon_core.environment:checking '/home/gyattbot/FinalYearProject/install/serial/lib'
[0.891s] Level 1:colcon.colcon_core.environment:checking '/home/gyattbot/FinalYearProject/install/serial/bin'
[0.891s] Level 1:colcon.colcon_core.environment:checking '/home/gyattbot/FinalYearProject/install/serial/lib/pkgconfig/serial.pc'
[0.893s] Level 1:colcon.colcon_core.environment:checking '/home/gyattbot/FinalYearProject/install/serial/lib/python3.12/site-packages'
[0.894s] Level 1:colcon.colcon_core.environment:checking '/home/gyattbot/FinalYearProject/install/serial/bin'
[0.894s] INFO:colcon.colcon_core.shell:Creating package script '/home/gyattbot/FinalYearProject/install/serial/share/serial/package.ps1'
[0.898s] INFO:colcon.colcon_core.shell:Creating package descriptor '/home/gyattbot/FinalYearProject/install/serial/share/serial/package.dsv'
[0.902s] INFO:colcon.colcon_core.shell:Creating package script '/home/gyattbot/FinalYearProject/install/serial/share/serial/package.sh'
[0.905s] INFO:colcon.colcon_core.shell:Creating package script '/home/gyattbot/FinalYearProject/install/serial/share/serial/package.bash'
[0.906s] INFO:colcon.colcon_core.shell:Creating package script '/home/gyattbot/FinalYearProject/install/serial/share/serial/package.zsh'
[0.907s] Level 1:colcon.colcon_core.environment:create_file_with_runtime_dependencies(/home/gyattbot/FinalYearProject/install/serial/share/colcon-core/packages/serial)
[0.908s] Level 1:colcon.colcon_core.environment:create_environment_scripts_only(serial)
[0.910s] Level 1:colcon.colcon_core.environment:checking '/home/gyattbot/FinalYearProject/install/serial' for CMake module files
[0.912s] Level 1:colcon.colcon_core.environment:checking '/home/gyattbot/FinalYearProject/install/serial' for CMake config files
[0.913s] Level 1:colcon.colcon_core.shell:create_environment_hook('serial', 'cmake_prefix_path')
[0.913s] INFO:colcon.colcon_core.shell:Creating environment hook '/home/gyattbot/FinalYearProject/install/serial/share/serial/hook/cmake_prefix_path.ps1'
[0.914s] INFO:colcon.colcon_core.shell:Creating environment descriptor '/home/gyattbot/FinalYearProject/install/serial/share/serial/hook/cmake_prefix_path.dsv'
[0.915s] INFO:colcon.colcon_core.shell:Creating environment hook '/home/gyattbot/FinalYearProject/install/serial/share/serial/hook/cmake_prefix_path.sh'
[0.917s] Level 1:colcon.colcon_core.environment:checking '/home/gyattbot/FinalYearProject/install/serial/lib'
[0.917s] Level 1:colcon.colcon_core.environment:checking '/home/gyattbot/FinalYearProject/install/serial/bin'
[0.917s] Level 1:colcon.colcon_core.environment:checking '/home/gyattbot/FinalYearProject/install/serial/lib/pkgconfig/serial.pc'
[0.917s] Level 1:colcon.colcon_core.environment:checking '/home/gyattbot/FinalYearProject/install/serial/lib/python3.12/site-packages'
[0.917s] Level 1:colcon.colcon_core.environment:checking '/home/gyattbot/FinalYearProject/install/serial/bin'
[0.918s] INFO:colcon.colcon_core.shell:Creating package script '/home/gyattbot/FinalYearProject/install/serial/share/serial/package.ps1'
[0.918s] INFO:colcon.colcon_core.shell:Creating package descriptor '/home/gyattbot/FinalYearProject/install/serial/share/serial/package.dsv'
[0.919s] INFO:colcon.colcon_core.shell:Creating package script '/home/gyattbot/FinalYearProject/install/serial/share/serial/package.sh'
[0.920s] INFO:colcon.colcon_core.shell:Creating package script '/home/gyattbot/FinalYearProject/install/serial/share/serial/package.bash'
[0.921s] INFO:colcon.colcon_core.shell:Creating package script '/home/gyattbot/FinalYearProject/install/serial/share/serial/package.zsh'
[0.922s] Level 1:colcon.colcon_core.environment:create_file_with_runtime_dependencies(/home/gyattbot/FinalYearProject/install/serial/share/colcon-core/packages/serial)
[0.922s] DEBUG:colcon.colcon_parallel_executor.executor.parallel:closing loop
[0.923s] DEBUG:colcon.colcon_parallel_executor.executor.parallel:loop closed
[0.923s] DEBUG:colcon.colcon_parallel_executor.executor.parallel:run_until_complete finished with '0'
[0.923s] DEBUG:colcon.colcon_core.event_reactor:joining thread
[0.931s] INFO:colcon.colcon_core.plugin_system:Skipping extension 'colcon_notification.desktop_notification.terminal_notifier': Not used on non-Darwin systems
[0.931s] INFO:colcon.colcon_core.plugin_system:Skipping extension 'colcon_notification.desktop_notification.win32': Not used on non-Windows systems
[0.931s] INFO:colcon.colcon_notification.desktop_notification:Sending desktop notification using 'notify2'
[0.965s] DEBUG:colcon.colcon_core.event_reactor:joined thread
[0.968s] INFO:colcon.colcon_core.shell:Creating prefix script '/home/gyattbot/FinalYearProject/install/local_setup.ps1'
[0.970s] INFO:colcon.colcon_core.shell:Creating prefix util module '/home/gyattbot/FinalYearProject/install/_local_setup_util_ps1.py'
[0.972s] INFO:colcon.colcon_core.shell:Creating prefix chain script '/home/gyattbot/FinalYearProject/install/setup.ps1'
[0.973s] INFO:colcon.colcon_core.shell:Creating prefix script '/home/gyattbot/FinalYearProject/install/local_setup.sh'
[0.976s] INFO:colcon.colcon_core.shell:Creating prefix util module '/home/gyattbot/FinalYearProject/install/_local_setup_util_sh.py'
[0.977s] INFO:colcon.colcon_core.shell:Creating prefix chain script '/home/gyattbot/FinalYearProject/install/setup.sh'
[0.979s] INFO:colcon.colcon_core.shell:Creating prefix script '/home/gyattbot/FinalYearProject/install/local_setup.bash'
[0.980s] INFO:colcon.colcon_core.shell:Creating prefix chain script '/home/gyattbot/FinalYearProject/install/setup.bash'
[0.982s] INFO:colcon.colcon_core.shell:Creating prefix script '/home/gyattbot/FinalYearProject/install/local_setup.zsh'
[0.983s] INFO:colcon.colcon_core.shell:Creating prefix chain script '/home/gyattbot/FinalYearProject/install/setup.zsh'
